2016-04-04 16:26:13.562	INFO	start ArmWeightBlooming1
2016-04-04 16:26:17.256	WARN	заготовка не выбрана	weight -> 3,042
2016-04-04 16:26:18.260	WARN	заготовка не выбрана	weight -> 8,155
2016-04-04 16:26:20.465	WARN	заготовка не выбрана	weight -> 7,320
2016-04-04 16:26:21.469	WARN	заготовка не выбрана	weight -> 1,813
2016-04-04 16:26:22.473	WARN	заготовка не выбрана	weight -> 0,588
2016-04-04 16:26:23.478	WARN	заготовка не выбрана	weight -> 1,794
2016-04-04 16:26:24.527	WARN	заготовка не выбрана	weight -> 1,686
2016-04-04 16:26:25.545	WARN	заготовка не выбрана	weight -> 0,547
2016-04-04 16:26:27.767	ERROR	Fno_save | 0 | false 0
2016-04-04 16:26:30.778	ERROR	Fno_save | 0 | false 0
2016-04-04 16:26:31.713	ERROR	EZSQLException sql save to oracle, с сообщением: SQL Error: OCI_ERROR: ORA-00001: unique constraint (ASUTP.PK_CROP) violated
 | INSERT INTO crop
(id_asutp, weight_bloom, date_weight_bloom)
VALUES (40416202109, 0.264,
TO_DATE('2016-04-04 16:26:30', 'yyyy-mm-dd hh24:mi:ss'))

2016-04-04 16:26:34.036	ERROR	Fno_save | 0 | false 0
2016-04-04 16:26:34.894	ERROR	EZSQLException sql save to oracle, с сообщением: SQL Error: OCI_ERROR: ORA-00001: unique constraint (ASUTP.PK_CROP) violated
 | INSERT INTO crop
(id_asutp, weight_bloom, date_weight_bloom)
VALUES (40416202109, 6.084,
TO_DATE('2016-04-04 16:26:34', 'yyyy-mm-dd hh24:mi:ss'))

2016-04-04 16:26:36.155	ERROR	Fno_save | 0 | false 0
2016-04-04 16:26:37.052	ERROR	EZSQLException sql save to oracle, с сообщением: SQL Error: OCI_ERROR: ORA-00001: unique constraint (ASUTP.PK_CROP) violated
 | INSERT INTO crop
(id_asutp, weight_bloom, date_weight_bloom)
VALUES (40416202109, 7.467,
TO_DATE('2016-04-04 16:26:36', 'yyyy-mm-dd hh24:mi:ss'))

2016-04-04 16:26:38.111	ERROR	Fno_save | 0 | false 0
2016-04-04 16:26:39.260	ERROR	EZSQLException sql save to oracle, с сообщением: SQL Error: OCI_ERROR: ORA-00001: unique constraint (ASUTP.PK_CROP) violated
 | INSERT INTO crop
(id_asutp, weight_bloom, date_weight_bloom)
VALUES (40416202109, 6.517,
TO_DATE('2016-04-04 16:26:38', 'yyyy-mm-dd hh24:mi:ss'))

2016-04-04 16:26:40.280	ERROR	Fno_save | 0 | false 0
2016-04-04 16:26:41.420	ERROR	EZSQLException sql save to oracle, с сообщением: SQL Error: OCI_ERROR: ORA-00001: unique constraint (ASUTP.PK_CROP) violated
 | INSERT INTO crop
(id_asutp, weight_bloom, date_weight_bloom)
VALUES (40416202109, 3.755,
TO_DATE('2016-04-04 16:26:40', 'yyyy-mm-dd hh24:mi:ss'))

2016-04-04 16:26:42.274	ERROR	Fno_save | 0 | false 0
2016-04-04 16:26:42.556	ERROR	EZSQLException sql save to oracle, с сообщением: SQL Error: OCI_ERROR: ORA-00001: unique constraint (ASUTP.PK_CROP) violated
 | INSERT INTO crop
(id_asutp, weight_bloom, date_weight_bloom)
VALUES (40416202109, 6.934,
TO_DATE('2016-04-04 16:26:42', 'yyyy-mm-dd hh24:mi:ss'))

2016-04-04 16:26:44.236	INFO	close ArmWeightBlooming1
