2016-04-05 12:41:34.139	INFO	start ArmWeightBlooming1
2016-04-05 12:41:37.771	WARN	заготовка не выбрана	weight -> 8,635
2016-04-05 12:41:38.784	WARN	заготовка не выбрана	weight -> 3,385
2016-04-05 12:41:39.791	WARN	заготовка не выбрана	weight -> 3,099
2016-04-05 12:41:40.798	WARN	заготовка не выбрана	weight -> 3,561
2016-04-05 12:41:43.002	ERROR	Fno_save | 0 | false 0
2016-04-05 12:41:45.117	WARN	заготовка не выбрана	weight -> 7,912
2016-04-05 12:41:46.122	WARN	заготовка не выбрана	weight -> 1,850
2016-04-05 12:41:47.124	WARN	заготовка не выбрана	weight -> 5,208
2016-04-05 12:41:48.130	WARN	заготовка не выбрана	weight -> 3,789
2016-04-05 12:41:51.360	WARN	заготовка не выбрана	weight -> 0,016
2016-04-05 12:41:52.368	WARN	заготовка не выбрана	weight -> 2,119
2016-04-05 12:41:53.380	WARN	заготовка не выбрана	weight -> 0,148
2016-04-05 12:41:53.750	INFO	close ArmWeightBlooming1
2016-04-05 12:43:07.092	INFO	start ArmWeightBlooming1
2016-04-05 12:43:09.597	WARN	заготовка не выбрана	weight -> 1,687
2016-04-05 12:43:10.610	WARN	заготовка не выбрана	weight -> 3,686
2016-04-05 12:43:11.614	WARN	заготовка не выбрана	weight -> 8,309
2016-04-05 12:43:12.454	INFO	close ArmWeightBlooming1
2016-04-05 12:43:19.236	INFO	start ArmWeightBlooming1
2016-04-05 12:43:21.843	WARN	заготовка не выбрана	weight -> 6,947
2016-04-05 12:43:22.846	WARN	заготовка не выбрана	weight -> 2,896
2016-04-05 12:43:23.878	WARN	заготовка не выбрана	weight -> 3,509
2016-04-05 12:43:24.882	WARN	заготовка не выбрана	weight -> 1,074
2016-04-05 12:43:25.886	WARN	заготовка не выбрана	weight -> 6,542
2016-04-05 12:43:29.152	ERROR	Fno_save | 0 | false 0
2016-04-05 12:43:31.169	ERROR	Fno_save | 0 | false 0
2016-04-05 12:43:34.381	ERROR	Fno_save | 0 | false 0
2016-04-05 12:43:35.077	ERROR	EZSQLException sql save to oracle, с сообщением: SQL Error: OCI_ERROR: ORA-00001: unique constraint (ASUTP.PK_CROP) violated
 | INSERT INTO crop
(id_asutp, weight_bloom, date_weight_bloom)
VALUES (50416202703, 2.895,
TO_DATE('2016-04-05 12:43:34', 'yyyy-mm-dd hh24:mi:ss'))

2016-04-05 12:43:36.373	ERROR	Fno_save | 0 | false 0
2016-04-05 12:43:37.389	ERROR	Fno_save | 0 | false 0
2016-04-05 12:43:39.606	ERROR	Fno_save | 0 | false 0
2016-04-05 12:43:40.614	ERROR	Fno_save | 0 | false 0
2016-04-05 12:43:41.615	ERROR	Fno_save | 0 | false 0
2016-04-05 12:43:42.620	ERROR	Fno_save | 0 | false 0
2016-04-05 12:43:43.634	ERROR	Fno_save | 0 | false 0
2016-04-05 12:43:44.849	ERROR	Fno_save | 0 | false 0
2016-04-05 12:43:45.851	ERROR	Fno_save | 0 | false 0
2016-04-05 12:43:46.858	ERROR	Fno_save | 0 | false 0
2016-04-05 12:43:47.871	ERROR	Fno_save | 0 | false 0
2016-04-05 12:43:48.883	ERROR	Fno_save | 0 | false 0
2016-04-05 12:43:49.889	ERROR	Fno_save | 0 | false 0
2016-04-05 12:43:52.094	ERROR	Fno_save | 0 | false 0
2016-04-05 12:43:53.141	ERROR	Fno_save | 0 | false 0
2016-04-05 12:43:54.127	ERROR	Fno_save | 0 | false 0
2016-04-05 12:43:55.145	ERROR	Fno_save | 0 | false 0
2016-04-05 12:43:56.144	ERROR	Fno_save | 0 | false 0
2016-04-05 12:43:57.176	ERROR	Fno_save | 0 | false 0
2016-04-05 12:43:59.379	ERROR	Fno_save | 0 | false 0
2016-04-05 12:44:00.381	ERROR	Fno_save | 0 | false 0
2016-04-05 12:44:01.398	ERROR	Fno_save | 0 | false 0
2016-04-05 12:44:02.402	ERROR	Fno_save | 0 | false 0
2016-04-05 12:44:03.416	ERROR	Fno_save | 0 | false 0
2016-04-05 12:44:05.648	ERROR	Fno_save | 0 | false 0
2016-04-05 12:44:06.654	ERROR	Fno_save | 0 | false 0
2016-04-05 12:44:07.659	ERROR	Fno_save | 0 | false 0
2016-04-05 12:44:08.662	ERROR	Fno_save | 0 | false 0
2016-04-05 12:44:09.683	ERROR	Fno_save | 0 | false 0
2016-04-05 12:44:10.695	ERROR	Fno_save | 0 | false 0
2016-04-05 12:44:11.898	ERROR	Fno_save | 0 | false 0
2016-04-05 12:44:12.906	ERROR	Fno_save | 0 | false 0
2016-04-05 12:44:13.908	ERROR	Fno_save | 0 | false 0
2016-04-05 12:44:14.912	ERROR	Fno_save | 0 | false 0
2016-04-05 12:44:15.917	ERROR	Fno_save | 0 | false 0
2016-04-05 12:44:18.122	ERROR	Fno_save | 0 | false 0
2016-04-05 12:44:19.130	ERROR	Fno_save | 0 | false 0
2016-04-05 12:44:20.146	ERROR	Fno_save | 0 | false 0
2016-04-05 12:44:21.150	ERROR	Fno_save | 0 | false 0
2016-04-05 12:44:22.180	ERROR	Fno_save | 0 | false 0
2016-04-05 12:44:23.184	ERROR	Fno_save | 0 | false 0
2016-04-05 12:44:25.390	ERROR	Fno_save | 0 | false 0
2016-04-05 12:44:26.408	ERROR	Fno_save | 0 | false 0
2016-04-05 12:44:27.395	ERROR	Fno_save | 0 | false 0
2016-04-05 12:44:28.399	ERROR	Fno_save | 0 | false 0
2016-04-05 12:44:30.610	ERROR	Fno_save | 0 | false 0
2016-04-05 12:44:31.617	ERROR	Fno_save | 0 | false 0
2016-04-05 12:44:32.621	ERROR	Fno_save | 0 | false 0
2016-04-05 12:44:33.624	ERROR	Fno_save | 0 | false 0
2016-04-05 12:44:34.631	ERROR	Fno_save | 0 | false 0
2016-04-05 12:44:36.847	ERROR	Fno_save | 0 | false 0
2016-04-05 12:44:37.863	ERROR	Fno_save | 0 | false 0
2016-04-05 12:44:38.870	ERROR	Fno_save | 0 | false 0
2016-04-05 12:44:39.881	ERROR	Fno_save | 0 | false 0
2016-04-05 12:44:40.895	ERROR	Fno_save | 0 | false 0
2016-04-05 12:44:43.131	ERROR	Fno_save | 0 | false 0
2016-04-05 12:44:44.133	ERROR	Fno_save | 0 | false 0
2016-04-05 12:44:45.138	ERROR	Fno_save | 0 | false 0
2016-04-05 12:44:46.144	ERROR	Fno_save | 0 | false 0
2016-04-05 12:44:47.156	ERROR	Fno_save | 0 | false 0
2016-04-05 12:44:49.368	ERROR	Fno_save | 0 | false 0
2016-04-05 12:44:50.371	ERROR	Fno_save | 0 | false 0
2016-04-05 12:44:51.374	ERROR	Fno_save | 0 | false 0
2016-04-05 12:44:52.379	ERROR	Fno_save | 0 | false 0
2016-04-05 12:44:53.382	ERROR	Fno_save | 0 | false 0
2016-04-05 12:44:55.595	ERROR	Fno_save | 0 | false 0
2016-04-05 12:44:56.598	ERROR	Fno_save | 0 | false 0
2016-04-05 12:44:57.601	ERROR	Fno_save | 0 | false 0
2016-04-05 12:44:58.605	ERROR	Fno_save | 0 | false 0
2016-04-05 12:45:01.824	ERROR	Fno_save | 0 | false 0
2016-04-05 12:45:02.826	ERROR	Fno_save | 0 | false 0
2016-04-05 12:45:03.839	ERROR	Fno_save | 0 | false 0
2016-04-05 12:45:04.843	ERROR	Fno_save | 0 | false 0
2016-04-05 12:45:07.060	ERROR	Fno_save | 0 | false 0
2016-04-05 12:45:08.066	ERROR	Fno_save | 0 | false 0
2016-04-05 12:45:09.069	ERROR	Fno_save | 0 | false 0
2016-04-05 12:45:10.085	ERROR	Fno_save | 0 | false 0
2016-04-05 12:45:11.088	ERROR	Fno_save | 0 | false 0
2016-04-05 12:45:13.306	ERROR	Fno_save | 0 | false 0
2016-04-05 12:45:14.310	ERROR	Fno_save | 0 | false 0
2016-04-05 12:45:15.324	ERROR	Fno_save | 0 | false 0
2016-04-05 12:45:16.326	ERROR	Fno_save | 0 | false 0
2016-04-05 12:45:17.339	ERROR	Fno_save | 0 | false 0
2016-04-05 12:45:19.548	ERROR	Fno_save | 0 | false 0
2016-04-05 12:45:20.555	ERROR	Fno_save | 0 | false 0
2016-04-05 12:45:21.560	ERROR	Fno_save | 0 | false 0
2016-04-05 12:45:22.565	ERROR	Fno_save | 0 | false 0
2016-04-05 12:45:23.588	ERROR	Fno_save | 0 | false 0
2016-04-05 12:45:25.799	ERROR	Fno_save | 0 | false 0
2016-04-05 12:45:26.817	ERROR	Fno_save | 0 | false 0
2016-04-05 12:45:27.821	ERROR	Fno_save | 0 | false 0
2016-04-05 12:45:28.839	ERROR	Fno_save | 0 | false 0
2016-04-05 12:45:29.841	ERROR	Fno_save | 0 | false 0
2016-04-05 12:45:32.051	ERROR	Fno_save | 0 | false 0
2016-04-05 12:45:33.054	ERROR	Fno_save | 0 | false 0
2016-04-05 12:45:34.071	ERROR	Fno_save | 0 | false 0
2016-04-05 12:45:35.074	ERROR	Fno_save | 0 | false 0
2016-04-05 12:45:36.078	ERROR	Fno_save | 0 | false 0
2016-04-05 12:45:38.295	ERROR	Fno_save | 0 | false 0
2016-04-05 12:45:39.300	ERROR	Fno_save | 0 | false 0
2016-04-05 12:45:40.304	ERROR	Fno_save | 0 | false 0
2016-04-05 12:45:41.317	ERROR	Fno_save | 0 | false 0
2016-04-05 12:45:42.343	ERROR	Fno_save | 0 | false 0
2016-04-05 12:45:43.353	ERROR	Fno_save | 0 | false 0
2016-04-05 12:45:44.561	ERROR	Fno_save | 0 | false 0
2016-04-05 12:45:45.567	ERROR	Fno_save | 0 | false 0
2016-04-05 12:45:46.571	ERROR	Fno_save | 0 | false 0
2016-04-05 12:45:47.578	ERROR	Fno_save | 0 | false 0
2016-04-05 12:45:48.580	ERROR	Fno_save | 0 | false 0
2016-04-05 12:45:50.790	ERROR	Fno_save | 0 | false 0
2016-04-05 12:45:51.794	ERROR	Fno_save | 0 | false 0
2016-04-05 12:45:52.795	ERROR	Fno_save | 0 | false 0
2016-04-05 12:45:53.798	ERROR	Fno_save | 0 | false 0
2016-04-05 12:45:54.815	ERROR	Fno_save | 0 | false 0
2016-04-05 12:45:57.039	ERROR	Fno_save | 0 | false 0
2016-04-05 12:45:58.052	ERROR	Fno_save | 0 | false 0
2016-04-05 12:45:59.061	ERROR	Fno_save | 0 | false 0
2016-04-05 12:46:00.065	ERROR	Fno_save | 0 | false 0
2016-04-05 12:46:01.071	ERROR	Fno_save | 0 | false 0
2016-04-05 12:47:43.106	INFO	start ArmWeightBlooming1
2016-04-05 12:47:46.433	WARN	заготовка не выбрана	weight -> 6,981
2016-04-05 12:47:47.450	WARN	заготовка не выбрана	weight -> 4,489
2016-04-05 12:47:48.457	WARN	заготовка не выбрана	weight -> 0,061
2016-04-05 12:47:49.473	WARN	заготовка не выбрана	weight -> 6,884
2016-04-05 12:47:50.477	WARN	заготовка не выбрана	weight -> 2,516
2016-04-05 12:47:51.481	WARN	заготовка не выбрана	weight -> 4,089
2016-04-05 12:47:52.555	WARN	заготовка не выбрана	weight -> 2,130
2016-04-05 12:47:53.557	ERROR	Fno_save | 0 | false 0
2016-04-05 12:47:54.751	ERROR	EZSQLException sql save to oracle, с сообщением: SQL Error: OCI_ERROR: ORA-00001: unique constraint (ASUTP.PK_CROP) violated
 | INSERT INTO crop
(id_asutp, weight_bloom, date_weight_bloom)
VALUES (50416202608, 1.504,
TO_DATE('2016-04-05 12:47:54', 'yyyy-mm-dd hh24:mi:ss'))

2016-04-05 12:47:55.792	ERROR	Fno_save | 0 | false 0
2016-04-05 12:47:57.855	ERROR	Fno_save | 0 | false 0
2016-04-05 12:47:58.937	ERROR	EZSQLException sql save to oracle, с сообщением: SQL Error: OCI_ERROR: ORA-00001: unique constraint (ASUTP.PK_CROP) violated
 | INSERT INTO crop
(id_asutp, weight_bloom, date_weight_bloom)
VALUES (50416202702, 4.624,
TO_DATE('2016-04-05 12:47:58', 'yyyy-mm-dd hh24:mi:ss'))

2016-04-05 12:47:59.889	ERROR	Fno_save | 0 | false 0
2016-04-05 12:48:01.094	ERROR	EZSQLException sql save to oracle, с сообщением: SQL Error: OCI_ERROR: ORA-00001: unique constraint (ASUTP.PK_CROP) violated
 | INSERT INTO crop
(id_asutp, weight_bloom, date_weight_bloom)
VALUES (50416202703, 4.906,
TO_DATE('2016-04-05 12:48:00', 'yyyy-mm-dd hh24:mi:ss'))

2016-04-05 12:48:03.096	ERROR	Fno_save | 0 | false 0
2016-04-05 12:48:04.244	ERROR	EZSQLException sql save to oracle, с сообщением: SQL Error: OCI_ERROR: ORA-00001: unique constraint (ASUTP.PK_CROP) violated
 | INSERT INTO crop
(id_asutp, weight_bloom, date_weight_bloom)
VALUES (50416202703, 3.509,
TO_DATE('2016-04-05 12:48:03', 'yyyy-mm-dd hh24:mi:ss'))

2016-04-05 12:48:05.134	ERROR	Fno_save | 0 | false 0
2016-04-05 12:48:06.130	ERROR	Fno_save | 0 | false 0
2016-04-05 12:48:07.134	ERROR	Fno_save | 0 | false 0
2016-04-05 12:48:09.339	ERROR	Fno_save | 0 | false 0
2016-04-05 12:48:10.345	ERROR	Fno_save | 0 | false 0
2016-04-05 12:48:11.350	ERROR	Fno_save | 0 | false 0
2016-04-05 12:48:12.383	ERROR	Fno_save | 0 | false 0
2016-04-05 12:48:13.390	ERROR	Fno_save | 0 | false 0
2016-04-05 12:48:14.586	INFO	close ArmWeightBlooming1
2016-04-05 12:48:14.595	ERROR	Fno_save | 0 | false 0
2016-04-05 12:50:15.628	INFO	start ArmWeightBlooming1
2016-04-05 12:50:18.676	WARN	заготовка не выбрана	weight -> 5,490
2016-04-05 12:50:19.685	WARN	заготовка не выбрана	weight -> 7,647
2016-04-05 12:50:20.704	WARN	заготовка не выбрана	weight -> 7,429
2016-04-05 12:50:22.917	WARN	заготовка не выбрана	weight -> 1,977
2016-04-05 12:50:23.821	WARN	заготовка не выбрана	weight -> 4,494
2016-04-05 12:50:25.010	ERROR	Fno_save | 0 | false 0
2016-04-05 12:50:26.683	ERROR	EZSQLException sql save to oracle, с сообщением: SQL Error: OCI_ERROR: ORA-00001: unique constraint (ASUTP.PK_CROP) violated
 | INSERT INTO crop
(id_asutp, weight_bloom, date_weight_bloom)
VALUES (50416202608, 7.233,
TO_DATE('2016-04-05 12:50:25', 'yyyy-mm-dd hh24:mi:ss'))

2016-04-05 12:50:29.110	ERROR	Fno_save | 0 | false 0
2016-04-05 12:50:29.879	ERROR	EZSQLException sql save to oracle, с сообщением: SQL Error: OCI_ERROR: ORA-00001: unique constraint (ASUTP.PK_CROP) violated
 | INSERT INTO crop
(id_asutp, weight_bloom, date_weight_bloom)
VALUES (50416202701, 1.492,
TO_DATE('2016-04-05 12:50:29', 'yyyy-mm-dd hh24:mi:ss'))

2016-04-05 12:50:31.189	ERROR	Fno_save | 0 | false 0
2016-04-05 12:50:32.023	ERROR	EZSQLException sql save to oracle, с сообщением: SQL Error: OCI_ERROR: ORA-00001: unique constraint (ASUTP.PK_CROP) violated
 | INSERT INTO crop
(id_asutp, weight_bloom, date_weight_bloom)
VALUES (50416202702, 2.579,
TO_DATE('2016-04-05 12:50:31', 'yyyy-mm-dd hh24:mi:ss'))

2016-04-05 12:50:33.235	ERROR	Fno_save | 0 | false 0
2016-04-05 12:50:34.163	ERROR	EZSQLException sql save to oracle, с сообщением: SQL Error: OCI_ERROR: ORA-00001: unique constraint (ASUTP.PK_CROP) violated
 | INSERT INTO crop
(id_asutp, weight_bloom, date_weight_bloom)
VALUES (50416202703, 6.213,
TO_DATE('2016-04-05 12:50:33', 'yyyy-mm-dd hh24:mi:ss'))

2016-04-05 12:50:35.293	ERROR	Fno_save | 0 | false 0
2016-04-05 12:50:36.309	ERROR	EZSQLException sql save to oracle, с сообщением: SQL Error: OCI_ERROR: ORA-00001: unique constraint (ASUTP.PK_CROP) violated
 | INSERT INTO crop
(id_asutp, weight_bloom, date_weight_bloom)
VALUES (50416202703, 8.917,
TO_DATE('2016-04-05 12:50:35', 'yyyy-mm-dd hh24:mi:ss'))

2016-04-05 12:50:37.517	ERROR	Fno_save | 0 | false 0
2016-04-05 12:50:38.532	ERROR	Fno_save | 0 | false 0
2016-04-05 12:50:39.545	ERROR	Fno_save | 0 | false 0
2016-04-05 12:50:40.547	ERROR	Fno_save | 0 | false 0
2016-04-05 12:50:43.777	ERROR	Fno_save | 0 | false 0
2016-04-05 12:50:44.778	ERROR	Fno_save | 0 | false 0
2016-04-05 12:50:45.781	ERROR	Fno_save | 0 | false 0
2016-04-05 12:50:46.793	ERROR	Fno_save | 0 | false 0
2016-04-05 12:50:47.810	ERROR	Fno_save | 0 | false 0
2016-04-05 12:50:50.024	ERROR	Fno_save | 0 | false 0
2016-04-05 12:50:51.029	ERROR	Fno_save | 0 | false 0
2016-04-05 12:50:52.031	ERROR	Fno_save | 0 | false 0
2016-04-05 12:50:53.033	ERROR	Fno_save | 0 | false 0
2016-04-05 12:50:55.243	ERROR	Fno_save | 0 | false 0
2016-04-05 12:50:56.247	ERROR	Fno_save | 0 | false 0
2016-04-05 12:50:57.249	ERROR	Fno_save | 0 | false 0
2016-04-05 12:50:58.262	ERROR	Fno_save | 0 | false 0
2016-04-05 12:50:59.263	ERROR	Fno_save | 0 | false 0
2016-04-05 12:51:01.482	ERROR	Fno_save | 0 | false 0
2016-04-05 12:51:02.483	ERROR	Fno_save | 0 | false 0
2016-04-05 12:51:03.500	ERROR	Fno_save | 0 | false 0
2016-04-05 12:51:04.502	ERROR	Fno_save | 0 | false 0
2016-04-05 12:51:06.721	ERROR	Fno_save | 0 | false 0
2016-04-05 12:51:07.728	ERROR	Fno_save | 0 | false 0
2016-04-05 12:51:08.739	ERROR	Fno_save | 0 | false 0
2016-04-05 12:51:09.743	ERROR	Fno_save | 0 | false 0
2016-04-05 12:51:10.750	ERROR	Fno_save | 0 | false 0
2016-04-05 12:51:12.963	ERROR	Fno_save | 0 | false 0
2016-04-05 12:51:13.965	ERROR	Fno_save | 0 | false 0
2016-04-05 12:51:14.974	ERROR	Fno_save | 0 | false 0
2016-04-05 12:51:15.988	ERROR	Fno_save | 0 | false 0
2016-04-05 12:51:16.993	ERROR	Fno_save | 0 | false 0
2016-04-05 12:51:19.209	ERROR	Fno_save | 0 | false 0
2016-04-05 12:51:20.211	ERROR	Fno_save | 0 | false 0
2016-04-05 12:51:21.214	ERROR	Fno_save | 0 | false 0
2016-04-05 12:51:22.216	ERROR	Fno_save | 0 | false 0
2016-04-05 12:51:23.229	ERROR	Fno_save | 0 | false 0
2016-04-05 12:51:25.434	ERROR	Fno_save | 0 | false 0
2016-04-05 12:51:26.436	ERROR	Fno_save | 0 | false 0
2016-04-05 12:51:27.449	ERROR	Fno_save | 0 | false 0
2016-04-05 12:51:28.455	ERROR	Fno_save | 0 | false 0
2016-04-05 12:51:30.659	ERROR	Fno_save | 0 | false 0
2016-04-05 12:51:31.670	ERROR	Fno_save | 0 | false 0
2016-04-05 12:51:32.681	ERROR	Fno_save | 0 | false 0
2016-04-05 12:51:33.684	ERROR	Fno_save | 0 | false 0
2016-04-05 12:51:34.693	ERROR	Fno_save | 0 | false 0
2016-04-05 12:51:36.900	ERROR	Fno_save | 0 | false 0
2016-04-05 12:51:37.904	ERROR	Fno_save | 0 | false 0
2016-04-05 12:51:38.907	ERROR	Fno_save | 0 | false 0
2016-04-05 12:51:39.913	ERROR	Fno_save | 0 | false 0
2016-04-05 12:51:40.915	ERROR	Fno_save | 0 | false 0
2016-04-05 12:51:41.962	ERROR	Fno_save | 0 | false 0
2016-04-05 12:51:43.170	ERROR	Fno_save | 0 | false 0
2016-04-05 12:51:44.172	ERROR	Fno_save | 0 | false 0
2016-04-05 12:51:45.179	ERROR	Fno_save | 0 | false 0
2016-04-05 12:51:46.198	ERROR	Fno_save | 0 | false 0
2016-04-05 12:51:47.225	ERROR	Fno_save | 0 | false 0
2016-04-05 12:51:49.433	ERROR	Fno_save | 0 | false 0
2016-04-05 12:51:50.436	ERROR	Fno_save | 0 | false 0
2016-04-05 12:51:51.439	ERROR	Fno_save | 0 | false 0
2016-04-05 12:51:52.458	ERROR	Fno_save | 0 | false 0
2016-04-05 12:51:53.461	ERROR	Fno_save | 0 | false 0
2016-04-05 12:51:54.469	ERROR	Fno_save | 0 | false 0
2016-04-05 12:51:55.676	ERROR	Fno_save | 0 | false 0
2016-04-05 12:51:56.693	ERROR	Fno_save | 0 | false 0
2016-04-05 12:51:57.695	ERROR	Fno_save | 0 | false 0
2016-04-05 12:51:58.697	ERROR	Fno_save | 0 | false 0
2016-04-05 12:51:59.706	ERROR	Fno_save | 0 | false 0
2016-04-05 12:52:01.924	ERROR	Fno_save | 0 | false 0
2016-04-05 12:52:02.929	ERROR	Fno_save | 0 | false 0
2016-04-05 12:52:03.932	ERROR	Fno_save | 0 | false 0
2016-04-05 12:52:04.937	ERROR	Fno_save | 0 | false 0
2016-04-05 12:52:05.955	ERROR	Fno_save | 0 | false 0
2016-04-05 12:52:08.155	ERROR	Fno_save | 0 | false 0
2016-04-05 12:52:09.174	ERROR	Fno_save | 0 | false 0
2016-04-05 12:52:10.162	ERROR	Fno_save | 0 | false 0
2016-04-05 12:52:11.164	ERROR	Fno_save | 0 | false 0
2016-04-05 12:52:13.384	ERROR	Fno_save | 0 | false 0
2016-04-05 12:52:14.386	ERROR	Fno_save | 0 | false 0
2016-04-05 12:52:15.389	ERROR	Fno_save | 0 | false 0
2016-04-05 12:52:16.399	ERROR	Fno_save | 0 | false 0
2016-04-05 12:52:17.402	ERROR	Fno_save | 0 | false 0
2016-04-05 12:52:19.626	ERROR	Fno_save | 0 | false 0
2016-04-05 12:52:20.624	ERROR	Fno_save | 0 | false 0
2016-04-05 12:52:21.626	ERROR	Fno_save | 0 | false 0
2016-04-05 12:52:22.631	ERROR	Fno_save | 0 | false 0
2016-04-05 12:52:23.652	ERROR	Fno_save | 0 | false 0
2016-04-05 12:52:24.664	ERROR	Fno_save | 0 | false 0
2016-04-05 12:52:26.885	ERROR	Fno_save | 0 | false 0
2016-04-05 12:52:27.888	ERROR	Fno_save | 0 | false 0
2016-04-05 12:52:28.897	ERROR	Fno_save | 0 | false 0
2016-04-05 12:52:29.902	ERROR	Fno_save | 0 | false 0
2016-04-05 12:52:32.118	ERROR	Fno_save | 0 | false 0
2016-04-05 12:52:33.124	ERROR	Fno_save | 0 | false 0
2016-04-05 12:52:34.128	ERROR	Fno_save | 0 | false 0
2016-04-05 12:52:35.145	ERROR	Fno_save | 0 | false 0
2016-04-05 12:52:36.133	ERROR	Fno_save | 0 | false 0
2016-04-05 12:52:38.344	ERROR	Fno_save | 0 | false 0
2016-04-05 12:52:39.351	ERROR	Fno_save | 0 | false 0
2016-04-05 12:52:40.368	ERROR	Fno_save | 0 | false 0
2016-04-05 12:52:41.355	ERROR	Fno_save | 0 | false 0
2016-04-05 12:52:43.575	ERROR	Fno_save | 0 | false 0
2016-04-05 12:52:44.578	ERROR	Fno_save | 0 | false 0
2016-04-05 12:52:45.587	ERROR	Fno_save | 0 | false 0
2016-04-05 12:52:46.606	ERROR	Fno_save | 0 | false 0
2016-04-05 12:52:47.626	ERROR	Fno_save | 0 | false 0
2016-04-05 12:52:48.628	ERROR	Fno_save | 0 | false 0
2016-04-05 12:52:49.848	ERROR	Fno_save | 0 | false 0
2016-04-05 12:52:50.850	ERROR	Fno_save | 0 | false 0
2016-04-05 12:52:51.867	ERROR	Fno_save | 0 | false 0
2016-04-05 12:58:36.008	INFO	start ArmWeightBlooming1
2016-04-05 12:58:39.604	WARN	заготовка не выбрана	weight -> 3,418
2016-04-05 12:58:40.608	WARN	заготовка не выбрана	weight -> 6,238
2016-04-05 12:58:41.611	WARN	заготовка не выбрана	weight -> 0,888
2016-04-05 12:58:42.618	WARN	заготовка не выбрана	weight -> 3,164
2016-04-05 12:58:43.632	WARN	заготовка не выбрана	weight -> 1,401
2016-04-05 12:58:45.838	WARN	заготовка не выбрана	weight -> 0,068
2016-04-05 12:58:46.863	WARN	заготовка не выбрана	weight -> 6,557
2016-04-05 12:58:47.873	WARN	заготовка не выбрана	weight -> 5,160
2016-04-05 12:58:48.888	WARN	заготовка не выбрана	weight -> 8,923
2016-04-05 12:58:49.897	WARN	заготовка не выбрана	weight -> 0,380
2016-04-05 12:58:52.109	WARN	заготовка не выбрана	weight -> 0,483
2016-04-05 12:58:53.111	WARN	заготовка не выбрана	weight -> 3,761
2016-04-05 12:58:54.130	WARN	заготовка не выбрана	weight -> 3,940
2016-04-05 12:58:55.133	ERROR	Fno_save | 0 | false 0
2016-04-05 12:58:57.342	ERROR	Fno_save | 0 | false 0
2016-04-05 12:58:58.204	ERROR	EZSQLException sql save to oracle, с сообщением: SQL Error: OCI_ERROR: ORA-00001: unique constraint (ASUTP.PK_CROP) violated
 | INSERT INTO crop
(id_asutp, weight_bloom, date_weight_bloom)
VALUES (50416202608, 0.29,
TO_DATE('2016-04-05 12:58:57', 'yyyy-mm-dd hh24:mi:ss'))

2016-04-05 12:59:01.514	ERROR	Fno_save | 0 | false 0
2016-04-05 12:59:02.353	ERROR	EZSQLException sql save to oracle, с сообщением: SQL Error: OCI_ERROR: ORA-00001: unique constraint (ASUTP.PK_CROP) violated
 | INSERT INTO crop
(id_asutp, weight_bloom, date_weight_bloom)
VALUES (50416202701, 4.727,
TO_DATE('2016-04-05 12:59:01', 'yyyy-mm-dd hh24:mi:ss'))

2016-04-05 12:59:05.672	ERROR	Fno_save | 0 | false 0
2016-04-05 12:59:06.537	ERROR	EZSQLException sql save to oracle, с сообщением: SQL Error: OCI_ERROR: ORA-00001: unique constraint (ASUTP.PK_CROP) violated
 | INSERT INTO crop
(id_asutp, weight_bloom, date_weight_bloom)
VALUES (50416202702, 7.247,
TO_DATE('2016-04-05 12:59:05', 'yyyy-mm-dd hh24:mi:ss'))

2016-04-05 12:59:07.746	ERROR	Fno_save | 0 | false 0
2016-04-05 12:59:08.759	ERROR	EZSQLException sql save to oracle, с сообщением: SQL Error: OCI_ERROR: ORA-00001: unique constraint (ASUTP.PK_CROP) violated
 | INSERT INTO crop
(id_asutp, weight_bloom, date_weight_bloom)
VALUES (50416202703, 1.134,
TO_DATE('2016-04-05 12:59:07', 'yyyy-mm-dd hh24:mi:ss'))

2016-04-05 12:59:10.959	ERROR	Fno_save | 0 | false 0
2016-04-05 12:59:11.986	ERROR	Fno_save | 0 | false 0
2016-04-05 12:59:12.988	ERROR	Fno_save | 0 | false 0
2016-04-05 12:59:14.193	ERROR	Fno_save | 0 | false 0
2016-04-05 12:59:15.198	ERROR	Fno_save | 0 | false 0
2016-04-05 12:59:16.204	ERROR	Fno_save | 0 | false 0
2016-04-05 12:59:17.214	ERROR	Fno_save | 0 | false 0
2016-04-05 12:59:18.217	ERROR	Fno_save | 0 | false 0
2016-04-05 12:59:19.231	ERROR	Fno_save | 0 | false 0
2016-04-05 12:59:21.436	ERROR	Fno_save | 0 | false 0
2016-04-05 12:59:22.450	ERROR	Fno_save | 0 | false 0
2016-04-05 12:59:23.452	ERROR	Fno_save | 0 | false 0
2016-04-05 12:59:24.456	ERROR	Fno_save | 0 | false 0
2016-04-05 12:59:26.660	ERROR	Fno_save | 0 | false 0
2016-04-05 12:59:27.663	ERROR	Fno_save | 0 | false 0
2016-04-05 12:59:28.667	ERROR	Fno_save | 0 | false 0
2016-04-05 12:59:29.675	ERROR	Fno_save | 0 | false 0
2016-04-05 12:59:30.681	ERROR	Fno_save | 0 | false 0
2016-04-05 12:59:32.921	ERROR	Fno_save | 0 | false 0
2016-04-05 12:59:33.926	ERROR	Fno_save | 0 | false 0
2016-04-05 12:59:34.946	ERROR	Fno_save | 0 | false 0
2016-04-05 12:59:35.967	ERROR	Fno_save | 0 | false 0
2016-04-05 12:59:36.976	ERROR	Fno_save | 0 | false 0
2016-04-05 12:59:37.979	ERROR	Fno_save | 0 | false 0
2016-04-05 12:59:39.000	ERROR	Fno_save | 0 | false 0
2016-04-05 12:59:41.209	ERROR	Fno_save | 0 | false 0
2016-04-05 12:59:42.236	ERROR	Fno_save | 0 | false 0
2016-04-05 12:59:43.238	ERROR	Fno_save | 0 | false 0
2016-04-05 12:59:44.243	ERROR	Fno_save | 0 | false 0
2016-04-05 12:59:45.246	ERROR	Fno_save | 0 | false 0
2016-04-05 12:59:47.478	ERROR	Fno_save | 0 | false 0
2016-04-05 12:59:48.485	ERROR	Fno_save | 0 | false 0
2016-04-05 12:59:49.490	ERROR	Fno_save | 0 | false 0
2016-04-05 12:59:50.499	ERROR	Fno_save | 0 | false 0
2016-04-05 12:59:51.508	ERROR	Fno_save | 0 | false 0
2016-04-05 12:59:52.510	ERROR	Fno_save | 0 | false 0
2016-04-05 12:59:54.721	ERROR	Fno_save | 0 | false 0
2016-04-05 12:59:55.738	ERROR	Fno_save | 0 | false 0
2016-04-05 12:59:56.750	ERROR	Fno_save | 0 | false 0
2016-04-05 12:59:57.753	ERROR	Fno_save | 0 | false 0
2016-04-05 12:59:58.773	ERROR	Fno_save | 0 | false 0
2016-04-05 13:00:00.980	ERROR	Fno_save | 0 | false 0
2016-04-05 13:00:01.980	ERROR	Fno_save | 0 | false 0
2016-04-05 13:00:02.984	ERROR	Fno_save | 0 | false 0
2016-04-05 13:00:03.996	ERROR	Fno_save | 0 | false 0
2016-04-05 13:00:05.014	ERROR	Fno_save | 0 | false 0
2016-04-05 13:00:07.218	ERROR	Fno_save | 0 | false 0
2016-04-05 13:00:08.222	ERROR	Fno_save | 0 | false 0
2016-04-05 13:00:09.227	ERROR	Fno_save | 0 | false 0
2016-04-05 13:00:10.250	ERROR	Fno_save | 0 | false 0
2016-04-05 13:00:11.270	ERROR	Fno_save | 0 | false 0
2016-04-05 13:00:12.282	ERROR	Fno_save | 0 | false 0
2016-04-05 13:00:13.486	ERROR	Fno_save | 0 | false 0
2016-04-05 13:00:14.490	ERROR	Fno_save | 0 | false 0
2016-04-05 13:00:15.505	ERROR	Fno_save | 0 | false 0
2016-04-05 13:00:16.510	ERROR	Fno_save | 0 | false 0
2016-04-05 13:00:17.527	ERROR	Fno_save | 0 | false 0
2016-04-05 13:00:18.530	ERROR	Fno_save | 0 | false 0
2016-04-05 13:00:19.738	ERROR	Fno_save | 0 | false 0
2016-04-05 13:00:20.759	ERROR	Fno_save | 0 | false 0
2016-04-05 13:00:21.746	ERROR	Fno_save | 0 | false 0
2016-04-05 13:00:22.749	ERROR	Fno_save | 0 | false 0
2016-04-05 13:00:23.762	ERROR	Fno_save | 0 | false 0
2016-04-05 13:00:25.972	ERROR	Fno_save | 0 | false 0
2016-04-05 13:00:26.983	ERROR	Fno_save | 0 | false 0
2016-04-05 13:00:27.992	ERROR	Fno_save | 0 | false 0
2016-04-05 13:00:28.999	ERROR	Fno_save | 0 | false 0
2016-04-05 13:00:30.001	ERROR	Fno_save | 0 | false 0
2016-04-05 13:00:32.208	ERROR	Fno_save | 0 | false 0
2016-04-05 13:00:33.211	ERROR	Fno_save | 0 | false 0
2016-04-05 13:00:34.213	ERROR	Fno_save | 0 | false 0
2016-04-05 13:00:35.226	ERROR	Fno_save | 0 | false 0
2016-04-05 13:00:36.229	ERROR	Fno_save | 0 | false 0
2016-04-05 13:00:37.431	ERROR	Fno_save | 0 | false 0
2016-04-05 13:00:38.434	ERROR	Fno_save | 0 | false 0
2016-04-05 13:00:39.437	ERROR	Fno_save | 0 | false 0
2016-04-05 13:00:40.455	ERROR	Fno_save | 0 | false 0
2016-04-05 13:00:41.457	ERROR	Fno_save | 0 | false 0
2016-04-05 13:00:42.660	ERROR	Fno_save | 0 | false 0
2016-04-05 13:00:43.665	ERROR	Fno_save | 0 | false 0
2016-04-05 13:00:44.674	ERROR	Fno_save | 0 | false 0
2016-04-05 13:00:45.679	ERROR	Fno_save | 0 | false 0
2016-04-05 13:00:46.684	ERROR	Fno_save | 0 | false 0
2016-04-05 13:00:48.892	ERROR	Fno_save | 0 | false 0
2016-04-05 13:00:49.895	ERROR	Fno_save | 0 | false 0
2016-04-05 13:00:50.903	ERROR	Fno_save | 0 | false 0
2016-04-05 13:00:51.914	ERROR	Fno_save | 0 | false 0
2016-04-05 13:00:52.917	ERROR	Fno_save | 0 | false 0
2016-04-05 13:00:54.121	ERROR	Fno_save | 0 | false 0
2016-04-05 13:00:55.130	ERROR	Fno_save | 0 | false 0
2016-04-05 13:00:56.137	ERROR	Fno_save | 0 | false 0
2016-04-05 13:00:57.142	ERROR	Fno_save | 0 | false 0
2016-04-05 13:00:58.154	ERROR	Fno_save | 0 | false 0
2016-04-05 13:00:59.158	ERROR	Fno_save | 0 | false 0
2016-04-05 13:01:01.375	ERROR	Fno_save | 0 | false 0
2016-04-05 13:01:02.379	ERROR	Fno_save | 0 | false 0
2016-04-05 13:01:03.395	ERROR	Fno_save | 0 | false 0
2016-04-05 13:01:04.403	ERROR	Fno_save | 0 | false 0
2016-04-05 13:01:05.412	ERROR	Fno_save | 0 | false 0
2016-04-05 13:01:07.617	ERROR	Fno_save | 0 | false 0
2016-04-05 13:01:08.634	ERROR	Fno_save | 0 | false 0
2016-04-05 13:01:09.651	ERROR	Fno_save | 0 | false 0
2016-04-05 13:01:10.654	ERROR	Fno_save | 0 | false 0
2016-04-05 13:01:11.658	ERROR	Fno_save | 0 | false 0
2016-04-05 13:01:12.676	ERROR	Fno_save | 0 | false 0
2016-04-05 13:01:14.888	ERROR	Fno_save | 0 | false 0
2016-04-05 13:01:15.891	ERROR	Fno_save | 0 | false 0
2016-04-05 13:01:16.896	ERROR	Fno_save | 0 | false 0
2016-04-05 13:01:17.898	ERROR	Fno_save | 0 | false 0
2016-04-05 13:01:20.111	ERROR	Fno_save | 0 | false 0
2016-04-05 13:01:21.132	ERROR	Fno_save | 0 | false 0
2016-04-05 13:01:22.137	ERROR	Fno_save | 0 | false 0
2016-04-05 13:01:23.139	ERROR	Fno_save | 0 | false 0
2016-04-05 13:01:24.148	ERROR	Fno_save | 0 | false 0
2016-04-05 13:01:26.366	ERROR	Fno_save | 0 | false 0
2016-04-05 13:01:27.372	ERROR	Fno_save | 0 | false 0
2016-04-05 13:01:28.379	ERROR	Fno_save | 0 | false 0
2016-04-05 13:01:29.395	ERROR	Fno_save | 0 | false 0
2016-04-05 13:01:30.402	ERROR	Fno_save | 0 | false 0
2016-04-05 13:01:32.618	ERROR	Fno_save | 0 | false 0
2016-04-05 13:01:33.621	ERROR	Fno_save | 0 | false 0
2016-04-05 13:01:34.627	ERROR	Fno_save | 0 | false 0
2016-04-05 13:01:35.633	ERROR	Fno_save | 0 | false 0
2016-04-05 13:01:36.636	ERROR	Fno_save | 0 | false 0
2016-04-05 13:01:38.851	ERROR	Fno_save | 0 | false 0
2016-04-05 13:01:39.859	ERROR	Fno_save | 0 | false 0
2016-04-05 13:01:40.862	ERROR	Fno_save | 0 | false 0
2016-04-05 13:01:41.864	ERROR	Fno_save | 0 | false 0
2016-04-05 13:01:42.872	ERROR	Fno_save | 0 | false 0
2016-04-05 13:01:45.110	ERROR	Fno_save | 0 | false 0
2016-04-05 13:01:46.115	ERROR	Fno_save | 0 | false 0
2016-04-05 13:01:47.122	ERROR	Fno_save | 0 | false 0
2016-04-05 13:01:48.139	ERROR	Fno_save | 0 | false 0
2016-04-05 13:01:49.166	ERROR	Fno_save | 0 | false 0
2016-04-05 13:01:50.170	ERROR	Fno_save | 0 | false 0
2016-04-05 13:01:52.395	ERROR	Fno_save | 0 | false 0
2016-04-05 13:01:53.407	ERROR	Fno_save | 0 | false 0
2016-04-05 13:01:54.413	ERROR	Fno_save | 0 | false 0
2016-04-05 13:01:55.416	ERROR	Fno_save | 0 | false 0
2016-04-05 13:01:56.418	ERROR	Fno_save | 0 | false 0
2016-04-05 13:01:57.433	ERROR	Fno_save | 0 | false 0
2016-04-05 13:01:59.649	ERROR	Fno_save | 0 | false 0
2016-04-05 13:02:00.653	ERROR	Fno_save | 0 | false 0
2016-04-05 13:02:01.656	ERROR	Fno_save | 0 | false 0
2016-04-05 13:02:02.672	ERROR	Fno_save | 0 | false 0
2016-04-05 13:02:03.675	ERROR	Fno_save | 0 | false 0
2016-04-05 13:02:04.878	ERROR	Fno_save | 0 | false 0
2016-04-05 13:02:05.882	ERROR	Fno_save | 0 | false 0
2016-04-05 13:02:06.883	ERROR	Fno_save | 0 | false 0
2016-04-05 13:02:07.899	ERROR	Fno_save | 0 | false 0
2016-04-05 13:02:08.909	ERROR	Fno_save | 0 | false 0
2016-04-05 13:02:09.912	ERROR	Fno_save | 0 | false 0
2016-04-05 13:02:12.138	ERROR	Fno_save | 0 | false 0
2016-04-05 13:02:13.152	ERROR	Fno_save | 0 | false 0
2016-04-05 13:02:14.155	ERROR	Fno_save | 0 | false 0
2016-04-05 13:02:15.159	ERROR	Fno_save | 0 | false 0
2016-04-05 13:02:16.162	ERROR	Fno_save | 0 | false 0
2016-04-05 13:02:17.370	ERROR	Fno_save | 0 | false 0
2016-04-05 13:02:18.377	ERROR	Fno_save | 0 | false 0
2016-04-05 13:02:19.388	ERROR	Fno_save | 0 | false 0
2016-04-05 13:02:20.391	ERROR	Fno_save | 0 | false 0
2016-04-05 13:02:21.397	ERROR	Fno_save | 0 | false 0
2016-04-05 13:02:22.399	ERROR	Fno_save | 0 | false 0
2016-04-05 13:02:24.616	ERROR	Fno_save | 0 | false 0
2016-04-05 13:02:25.620	ERROR	Fno_save | 0 | false 0
2016-04-05 13:02:26.623	ERROR	Fno_save | 0 | false 0
2016-04-05 13:02:27.629	ERROR	Fno_save | 0 | false 0
2016-04-05 13:02:29.834	ERROR	Fno_save | 0 | false 0
2016-04-05 13:02:30.849	ERROR	Fno_save | 0 | false 0
2016-04-05 13:02:31.856	ERROR	Fno_save | 0 | false 0
2016-04-05 13:02:32.859	ERROR	Fno_save | 0 | false 0
2016-04-05 13:02:33.867	ERROR	Fno_save | 0 | false 0
2016-04-05 13:02:36.078	ERROR	Fno_save | 0 | false 0
2016-04-05 13:02:37.096	ERROR	Fno_save | 0 | false 0
2016-04-05 13:02:38.097	ERROR	Fno_save | 0 | false 0
2016-04-05 13:02:39.108	ERROR	Fno_save | 0 | false 0
2016-04-05 13:02:40.126	ERROR	Fno_save | 0 | false 0
2016-04-05 13:02:42.345	ERROR	Fno_save | 0 | false 0
2016-04-05 13:02:43.349	ERROR	Fno_save | 0 | false 0
2016-04-05 13:02:44.364	ERROR	Fno_save | 0 | false 0
2016-04-05 13:02:45.372	ERROR	Fno_save | 0 | false 0
2016-04-05 13:02:46.375	ERROR	Fno_save | 0 | false 0
2016-04-05 13:02:48.580	ERROR	Fno_save | 0 | false 0
2016-04-05 13:02:49.594	ERROR	Fno_save | 0 | false 0
2016-04-05 13:02:50.598	ERROR	Fno_save | 0 | false 0
2016-04-05 13:02:51.611	ERROR	Fno_save | 0 | false 0
2016-04-05 13:02:52.617	ERROR	Fno_save | 0 | false 0
2016-04-05 13:02:53.624	ERROR	Fno_save | 0 | false 0
2016-04-05 13:02:54.832	ERROR	Fno_save | 0 | false 0
2016-04-05 13:02:55.841	ERROR	Fno_save | 0 | false 0
2016-04-05 13:02:56.850	ERROR	Fno_save | 0 | false 0
2016-04-05 13:02:57.856	ERROR	Fno_save | 0 | false 0
2016-04-05 13:02:58.859	ERROR	Fno_save | 0 | false 0
2016-04-05 13:03:01.073	ERROR	Fno_save | 0 | false 0
2016-04-05 13:03:02.081	ERROR	Fno_save | 0 | false 0
2016-04-05 13:03:03.097	ERROR	Fno_save | 0 | false 0
2016-04-05 13:03:04.099	ERROR	Fno_save | 0 | false 0
2016-04-05 13:03:05.107	ERROR	Fno_save | 0 | false 0
2016-04-05 13:03:07.318	ERROR	Fno_save | 0 | false 0
2016-04-05 13:03:08.330	ERROR	Fno_save | 0 | false 0
2016-04-05 13:03:09.343	ERROR	Fno_save | 0 | false 0
2016-04-05 13:03:10.350	ERROR	Fno_save | 0 | false 0
2016-04-05 13:03:11.368	ERROR	Fno_save | 0 | false 0
2016-04-05 13:03:12.371	ERROR	Fno_save | 0 | false 0
2016-04-05 13:03:14.594	ERROR	Fno_save | 0 | false 0
2016-04-05 13:03:15.605	ERROR	Fno_save | 0 | false 0
2016-04-05 13:03:16.611	ERROR	Fno_save | 0 | false 0
2016-04-05 13:03:17.620	ERROR	Fno_save | 0 | false 0
2016-04-05 13:03:19.832	ERROR	Fno_save | 0 | false 0
2016-04-05 13:03:20.848	ERROR	Fno_save | 0 | false 0
2016-04-05 13:03:21.864	ERROR	Fno_save | 0 | false 0
2016-04-05 13:03:22.873	ERROR	Fno_save | 0 | false 0
2016-04-05 13:03:23.892	ERROR	Fno_save | 0 | false 0
2016-04-05 13:03:24.894	ERROR	Fno_save | 0 | false 0
2016-04-05 13:03:27.101	ERROR	Fno_save | 0 | false 0
2016-04-05 13:03:28.107	ERROR	Fno_save | 0 | false 0
2016-04-05 13:03:29.111	ERROR	Fno_save | 0 | false 0
2016-04-05 13:03:30.113	ERROR	Fno_save | 0 | false 0
2016-04-05 13:03:31.118	ERROR	Fno_save | 0 | false 0
2016-04-05 13:03:33.343	ERROR	Fno_save | 0 | false 0
2016-04-05 13:03:34.351	ERROR	Fno_save | 0 | false 0
2016-04-05 13:03:35.353	ERROR	Fno_save | 0 | false 0
2016-04-05 13:03:36.372	ERROR	Fno_save | 0 | false 0
2016-04-05 13:03:37.390	ERROR	Fno_save | 0 | false 0
2016-04-05 13:03:39.588	ERROR	Fno_save | 0 | false 0
2016-04-05 13:03:40.593	ERROR	Fno_save | 0 | false 0
2016-04-05 13:03:41.597	ERROR	Fno_save | 0 | false 0
2016-04-05 13:03:42.599	ERROR	Fno_save | 0 | false 0
2016-04-05 13:03:43.610	ERROR	Fno_save | 0 | false 0
2016-04-05 13:03:44.817	ERROR	Fno_save | 0 | false 0
2016-04-05 13:03:45.827	ERROR	Fno_save | 0 | false 0
2016-04-05 13:03:46.845	ERROR	Fno_save | 0 | false 0
2016-04-05 13:03:47.849	ERROR	Fno_save | 0 | false 0
2016-04-05 13:03:48.853	ERROR	Fno_save | 0 | false 0
2016-04-05 13:03:51.061	ERROR	Fno_save | 0 | false 0
2016-04-05 13:03:52.068	ERROR	Fno_save | 0 | false 0
2016-04-05 13:03:53.072	ERROR	Fno_save | 0 | false 0
2016-04-05 13:03:59.748	INFO	start ArmWeightBlooming1
2016-04-05 13:04:03.102	WARN	заготовка не выбрана	weight -> 1,625
2016-04-05 13:04:05.313	WARN	заготовка не выбрана	weight -> 5,642
2016-04-05 13:04:06.320	WARN	заготовка не выбрана	weight -> 7,172
2016-04-05 13:04:07.333	WARN	заготовка не выбрана	weight -> 3,352
2016-04-05 13:04:08.384	WARN	заготовка не выбрана	weight -> 7,409
2016-04-05 13:04:09.385	ERROR	Fno_save | 0 | false 0
2016-04-05 13:04:10.607	ERROR	EZSQLException sql save to oracle, с сообщением: SQL Error: OCI_ERROR: ORA-00001: unique constraint (ASUTP.PK_CROP) violated
 | INSERT INTO crop
(id_asutp, weight_bloom, date_weight_bloom)
VALUES (50416202607, 8.576,
TO_DATE('2016-04-05 13:04:09', 'yyyy-mm-dd hh24:mi:ss'))

2016-04-05 13:04:11.490	ERROR	Fno_save | 0 | false 0
2016-04-05 13:04:11.791	ERROR	EZSQLException sql save to oracle, с сообщением: SQL Error: OCI_ERROR: ORA-00001: unique constraint (ASUTP.PK_CROP) violated
 | INSERT INTO crop
(id_asutp, weight_bloom, date_weight_bloom)
VALUES (50416202607, 0.221,
TO_DATE('2016-04-05 13:04:11', 'yyyy-mm-dd hh24:mi:ss'))

2016-04-05 13:04:13.594	ERROR	Fno_save | 0 | false 0
2016-04-05 13:04:13.947	ERROR	EZSQLException sql save to oracle, с сообщением: SQL Error: OCI_ERROR: ORA-00001: unique constraint (ASUTP.PK_CROP) violated
 | INSERT INTO crop
(id_asutp, weight_bloom, date_weight_bloom)
VALUES (50416202607, 8.86,
TO_DATE('2016-04-05 13:04:13', 'yyyy-mm-dd hh24:mi:ss'))

2016-04-05 13:04:15.705	ERROR	Fno_save | 0 | false 0
2016-04-05 13:04:16.094	ERROR	EZSQLException sql save to oracle, с сообщением: SQL Error: OCI_ERROR: ORA-00001: unique constraint (ASUTP.PK_CROP) violated
 | INSERT INTO crop
(id_asutp, weight_bloom, date_weight_bloom)
VALUES (50416202607, 7.616,
TO_DATE('2016-04-05 13:04:15', 'yyyy-mm-dd hh24:mi:ss'))

2016-04-05 13:04:17.808	ERROR	Fno_save | 0 | false 0
2016-04-05 13:04:18.252	ERROR	EZSQLException sql save to oracle, с сообщением: SQL Error: OCI_ERROR: ORA-00001: unique constraint (ASUTP.PK_CROP) violated
 | INSERT INTO crop
(id_asutp, weight_bloom, date_weight_bloom)
VALUES (50416202607, 3.798,
TO_DATE('2016-04-05 13:04:17', 'yyyy-mm-dd hh24:mi:ss'))

2016-04-05 13:04:19.624	INFO	close ArmWeightBlooming1
2016-04-05 13:12:40.104	INFO	start ArmWeightBlooming1
2016-04-05 13:12:43.814	WARN	заготовка не выбрана	weight -> 0,714
2016-04-05 13:12:44.827	WARN	заготовка не выбрана	weight -> 2,268
2016-04-05 13:12:45.312	INFO	close ArmWeightBlooming1
