2016-03-18 12:55:11.673	INFO	start ArmWeightBlooming1
2016-03-18 12:55:14.810	WARN	заготовка не выбрана	weight -> 2,034
2016-03-18 13:12:58.878	ERROR	EAccessViolation4, с сообщением: Access violation at address 0065D4C0 in module 'ArmWeightBlooming1.exe'. Read of address 0000003E
2016-03-18 13:14:04.732	ERROR	EAccessViolation, с сообщением: Access violation at address 0065D4C0 in module 'ArmWeightBlooming1.exe'. Read of address 00000020
2016-03-18 13:23:04.800	ERROR	EDatabaseError, с сообщением: Field 'pkdat' not found
2016-03-18 13:23:06.415	ERROR	EDatabaseError, с сообщением: Field 'pkdat' not found
2016-03-18 13:23:16.822	ERROR	EAccessViolation4, с сообщением: Access violation at address 0065D4C0 in module 'ArmWeightBlooming1.exe'. Read of address 00000018
2016-03-18 13:24:41.427	ERROR	EAccessViolation4, с сообщением: Access violation at address 0065D4C0 in module 'ArmWeightBlooming1.exe'. Read of address 00000020
2016-03-18 13:26:22.616	ERROR	EAccessViolation, с сообщением: Access violation at address 0065D4C0 in module 'ArmWeightBlooming1.exe'. Read of address 0000005C
2016-03-18 13:38:26.801	ERROR	EDatabaseError, с сообщением: Field 'pkdat' not found
2016-03-18 13:38:27.594	ERROR	EDatabaseError, с сообщением: Field 'pkdat' not found
2016-03-18 13:38:35.368	ERROR	EAccessViolation4, с сообщением: Access violation at address 0065D4C0 in module 'ArmWeightBlooming1.exe'. Read of address 00000018
2016-03-18 13:40:35.441	ERROR	EAccessViolation, с сообщением: Access violation at address 0065DFE7 in module 'ArmWeightBlooming1.exe'. Read of address 00000048
2016-03-18 13:49:12.027	INFO	start ArmWeightBlooming1
2016-03-18 13:49:12.285	ERROR	d0----
2016-03-18 13:49:12.482	WARN	заготовка не выбрана	weight -> 5,778
2016-03-18 13:49:13.901	ERROR	d0----
2016-03-18 13:49:14.923	ERROR	d0----
2016-03-18 13:49:15.929	ERROR	d0----
2016-03-18 13:49:16.942	ERROR	d0----
2016-03-18 13:49:17.946	ERROR	d0----
2016-03-18 13:49:18.954	ERROR	d0----
2016-03-18 13:49:19.974	ERROR	d0----
2016-03-18 13:49:21.096	ERROR	d0----
2016-03-18 13:49:22.103	ERROR	d0----
