2016-03-12 13:34:38.364	WARN	заготовка не выбрана	weight -> 8,455
2016-03-12 13:34:39.406	WARN	заготовка не выбрана	weight -> 5,728
2016-03-12 13:34:55.577	DEBUG	id_asutp | 110316200101
2016-03-12 13:34:55.578	DEBUG	weight | 5,374
2016-03-12 13:34:55.580	DEBUG	timestamp | 2016-03-12 13:34:54
2016-03-12 13:34:55.605	DEBUG	id_asutp | 110316200101
2016-03-12 13:34:55.606	DEBUG	weight | 5,374
2016-03-12 13:34:55.607	DEBUG	timestamp | 2016-03-12 13:34:54
2016-03-12 13:34:55.653	ERROR	EAccessViolation5, с сообщением: Access violation at address 007BE62C in module 'ArmWeightBlooming1.exe'. Read of address 000001B0
2016-03-12 13:34:55.656	DEBUG	OraQuery insert | INSERT INTO crop
(id_asutp, weight_bloom, date_weight_bloom)
VALUES (110316200101, 5.374,
TO_DATE('2016-03-12 13:34:54', 'yyyy-mm-dd hh24:mi:ss'))

2016-03-12 13:34:55.657	DEBUG	send_error | 0
2016-03-12 13:34:58.775	DEBUG	id_asutp | 110316200102
2016-03-12 13:34:58.776	DEBUG	weight | 2,786
2016-03-12 13:34:58.779	DEBUG	timestamp | 2016-03-12 13:34:58
2016-03-12 13:34:58.800	ERROR	EAccessViolation5, с сообщением: Access violation at address 007BE62C in module 'ArmWeightBlooming1.exe'. Read of address 000001B0
2016-03-12 13:34:58.815	DEBUG	id_asutp | 110316200102
2016-03-12 13:34:58.816	DEBUG	weight | 2,786
2016-03-12 13:34:58.817	DEBUG	timestamp | 2016-03-12 13:34:58
2016-03-12 13:34:58.824	DEBUG	OraQuery insert | INSERT INTO crop
(id_asutp, weight_bloom, date_weight_bloom)
VALUES (110316200102, 2.786,
TO_DATE('2016-03-12 13:34:58', 'yyyy-mm-dd hh24:mi:ss'))

2016-03-12 13:34:58.824	DEBUG	send_error | 0
2016-03-12 13:35:03.996	DEBUG	id_asutp | 110316200201
2016-03-12 13:35:03.996	DEBUG	weight | 0,233
2016-03-12 13:35:03.997	DEBUG	timestamp | 2016-03-12 13:35:03
2016-03-12 13:35:04.016	ERROR	EAccessViolation5, с сообщением: Access violation at address 007BE62C in module 'ArmWeightBlooming1.exe'. Read of address 000001B0
2016-03-12 13:35:04.069	DEBUG	id_asutp | 110316200201
2016-03-12 13:35:04.069	DEBUG	weight | 0,233
2016-03-12 13:35:04.070	DEBUG	timestamp | 2016-03-12 13:35:03
2016-03-12 13:35:04.074	DEBUG	OraQuery insert | INSERT INTO crop
(id_asutp, weight_bloom, date_weight_bloom)
VALUES (110316200201, 0.233,
TO_DATE('2016-03-12 13:35:03', 'yyyy-mm-dd hh24:mi:ss'))

2016-03-12 13:35:04.075	DEBUG	send_error | 0
2016-03-12 13:35:10.120	DEBUG	id_asutp | 110316200202
2016-03-12 13:35:10.122	DEBUG	weight | 3,016
2016-03-12 13:35:10.123	DEBUG	timestamp | 2016-03-12 13:35:09
2016-03-12 13:35:10.142	ERROR	EAccessViolation5, с сообщением: Access violation at address 007BE62C in module 'ArmWeightBlooming1.exe'. Read of address 000001B0
2016-03-12 13:35:10.230	DEBUG	id_asutp | 110316200202
2016-03-12 13:35:10.231	DEBUG	weight | 3,016
2016-03-12 13:35:10.233	DEBUG	timestamp | 2016-03-12 13:35:09
2016-03-12 13:35:10.267	DEBUG	OraQuery insert | INSERT INTO crop
(id_asutp, weight_bloom, date_weight_bloom)
VALUES (110316200202, 3.016,
TO_DATE('2016-03-12 13:35:09', 'yyyy-mm-dd hh24:mi:ss'))

2016-03-12 13:35:10.267	DEBUG	send_error | 0
