2016-03-25 13:07:31.540	INFO	start ArmWeightBlooming1
2016-03-25 13:07:34.569	WARN	заготовка не выбрана	weight -> 4,546
2016-03-25 13:07:42.108	DEBUG	send_error | 0
2016-03-25 13:07:42.497	ERROR	SqlReadTableLocal
2016-03-25 13:07:44.523	ERROR	EZSQLException6, с сообщением: SQL Error: OCI_ERROR: ORA-00001: unique constraint (ASUTP.PK_CROP) violated
 | INSERT INTO crop
(id_asutp, weight_bloom, date_weight_bloom)
VALUES (240316200401, 7.235,
TO_DATE('2016-03-25 13:07:43', 'yyyy-mm-dd hh24:mi:ss'))

2016-03-25 13:07:44.600	DEBUG	send_error | 0
2016-03-25 13:07:44.651	ERROR	SqlReadTableLocal
2016-03-25 13:07:47.678	DEBUG	send_error | 0
2016-03-25 13:07:47.759	ERROR	SqlReadTableLocal
2016-03-25 13:07:50.779	DEBUG	send_error | 0
2016-03-25 13:07:50.867	ERROR	SqlReadTableLocal
2016-03-25 13:07:53.909	DEBUG	send_error | 0
2016-03-25 13:07:54.074	ERROR	SqlReadTableLocal
2016-03-25 13:07:57.104	DEBUG	send_error | 0
2016-03-25 13:07:57.158	ERROR	SqlReadTableLocal
2016-03-25 13:07:58.179	DEBUG	send_error | 0
2016-03-25 13:07:58.848	ERROR	SqlReadTableLocal
2016-03-25 13:08:01.894	DEBUG	send_error | 0
2016-03-25 13:08:01.956	ERROR	SqlReadTableLocal
2016-03-25 13:08:04.997	DEBUG	send_error | 0
2016-03-25 13:08:05.057	ERROR	SqlReadTableLocal
2016-03-25 13:08:07.098	DEBUG	send_error | 0
2016-03-25 13:08:07.150	ERROR	SqlReadTableLocal
2016-03-25 13:08:10.233	DEBUG	send_error | 0
2016-03-25 13:08:10.292	ERROR	SqlReadTableLocal
2016-03-25 13:08:13.317	DEBUG	send_error | 0
2016-03-25 13:08:13.397	ERROR	SqlReadTableLocal
2016-03-25 13:08:16.427	DEBUG	send_error | 0
2016-03-25 13:08:16.476	ERROR	SqlReadTableLocal
2016-03-25 13:08:19.501	DEBUG	send_error | 0
2016-03-25 13:08:20.029	ERROR	SqlReadTableLocal
2016-03-25 13:08:25.092	DEBUG	send_error | 0
2016-03-25 13:08:25.551	ERROR	SqlReadTableLocal
2016-03-25 13:08:27.573	DEBUG	send_error | 0
2016-03-25 13:08:27.646	ERROR	SqlReadTableLocal
2016-03-25 13:08:30.678	DEBUG	send_error | 0
2016-03-25 13:08:30.848	ERROR	SqlReadTableLocal
2016-03-25 13:08:33.878	DEBUG	send_error | 0
2016-03-25 13:08:33.936	ERROR	SqlReadTableLocal
2016-03-25 13:08:36.956	DEBUG	send_error | 0
2016-03-25 13:08:37.035	ERROR	SqlReadTableLocal
2016-03-25 13:08:40.060	DEBUG	send_error | 0
2016-03-25 13:08:40.118	ERROR	SqlReadTableLocal
2016-03-25 13:08:41.136	ERROR	EZSQLException sql send select, с сообщением: SQL Error: database is locked: library routine called out of sequence
2016-03-25 13:08:41.137	ERROR	EZSQLException sql max local count, с сообщением: SQL Error: database is locked
2016-03-25 13:08:41.138	ERROR	EDatabaseError sql max local synchronize, с сообщением: Field 'timestamp' not found
2016-03-25 13:08:42.143	DEBUG	send_error | 0
2016-03-25 13:08:42.233	ERROR	SqlReadTableLocal
2016-03-25 13:08:44.250	ERROR	EZSQLException sql send select, с сообщением: SQL Error: database is locked: library routine called out of sequence
2016-03-25 13:08:44.250	ERROR	EZSQLException sql max local count, с сообщением: SQL Error: database is locked
2016-03-25 13:08:44.251	ERROR	EDatabaseError sql max local synchronize, с сообщением: Field 'timestamp' not found
2016-03-25 13:08:45.258	DEBUG	send_error | 0
2016-03-25 13:08:45.304	ERROR	SqlReadTableLocal
2016-03-25 13:08:47.316	ERROR	EZSQLException sql send select, с сообщением: SQL Error: database is locked: library routine called out of sequence
2016-03-25 13:08:47.317	ERROR	EZSQLException sql max local count, с сообщением: SQL Error: database is locked
2016-03-25 13:08:47.318	ERROR	EDatabaseError sql max local synchronize, с сообщением: Field 'timestamp' not found
2016-03-25 13:08:48.327	DEBUG	send_error | 0
2016-03-25 13:08:48.380	ERROR	SqlReadTableLocal
2016-03-25 13:08:50.414	DEBUG	send_error | 0
2016-03-25 13:08:51.048	ERROR	SqlReadTableLocal
2016-03-25 13:08:54.079	DEBUG	send_error | 0
2016-03-25 13:08:54.218	ERROR	SqlReadTableLocal
2016-03-25 13:08:57.258	DEBUG	send_error | 0
2016-03-25 13:08:57.330	ERROR	SqlReadTableLocal
2016-03-25 13:08:59.370	DEBUG	send_error | 0
2016-03-25 13:08:59.428	ERROR	SqlReadTableLocal
2016-03-25 13:09:02.451	DEBUG	send_error | 0
2016-03-25 13:09:02.500	ERROR	SqlReadTableLocal
2016-03-25 13:09:05.522	DEBUG	send_error | 0
2016-03-25 13:09:05.564	ERROR	SqlReadTableLocal
2016-03-25 13:09:08.585	DEBUG	send_error | 0
2016-03-25 13:09:08.636	ERROR	SqlReadTableLocal
2016-03-25 13:09:10.655	DEBUG	send_error | 0
2016-03-25 13:09:10.807	ERROR	SqlReadTableLocal
2016-03-25 13:09:12.829	ERROR	EZSQLException sql send select, с сообщением: SQL Error: database is locked: library routine called out of sequence
2016-03-25 13:09:12.830	ERROR	EZSQLException sql max local count, с сообщением: SQL Error: database is locked
2016-03-25 13:09:12.831	ERROR	EDatabaseError sql max local synchronize, с сообщением: Field 'timestamp' not found
2016-03-25 13:09:13.839	DEBUG	send_error | 0
2016-03-25 13:09:13.979	ERROR	SqlReadTableLocal
2016-03-25 13:09:18.010	DEBUG	send_error | 0
2016-03-25 13:09:18.341	ERROR	SqlReadTableLocal
2016-03-25 13:09:23.372	DEBUG	send_error | 0
2016-03-25 13:09:23.879	ERROR	SqlReadTableLocal
2016-03-25 13:09:26.905	DEBUG	send_error | 0
2016-03-25 13:09:27.126	ERROR	SqlReadTableLocal
2016-03-25 13:09:29.148	DEBUG	send_error | 0
2016-03-25 13:09:29.200	ERROR	SqlReadTableLocal
2016-03-25 13:09:32.224	DEBUG	send_error | 0
2016-03-25 13:09:32.278	ERROR	SqlReadTableLocal
2016-03-25 13:09:35.308	DEBUG	send_error | 0
2016-03-25 13:09:35.374	ERROR	SqlReadTableLocal
2016-03-25 13:09:37.389	DEBUG	send_error | 0
2016-03-25 13:09:37.444	ERROR	SqlReadTableLocal
2016-03-25 13:09:40.479	DEBUG	send_error | 0
2016-03-25 13:09:40.534	ERROR	SqlReadTableLocal
2016-03-25 13:09:42.558	DEBUG	send_error | 0
2016-03-25 13:09:42.625	ERROR	SqlReadTableLocal
2016-03-25 13:09:45.654	DEBUG	send_error | 0
2016-03-25 13:09:45.736	ERROR	SqlReadTableLocal
2016-03-25 13:09:48.770	DEBUG	send_error | 0
2016-03-25 13:09:48.833	ERROR	SqlReadTableLocal
2016-03-25 13:09:49.857	DEBUG	send_error | 0
2016-03-25 13:09:49.886	ERROR	EZSQLException sql next weight to record, с сообщением: SQL Error: database is locked: library routine called out of sequence
2016-03-25 13:09:49.903	ERROR	SqlReadTableLocal
2016-03-25 13:09:57.088	ERROR	EZSQLException sql save in buffer, с сообщением: SQL Error: database is locked: library routine called out of sequence | INSERT INTO weight
(pkdat, num, num_ingot, id_asutp, heat, timestamp, weight)
VALUES(1603242, 15, 4,
240316201504,
231467, strftime('%s','now'), 7.206)

2016-03-25 13:10:00.160	ERROR	EZSQLException sql save in buffer, с сообщением: SQL Error: database is locked: library routine called out of sequence | INSERT INTO weight
(pkdat, num, num_ingot, id_asutp, heat, timestamp, weight)
VALUES(1603242, 15, 5,
240316201505,
231467, strftime('%s','now'), 0.762)

2016-03-25 13:10:02.097	ERROR	EZSQLException sql save in buffer, с сообщением: SQL Error: database is locked: library routine called out of sequence | INSERT INTO weight
(pkdat, num, num_ingot, id_asutp, heat, timestamp, weight)
VALUES(1603242, 15, 5,
240316201505,
231467, strftime('%s','now'), 5.096)

2016-03-25 13:10:06.322	ERROR	EZSQLException sql save in buffer, с сообщением: SQL Error: database is locked: library routine called out of sequence | INSERT INTO weight
(pkdat, num, num_ingot, id_asutp, heat, timestamp, weight)
VALUES(1603242, 15, 5,
240316201505,
231467, strftime('%s','now'), 6.559)

2016-03-25 13:10:09.346	ERROR	EZSQLException sql save in buffer, с сообщением: SQL Error: database is locked: library routine called out of sequence | INSERT INTO weight
(pkdat, num, num_ingot, id_asutp, heat, timestamp, weight)
VALUES(1603242, 15, 5,
240316201505,
231467, strftime('%s','now'), 5.201)

2016-03-25 13:10:12.380	ERROR	EZSQLException sql save in buffer, с сообщением: SQL Error: database is locked: library routine called out of sequence | INSERT INTO weight
(pkdat, num, num_ingot, id_asutp, heat, timestamp, weight)
VALUES(1603242, 15, 5,
240316201505,
231467, strftime('%s','now'), 6.328)

2016-03-25 13:10:15.434	ERROR	EZSQLException sql save in buffer, с сообщением: SQL Error: database is locked: library routine called out of sequence | INSERT INTO weight
(pkdat, num, num_ingot, id_asutp, heat, timestamp, weight)
VALUES(1603242, 15, 5,
240316201505,
231467, strftime('%s','now'), 6.988)

2016-03-25 13:10:19.676	ERROR	EZSQLException sql save in buffer, с сообщением: SQL Error: database is locked: library routine called out of sequence | INSERT INTO weight
(pkdat, num, num_ingot, id_asutp, heat, timestamp, weight)
VALUES(1603242, 15, 5,
240316201505,
231467, strftime('%s','now'), 0.802)

2016-03-25 13:10:22.689	ERROR	EZSQLException sql save in buffer, с сообщением: SQL Error: database is locked: library routine called out of sequence | INSERT INTO weight
(pkdat, num, num_ingot, id_asutp, heat, timestamp, weight)
VALUES(1603242, 15, 5,
240316201505,
231467, strftime('%s','now'), 2.780)

2016-03-25 13:10:25.760	ERROR	EZSQLException sql save in buffer, с сообщением: SQL Error: database is locked: library routine called out of sequence | INSERT INTO weight
(pkdat, num, num_ingot, id_asutp, heat, timestamp, weight)
VALUES(1603242, 15, 5,
240316201505,
231467, strftime('%s','now'), 2.067)

2016-03-25 13:10:28.785	ERROR	EZSQLException sql save in buffer, с сообщением: SQL Error: database is locked: library routine called out of sequence | INSERT INTO weight
(pkdat, num, num_ingot, id_asutp, heat, timestamp, weight)
VALUES(1603242, 15, 5,
240316201505,
231467, strftime('%s','now'), 6.766)

2016-03-25 13:10:33.022	ERROR	EZSQLException sql save in buffer, с сообщением: SQL Error: database is locked: library routine called out of sequence | INSERT INTO weight
(pkdat, num, num_ingot, id_asutp, heat, timestamp, weight)
VALUES(1603242, 15, 5,
240316201505,
231467, strftime('%s','now'), 6.867)

2016-03-25 13:10:36.056	ERROR	EZSQLException sql save in buffer, с сообщением: SQL Error: database is locked: library routine called out of sequence | INSERT INTO weight
(pkdat, num, num_ingot, id_asutp, heat, timestamp, weight)
VALUES(1603242, 15, 5,
240316201505,
231467, strftime('%s','now'), 0.605)

2016-03-25 13:10:39.095	ERROR	EZSQLException sql save in buffer, с сообщением: SQL Error: database is locked: library routine called out of sequence | INSERT INTO weight
(pkdat, num, num_ingot, id_asutp, heat, timestamp, weight)
VALUES(1603242, 15, 5,
240316201505,
231467, strftime('%s','now'), 4.425)

2016-03-25 13:10:42.130	ERROR	EZSQLException sql save in buffer, с сообщением: SQL Error: database is locked: library routine called out of sequence | INSERT INTO weight
(pkdat, num, num_ingot, id_asutp, heat, timestamp, weight)
VALUES(1603242, 15, 5,
240316201505,
231467, strftime('%s','now'), 3.544)

2016-03-25 13:10:46.363	ERROR	EZSQLException sql save in buffer, с сообщением: SQL Error: database is locked: library routine called out of sequence | INSERT INTO weight
(pkdat, num, num_ingot, id_asutp, heat, timestamp, weight)
VALUES(1603242, 15, 5,
240316201505,
231467, strftime('%s','now'), 8.806)

2016-03-25 13:10:49.382	ERROR	EZSQLException sql save in buffer, с сообщением: SQL Error: database is locked: library routine called out of sequence | INSERT INTO weight
(pkdat, num, num_ingot, id_asutp, heat, timestamp, weight)
VALUES(1603242, 15, 5,
240316201505,
231467, strftime('%s','now'), 0.799)

2016-03-25 13:10:52.422	ERROR	EZSQLException sql save in buffer, с сообщением: SQL Error: database is locked: library routine called out of sequence | INSERT INTO weight
(pkdat, num, num_ingot, id_asutp, heat, timestamp, weight)
VALUES(1603242, 15, 5,
240316201505,
231467, strftime('%s','now'), 3.485)

2016-03-25 13:10:55.460	ERROR	EZSQLException sql save in buffer, с сообщением: SQL Error: database is locked: library routine called out of sequence | INSERT INTO weight
(pkdat, num, num_ingot, id_asutp, heat, timestamp, weight)
VALUES(1603242, 15, 5,
240316201505,
231467, strftime('%s','now'), 7.444)

2016-03-25 13:10:59.734	ERROR	EZSQLException sql save in buffer, с сообщением: SQL Error: database is locked: library routine called out of sequence | INSERT INTO weight
(pkdat, num, num_ingot, id_asutp, heat, timestamp, weight)
VALUES(1603242, 15, 5,
240316201505,
231467, strftime('%s','now'), 2.432)

2016-03-25 13:11:02.749	ERROR	EZSQLException sql save in buffer, с сообщением: SQL Error: database is locked: library routine called out of sequence | INSERT INTO weight
(pkdat, num, num_ingot, id_asutp, heat, timestamp, weight)
VALUES(1603242, 15, 5,
240316201505,
231467, strftime('%s','now'), 7.820)

2016-03-25 13:11:05.783	ERROR	EZSQLException sql save in buffer, с сообщением: SQL Error: database is locked: library routine called out of sequence | INSERT INTO weight
(pkdat, num, num_ingot, id_asutp, heat, timestamp, weight)
VALUES(1603242, 15, 5,
240316201505,
231467, strftime('%s','now'), 4.629)

2016-03-25 13:11:10.021	ERROR	EZSQLException sql save in buffer, с сообщением: SQL Error: database is locked: library routine called out of sequence | INSERT INTO weight
(pkdat, num, num_ingot, id_asutp, heat, timestamp, weight)
VALUES(1603242, 15, 5,
240316201505,
231467, strftime('%s','now'), 3.668)

2016-03-25 13:11:13.079	ERROR	EZSQLException sql save in buffer, с сообщением: SQL Error: database is locked: library routine called out of sequence | INSERT INTO weight
(pkdat, num, num_ingot, id_asutp, heat, timestamp, weight)
VALUES(1603242, 15, 5,
240316201505,
231467, strftime('%s','now'), 5.376)

2016-03-25 13:11:16.172	ERROR	EZSQLException sql save in buffer, с сообщением: SQL Error: database is locked: library routine called out of sequence | INSERT INTO weight
(pkdat, num, num_ingot, id_asutp, heat, timestamp, weight)
VALUES(1603242, 15, 5,
240316201505,
231467, strftime('%s','now'), 6.941)

2016-03-25 13:11:19.215	ERROR	EZSQLException sql save in buffer, с сообщением: SQL Error: database is locked: library routine called out of sequence | INSERT INTO weight
(pkdat, num, num_ingot, id_asutp, heat, timestamp, weight)
VALUES(1603242, 15, 5,
240316201505,
231467, strftime('%s','now'), 5.957)

2016-03-25 13:11:22.213	ERROR	EZSQLException sql save in buffer, с сообщением: SQL Error: database is locked: library routine called out of sequence | INSERT INTO weight
(pkdat, num, num_ingot, id_asutp, heat, timestamp, weight)
VALUES(1603242, 15, 5,
240316201505,
231467, strftime('%s','now'), 1.517)

2016-03-25 13:11:26.456	ERROR	EZSQLException sql save in buffer, с сообщением: SQL Error: database is locked: library routine called out of sequence | INSERT INTO weight
(pkdat, num, num_ingot, id_asutp, heat, timestamp, weight)
VALUES(1603242, 15, 5,
240316201505,
231467, strftime('%s','now'), 7.748)

2016-03-25 13:11:29.510	ERROR	EZSQLException sql save in buffer, с сообщением: SQL Error: database is locked: library routine called out of sequence | INSERT INTO weight
(pkdat, num, num_ingot, id_asutp, heat, timestamp, weight)
VALUES(1603242, 15, 5,
240316201505,
231467, strftime('%s','now'), 0.711)

2016-03-25 13:11:32.572	ERROR	EZSQLException sql save in buffer, с сообщением: SQL Error: database is locked: library routine called out of sequence | INSERT INTO weight
(pkdat, num, num_ingot, id_asutp, heat, timestamp, weight)
VALUES(1603242, 15, 5,
240316201505,
231467, strftime('%s','now'), 6.445)

2016-03-25 13:11:35.616	ERROR	EZSQLException sql save in buffer, с сообщением: SQL Error: database is locked: library routine called out of sequence | INSERT INTO weight
(pkdat, num, num_ingot, id_asutp, heat, timestamp, weight)
VALUES(1603242, 15, 5,
240316201505,
231467, strftime('%s','now'), 2.650)

2016-03-25 13:11:38.693	ERROR	EZSQLException sql save in buffer, с сообщением: SQL Error: database is locked: library routine called out of sequence | INSERT INTO weight
(pkdat, num, num_ingot, id_asutp, heat, timestamp, weight)
VALUES(1603242, 15, 5,
240316201505,
231467, strftime('%s','now'), 5.658)

2016-03-25 13:11:41.753	ERROR	EZSQLException sql save in buffer, с сообщением: SQL Error: database is locked: library routine called out of sequence | INSERT INTO weight
(pkdat, num, num_ingot, id_asutp, heat, timestamp, weight)
VALUES(1603242, 15, 5,
240316201505,
231467, strftime('%s','now'), 3.201)

2016-03-25 13:11:44.791	ERROR	EZSQLException sql save in buffer, с сообщением: SQL Error: database is locked: library routine called out of sequence | INSERT INTO weight
(pkdat, num, num_ingot, id_asutp, heat, timestamp, weight)
VALUES(1603242, 15, 5,
240316201505,
231467, strftime('%s','now'), 6.039)

2016-03-25 13:11:49.033	ERROR	EZSQLException sql save in buffer, с сообщением: SQL Error: database is locked: library routine called out of sequence | INSERT INTO weight
(pkdat, num, num_ingot, id_asutp, heat, timestamp, weight)
VALUES(1603242, 15, 5,
240316201505,
231467, strftime('%s','now'), 0.159)

2016-03-25 13:11:52.076	ERROR	EZSQLException sql save in buffer, с сообщением: SQL Error: database is locked: library routine called out of sequence | INSERT INTO weight
(pkdat, num, num_ingot, id_asutp, heat, timestamp, weight)
VALUES(1603242, 15, 5,
240316201505,
231467, strftime('%s','now'), 5.725)

2016-03-25 13:11:55.118	ERROR	EZSQLException sql save in buffer, с сообщением: SQL Error: database is locked: library routine called out of sequence | INSERT INTO weight
(pkdat, num, num_ingot, id_asutp, heat, timestamp, weight)
VALUES(1603242, 15, 5,
240316201505,
231467, strftime('%s','now'), 3.982)

2016-03-25 13:11:58.157	ERROR	EZSQLException sql save in buffer, с сообщением: SQL Error: database is locked: library routine called out of sequence | INSERT INTO weight
(pkdat, num, num_ingot, id_asutp, heat, timestamp, weight)
VALUES(1603242, 15, 5,
240316201505,
231467, strftime('%s','now'), 1.614)

2016-03-25 13:12:02.400	ERROR	EZSQLException sql save in buffer, с сообщением: SQL Error: database is locked: library routine called out of sequence | INSERT INTO weight
(pkdat, num, num_ingot, id_asutp, heat, timestamp, weight)
VALUES(1603242, 15, 5,
240316201505,
231467, strftime('%s','now'), 7.035)

2016-03-25 13:12:05.481	ERROR	EZSQLException sql save in buffer, с сообщением: SQL Error: database is locked: library routine called out of sequence | INSERT INTO weight
(pkdat, num, num_ingot, id_asutp, heat, timestamp, weight)
VALUES(1603242, 15, 5,
240316201505,
231467, strftime('%s','now'), 2.778)

2016-03-25 13:12:08.549	ERROR	EZSQLException sql save in buffer, с сообщением: SQL Error: database is locked: library routine called out of sequence | INSERT INTO weight
(pkdat, num, num_ingot, id_asutp, heat, timestamp, weight)
VALUES(1603242, 15, 5,
240316201505,
231467, strftime('%s','now'), 3.748)

2016-03-25 13:12:11.576	ERROR	EZSQLException sql save in buffer, с сообщением: SQL Error: database is locked: library routine called out of sequence | INSERT INTO weight
(pkdat, num, num_ingot, id_asutp, heat, timestamp, weight)
VALUES(1603242, 15, 5,
240316201505,
231467, strftime('%s','now'), 8.635)

2016-03-25 13:12:14.601	ERROR	EZSQLException sql save in buffer, с сообщением: SQL Error: database is locked: library routine called out of sequence | INSERT INTO weight
(pkdat, num, num_ingot, id_asutp, heat, timestamp, weight)
VALUES(1603242, 15, 5,
240316201505,
231467, strftime('%s','now'), 7.246)

2016-03-25 13:12:18.810	ERROR	EZSQLException sql save in buffer, с сообщением: SQL Error: database is locked: library routine called out of sequence | INSERT INTO weight
(pkdat, num, num_ingot, id_asutp, heat, timestamp, weight)
VALUES(1603242, 15, 5,
240316201505,
231467, strftime('%s','now'), 8.110)

2016-03-25 13:12:21.854	ERROR	EZSQLException sql save in buffer, с сообщением: SQL Error: database is locked: library routine called out of sequence | INSERT INTO weight
(pkdat, num, num_ingot, id_asutp, heat, timestamp, weight)
VALUES(1603242, 15, 5,
240316201505,
231467, strftime('%s','now'), 7.827)

2016-03-25 13:12:24.896	ERROR	EZSQLException sql save in buffer, с сообщением: SQL Error: database is locked: library routine called out of sequence | INSERT INTO weight
(pkdat, num, num_ingot, id_asutp, heat, timestamp, weight)
VALUES(1603242, 15, 5,
240316201505,
231467, strftime('%s','now'), 1.730)

2016-03-25 13:12:27.941	ERROR	EZSQLException sql save in buffer, с сообщением: SQL Error: database is locked: library routine called out of sequence | INSERT INTO weight
(pkdat, num, num_ingot, id_asutp, heat, timestamp, weight)
VALUES(1603242, 15, 5,
240316201505,
231467, strftime('%s','now'), 8.518)

2016-03-25 13:12:32.148	ERROR	EZSQLException sql save in buffer, с сообщением: SQL Error: database is locked: library routine called out of sequence | INSERT INTO weight
(pkdat, num, num_ingot, id_asutp, heat, timestamp, weight)
VALUES(1603242, 15, 5,
240316201505,
231467, strftime('%s','now'), 5.363)

2016-03-25 13:12:35.180	ERROR	EZSQLException sql save in buffer, с сообщением: SQL Error: database is locked: library routine called out of sequence | INSERT INTO weight
(pkdat, num, num_ingot, id_asutp, heat, timestamp, weight)
VALUES(1603242, 15, 5,
240316201505,
231467, strftime('%s','now'), 8.378)

2016-03-25 13:12:38.227	ERROR	EZSQLException sql save in buffer, с сообщением: SQL Error: database is locked: library routine called out of sequence | INSERT INTO weight
(pkdat, num, num_ingot, id_asutp, heat, timestamp, weight)
VALUES(1603242, 15, 5,
240316201505,
231467, strftime('%s','now'), 3.114)

2016-03-25 13:12:41.275	ERROR	EZSQLException sql save in buffer, с сообщением: SQL Error: database is locked: library routine called out of sequence | INSERT INTO weight
(pkdat, num, num_ingot, id_asutp, heat, timestamp, weight)
VALUES(1603242, 15, 5,
240316201505,
231467, strftime('%s','now'), 0.)

2016-03-25 13:12:45.551	ERROR	EZSQLException sql save in buffer, с сообщением: SQL Error: database is locked: library routine called out of sequence | INSERT INTO weight
(pkdat, num, num_ingot, id_asutp, heat, timestamp, weight)
VALUES(1603242, 15, 5,
240316201505,
231467, strftime('%s','now'), 1.012)

2016-03-25 13:12:48.562	ERROR	EZSQLException sql save in buffer, с сообщением: SQL Error: database is locked: library routine called out of sequence | INSERT INTO weight
(pkdat, num, num_ingot, id_asutp, heat, timestamp, weight)
VALUES(1603242, 15, 5,
240316201505,
231467, strftime('%s','now'), 6.966)

2016-03-25 13:12:52.767	ERROR	EZSQLException sql save in buffer, с сообщением: SQL Error: database is locked: library routine called out of sequence | INSERT INTO weight
(pkdat, num, num_ingot, id_asutp, heat, timestamp, weight)
VALUES(1603242, 15, 5,
240316201505,
231467, strftime('%s','now'), 6.185)

2016-03-25 13:12:55.798	ERROR	EZSQLException sql save in buffer, с сообщением: SQL Error: database is locked: library routine called out of sequence | INSERT INTO weight
(pkdat, num, num_ingot, id_asutp, heat, timestamp, weight)
VALUES(1603242, 15, 5,
240316201505,
231467, strftime('%s','now'), 1.017)

2016-03-25 13:12:58.832	ERROR	EZSQLException sql save in buffer, с сообщением: SQL Error: database is locked: library routine called out of sequence | INSERT INTO weight
(pkdat, num, num_ingot, id_asutp, heat, timestamp, weight)
VALUES(1603242, 15, 5,
240316201505,
231467, strftime('%s','now'), 3.799)

2016-03-25 13:13:01.879	ERROR	EZSQLException sql save in buffer, с сообщением: SQL Error: database is locked: library routine called out of sequence | INSERT INTO weight
(pkdat, num, num_ingot, id_asutp, heat, timestamp, weight)
VALUES(1603242, 15, 5,
240316201505,
231467, strftime('%s','now'), 7.525)

2016-03-25 13:13:06.129	ERROR	EZSQLException sql save in buffer, с сообщением: SQL Error: database is locked: library routine called out of sequence | INSERT INTO weight
(pkdat, num, num_ingot, id_asutp, heat, timestamp, weight)
VALUES(1603242, 15, 5,
240316201505,
231467, strftime('%s','now'), 7.114)

2016-03-25 13:13:09.169	ERROR	EZSQLException sql save in buffer, с сообщением: SQL Error: database is locked: library routine called out of sequence | INSERT INTO weight
(pkdat, num, num_ingot, id_asutp, heat, timestamp, weight)
VALUES(1603242, 15, 5,
240316201505,
231467, strftime('%s','now'), 2.854)

2016-03-25 13:13:12.203	ERROR	EZSQLException sql save in buffer, с сообщением: SQL Error: database is locked: library routine called out of sequence | INSERT INTO weight
(pkdat, num, num_ingot, id_asutp, heat, timestamp, weight)
VALUES(1603242, 15, 5,
240316201505,
231467, strftime('%s','now'), 6.358)

2016-03-25 13:13:15.274	ERROR	EZSQLException sql save in buffer, с сообщением: SQL Error: database is locked: library routine called out of sequence | INSERT INTO weight
(pkdat, num, num_ingot, id_asutp, heat, timestamp, weight)
VALUES(1603242, 15, 5,
240316201505,
231467, strftime('%s','now'), 0.259)

2016-03-25 13:13:18.357	ERROR	EZSQLException sql save in buffer, с сообщением: SQL Error: database is locked: library routine called out of sequence | INSERT INTO weight
(pkdat, num, num_ingot, id_asutp, heat, timestamp, weight)
VALUES(1603242, 15, 5,
240316201505,
231467, strftime('%s','now'), 6.914)

2016-03-25 13:13:21.379	ERROR	EZSQLException sql save in buffer, с сообщением: SQL Error: database is locked: library routine called out of sequence | INSERT INTO weight
(pkdat, num, num_ingot, id_asutp, heat, timestamp, weight)
VALUES(1603242, 15, 5,
240316201505,
231467, strftime('%s','now'), 5.321)

2016-03-25 13:13:25.637	ERROR	EZSQLException sql save in buffer, с сообщением: SQL Error: database is locked: library routine called out of sequence | INSERT INTO weight
(pkdat, num, num_ingot, id_asutp, heat, timestamp, weight)
VALUES(1603242, 15, 5,
240316201505,
231467, strftime('%s','now'), 4.417)

2016-03-25 13:13:28.676	ERROR	EZSQLException sql save in buffer, с сообщением: SQL Error: database is locked: library routine called out of sequence | INSERT INTO weight
(pkdat, num, num_ingot, id_asutp, heat, timestamp, weight)
VALUES(1603242, 15, 5,
240316201505,
231467, strftime('%s','now'), 8.465)

2016-03-25 13:13:31.711	ERROR	EZSQLException sql save in buffer, с сообщением: SQL Error: database is locked: library routine called out of sequence | INSERT INTO weight
(pkdat, num, num_ingot, id_asutp, heat, timestamp, weight)
VALUES(1603242, 15, 5,
240316201505,
231467, strftime('%s','now'), 4.216)

2016-03-25 13:13:34.753	ERROR	EZSQLException sql save in buffer, с сообщением: SQL Error: database is locked: library routine called out of sequence | INSERT INTO weight
(pkdat, num, num_ingot, id_asutp, heat, timestamp, weight)
VALUES(1603242, 15, 5,
240316201505,
231467, strftime('%s','now'), 2.590)

2016-03-25 13:13:37.800	ERROR	EZSQLException sql save in buffer, с сообщением: SQL Error: database is locked: library routine called out of sequence | INSERT INTO weight
(pkdat, num, num_ingot, id_asutp, heat, timestamp, weight)
VALUES(1603242, 15, 5,
240316201505,
231467, strftime('%s','now'), 4)

2016-03-25 13:13:42.038	ERROR	EZSQLException sql save in buffer, с сообщением: SQL Error: database is locked: library routine called out of sequence | INSERT INTO weight
(pkdat, num, num_ingot, id_asutp, heat, timestamp, weight)
VALUES(1603242, 15, 5,
240316201505,
231467, strftime('%s','now'), 4.486)

2016-03-25 13:13:45.084	ERROR	EZSQLException sql save in buffer, с сообщением: SQL Error: database is locked: library routine called out of sequence | INSERT INTO weight
(pkdat, num, num_ingot, id_asutp, heat, timestamp, weight)
VALUES(1603242, 15, 5,
240316201505,
231467, strftime('%s','now'), 7.365)

2016-03-25 13:13:48.111	ERROR	EZSQLException sql save in buffer, с сообщением: SQL Error: database is locked: library routine called out of sequence | INSERT INTO weight
(pkdat, num, num_ingot, id_asutp, heat, timestamp, weight)
VALUES(1603242, 15, 5,
240316201505,
231467, strftime('%s','now'), 7.679)

2016-03-25 13:13:52.343	ERROR	EZSQLException sql save in buffer, с сообщением: SQL Error: database is locked: library routine called out of sequence | INSERT INTO weight
(pkdat, num, num_ingot, id_asutp, heat, timestamp, weight)
VALUES(1603242, 15, 5,
240316201505,
231467, strftime('%s','now'), 0.993)

2016-03-25 13:13:55.390	ERROR	EZSQLException sql save in buffer, с сообщением: SQL Error: database is locked: library routine called out of sequence | INSERT INTO weight
(pkdat, num, num_ingot, id_asutp, heat, timestamp, weight)
VALUES(1603242, 15, 5,
240316201505,
231467, strftime('%s','now'), 2.027)

2016-03-25 13:13:58.424	ERROR	EZSQLException sql save in buffer, с сообщением: SQL Error: database is locked: library routine called out of sequence | INSERT INTO weight
(pkdat, num, num_ingot, id_asutp, heat, timestamp, weight)
VALUES(1603242, 15, 5,
240316201505,
231467, strftime('%s','now'), 5.653)

2016-03-25 13:14:01.481	ERROR	EZSQLException sql save in buffer, с сообщением: SQL Error: database is locked: library routine called out of sequence | INSERT INTO weight
(pkdat, num, num_ingot, id_asutp, heat, timestamp, weight)
VALUES(1603242, 15, 5,
240316201505,
231467, strftime('%s','now'), 8.654)

2016-03-25 13:14:04.508	ERROR	EZSQLException sql save in buffer, с сообщением: SQL Error: database is locked: library routine called out of sequence | INSERT INTO weight
(pkdat, num, num_ingot, id_asutp, heat, timestamp, weight)
VALUES(1603242, 15, 5,
240316201505,
231467, strftime('%s','now'), 2.420)

2016-03-25 13:14:08.736	ERROR	EZSQLException sql save in buffer, с сообщением: SQL Error: database is locked: library routine called out of sequence | INSERT INTO weight
(pkdat, num, num_ingot, id_asutp, heat, timestamp, weight)
VALUES(1603242, 15, 5,
240316201505,
231467, strftime('%s','now'), 6.041)

2016-03-25 13:14:11.803	ERROR	EZSQLException sql save in buffer, с сообщением: SQL Error: database is locked: library routine called out of sequence | INSERT INTO weight
(pkdat, num, num_ingot, id_asutp, heat, timestamp, weight)
VALUES(1603242, 15, 5,
240316201505,
231467, strftime('%s','now'), 6.387)

2016-03-25 13:14:14.851	ERROR	EZSQLException sql save in buffer, с сообщением: SQL Error: database is locked: library routine called out of sequence | INSERT INTO weight
(pkdat, num, num_ingot, id_asutp, heat, timestamp, weight)
VALUES(1603242, 15, 5,
240316201505,
231467, strftime('%s','now'), 1.396)

2016-03-25 13:14:17.893	ERROR	EZSQLException sql save in buffer, с сообщением: SQL Error: database is locked: library routine called out of sequence | INSERT INTO weight
(pkdat, num, num_ingot, id_asutp, heat, timestamp, weight)
VALUES(1603242, 15, 5,
240316201505,
231467, strftime('%s','now'), 5.979)

2016-03-25 13:14:20.948	ERROR	EZSQLException sql save in buffer, с сообщением: SQL Error: database is locked: library routine called out of sequence | INSERT INTO weight
(pkdat, num, num_ingot, id_asutp, heat, timestamp, weight)
VALUES(1603242, 15, 5,
240316201505,
231467, strftime('%s','now'), 5.056)

2016-03-25 13:14:24.003	ERROR	EZSQLException sql save in buffer, с сообщением: SQL Error: database is locked: library routine called out of sequence | INSERT INTO weight
(pkdat, num, num_ingot, id_asutp, heat, timestamp, weight)
VALUES(1603242, 15, 5,
240316201505,
231467, strftime('%s','now'), 2.53)

2016-03-25 13:14:27.161	ERROR	EZSQLException sql save in buffer, с сообщением: SQL Error: database is locked: library routine called out of sequence | INSERT INTO weight
(pkdat, num, num_ingot, id_asutp, heat, timestamp, weight)
VALUES(1603242, 15, 5,
240316201505,
231467, strftime('%s','now'), 2.651)

2016-03-25 13:14:35.365	ERROR	EZSQLException sql save in buffer, с сообщением: SQL Error: database is locked: library routine called out of sequence | INSERT INTO weight
(pkdat, num, num_ingot, id_asutp, heat, timestamp, weight)
VALUES(1603242, 15, 5,
240316201505,
231467, strftime('%s','now'), 2.619)

2016-03-25 13:14:38.392	ERROR	EZSQLException sql save in buffer, с сообщением: SQL Error: database is locked: library routine called out of sequence | INSERT INTO weight
(pkdat, num, num_ingot, id_asutp, heat, timestamp, weight)
VALUES(1603242, 15, 5,
240316201505,
231467, strftime('%s','now'), 4.138)

2016-03-25 13:14:42.633	ERROR	EZSQLException sql save in buffer, с сообщением: SQL Error: database is locked: library routine called out of sequence | INSERT INTO weight
(pkdat, num, num_ingot, id_asutp, heat, timestamp, weight)
VALUES(1603242, 15, 5,
240316201505,
231467, strftime('%s','now'), 7.675)

2016-03-25 13:14:45.674	ERROR	EZSQLException sql save in buffer, с сообщением: SQL Error: database is locked: library routine called out of sequence | INSERT INTO weight
(pkdat, num, num_ingot, id_asutp, heat, timestamp, weight)
VALUES(1603242, 15, 5,
240316201505,
231467, strftime('%s','now'), 8.942)

2016-03-25 13:14:47.658	ERROR	EZSQLException sql save in buffer, с сообщением: SQL Error: database is locked: library routine called out of sequence | INSERT INTO weight
(pkdat, num, num_ingot, id_asutp, heat, timestamp, weight)
VALUES(1603242, 15, 5,
240316201505,
231467, strftime('%s','now'), 8.064)

2016-03-25 13:14:53.776	ERROR	EZSQLException sql save in buffer, с сообщением: SQL Error: database is locked: library routine called out of sequence | INSERT INTO weight
(pkdat, num, num_ingot, id_asutp, heat, timestamp, weight)
VALUES(1603242, 15, 5,
240316201505,
231467, strftime('%s','now'), 4)

2016-03-25 13:14:58.048	ERROR	EZSQLException sql save in buffer, с сообщением: SQL Error: database is locked: library routine called out of sequence | INSERT INTO weight
(pkdat, num, num_ingot, id_asutp, heat, timestamp, weight)
VALUES(1603242, 15, 5,
240316201505,
231467, strftime('%s','now'), 0.580)

2016-03-25 13:15:01.092	ERROR	EZSQLException sql save in buffer, с сообщением: SQL Error: database is locked: library routine called out of sequence | INSERT INTO weight
(pkdat, num, num_ingot, id_asutp, heat, timestamp, weight)
VALUES(1603242, 15, 5,
240316201505,
231467, strftime('%s','now'), 5.743)

2016-03-25 13:15:04.124	ERROR	EZSQLException sql save in buffer, с сообщением: SQL Error: database is locked: library routine called out of sequence | INSERT INTO weight
(pkdat, num, num_ingot, id_asutp, heat, timestamp, weight)
VALUES(1603242, 15, 5,
240316201505,
231467, strftime('%s','now'), 3.871)

2016-03-25 13:15:07.130	ERROR	EZSQLException sql save in buffer, с сообщением: SQL Error: database is locked: library routine called out of sequence | INSERT INTO weight
(pkdat, num, num_ingot, id_asutp, heat, timestamp, weight)
VALUES(1603242, 15, 5,
240316201505,
231467, strftime('%s','now'), 4.765)

2016-03-25 13:15:11.369	ERROR	EZSQLException sql save in buffer, с сообщением: SQL Error: database is locked: library routine called out of sequence | INSERT INTO weight
(pkdat, num, num_ingot, id_asutp, heat, timestamp, weight)
VALUES(1603242, 15, 5,
240316201505,
231467, strftime('%s','now'), 3.350)

2016-03-25 13:15:14.402	ERROR	EZSQLException sql save in buffer, с сообщением: SQL Error: database is locked: library routine called out of sequence | INSERT INTO weight
(pkdat, num, num_ingot, id_asutp, heat, timestamp, weight)
VALUES(1603242, 15, 5,
240316201505,
231467, strftime('%s','now'), 6.319)

2016-03-25 13:15:17.440	ERROR	EZSQLException sql save in buffer, с сообщением: SQL Error: database is locked: library routine called out of sequence | INSERT INTO weight
(pkdat, num, num_ingot, id_asutp, heat, timestamp, weight)
VALUES(1603242, 15, 5,
240316201505,
231467, strftime('%s','now'), 2.831)

2016-03-25 13:15:21.643	ERROR	EZSQLException sql save in buffer, с сообщением: SQL Error: database is locked: library routine called out of sequence | INSERT INTO weight
(pkdat, num, num_ingot, id_asutp, heat, timestamp, weight)
VALUES(1603242, 15, 5,
240316201505,
231467, strftime('%s','now'), 7.269)

2016-03-25 13:15:24.685	ERROR	EZSQLException sql save in buffer, с сообщением: SQL Error: database is locked: library routine called out of sequence | INSERT INTO weight
(pkdat, num, num_ingot, id_asutp, heat, timestamp, weight)
VALUES(1603242, 15, 5,
240316201505,
231467, strftime('%s','now'), 8.072)

2016-03-25 13:15:27.733	ERROR	EZSQLException sql save in buffer, с сообщением: SQL Error: database is locked: library routine called out of sequence | INSERT INTO weight
(pkdat, num, num_ingot, id_asutp, heat, timestamp, weight)
VALUES(1603242, 15, 5,
240316201505,
231467, strftime('%s','now'), 5.184)

2016-03-25 13:15:30.780	ERROR	EZSQLException sql save in buffer, с сообщением: SQL Error: database is locked: library routine called out of sequence | INSERT INTO weight
(pkdat, num, num_ingot, id_asutp, heat, timestamp, weight)
VALUES(1603242, 15, 5,
240316201505,
231467, strftime('%s','now'), 8.241)

2016-03-25 13:15:32.815	ERROR	EZSQLException sql save in buffer, с сообщением: SQL Error: database is locked: library routine called out of sequence | INSERT INTO weight
(pkdat, num, num_ingot, id_asutp, heat, timestamp, weight)
VALUES(1603242, 15, 5,
240316201505,
231467, strftime('%s','now'), 8.018)

2016-03-25 13:15:35.892	ERROR	EZSQLException sql save in buffer, с сообщением: SQL Error: database is locked: library routine called out of sequence | INSERT INTO weight
(pkdat, num, num_ingot, id_asutp, heat, timestamp, weight)
VALUES(1603242, 15, 5,
240316201505,
231467, strftime('%s','now'), 5.781)

2016-03-25 13:15:38.947	ERROR	EZSQLException sql save in buffer, с сообщением: SQL Error: database is locked: library routine called out of sequence | INSERT INTO weight
(pkdat, num, num_ingot, id_asutp, heat, timestamp, weight)
VALUES(1603242, 15, 5,
240316201505,
231467, strftime('%s','now'), 8.412)

2016-03-25 13:15:43.221	ERROR	EZSQLException sql save in buffer, с сообщением: SQL Error: database is locked: library routine called out of sequence | INSERT INTO weight
(pkdat, num, num_ingot, id_asutp, heat, timestamp, weight)
VALUES(1603242, 15, 5,
240316201505,
231467, strftime('%s','now'), 4.125)

2016-03-25 13:15:46.300	ERROR	EZSQLException sql save in buffer, с сообщением: SQL Error: database is locked: library routine called out of sequence | INSERT INTO weight
(pkdat, num, num_ingot, id_asutp, heat, timestamp, weight)
VALUES(1603242, 15, 5,
240316201505,
231467, strftime('%s','now'), 5.786)

2016-03-25 13:15:49.363	ERROR	EZSQLException sql save in buffer, с сообщением: SQL Error: database is locked: library routine called out of sequence | INSERT INTO weight
(pkdat, num, num_ingot, id_asutp, heat, timestamp, weight)
VALUES(1603242, 15, 5,
240316201505,
231467, strftime('%s','now'), 6.300)

2016-03-25 13:15:52.404	ERROR	EZSQLException sql save in buffer, с сообщением: SQL Error: database is locked: library routine called out of sequence | INSERT INTO weight
(pkdat, num, num_ingot, id_asutp, heat, timestamp, weight)
VALUES(1603242, 15, 5,
240316201505,
231467, strftime('%s','now'), 8.598)

2016-03-25 13:15:55.447	ERROR	EZSQLException sql save in buffer, с сообщением: SQL Error: database is locked: library routine called out of sequence | INSERT INTO weight
(pkdat, num, num_ingot, id_asutp, heat, timestamp, weight)
VALUES(1603242, 15, 5,
240316201505,
231467, strftime('%s','now'), 0.675)

2016-03-25 13:15:58.515	ERROR	EZSQLException sql save in buffer, с сообщением: SQL Error: database is locked: library routine called out of sequence | INSERT INTO weight
(pkdat, num, num_ingot, id_asutp, heat, timestamp, weight)
VALUES(1603242, 15, 5,
240316201505,
231467, strftime('%s','now'), 6.448)

2016-03-25 13:16:01.566	ERROR	EZSQLException sql save in buffer, с сообщением: SQL Error: database is locked: library routine called out of sequence | INSERT INTO weight
(pkdat, num, num_ingot, id_asutp, heat, timestamp, weight)
VALUES(1603242, 15, 5,
240316201505,
231467, strftime('%s','now'), 3)

2016-03-25 13:16:05.820	ERROR	EZSQLException sql save in buffer, с сообщением: SQL Error: database is locked: library routine called out of sequence | INSERT INTO weight
(pkdat, num, num_ingot, id_asutp, heat, timestamp, weight)
VALUES(1603242, 15, 5,
240316201505,
231467, strftime('%s','now'), 8.141)

2016-03-25 13:16:08.867	ERROR	EZSQLException sql save in buffer, с сообщением: SQL Error: database is locked: library routine called out of sequence | INSERT INTO weight
(pkdat, num, num_ingot, id_asutp, heat, timestamp, weight)
VALUES(1603242, 15, 5,
240316201505,
231467, strftime('%s','now'), 7.757)

2016-03-25 13:16:11.917	ERROR	EZSQLException sql save in buffer, с сообщением: SQL Error: database is locked: library routine called out of sequence | INSERT INTO weight
(pkdat, num, num_ingot, id_asutp, heat, timestamp, weight)
VALUES(1603242, 15, 5,
240316201505,
231467, strftime('%s','now'), 6.374)

2016-03-25 13:16:14.968	ERROR	EZSQLException sql save in buffer, с сообщением: SQL Error: database is locked: library routine called out of sequence | INSERT INTO weight
(pkdat, num, num_ingot, id_asutp, heat, timestamp, weight)
VALUES(1603242, 15, 5,
240316201505,
231467, strftime('%s','now'), 8.291)

2016-03-25 13:16:18.022	ERROR	EZSQLException sql save in buffer, с сообщением: SQL Error: database is locked: library routine called out of sequence | INSERT INTO weight
(pkdat, num, num_ingot, id_asutp, heat, timestamp, weight)
VALUES(1603242, 15, 5,
240316201505,
231467, strftime('%s','now'), 6.561)

2016-03-25 13:16:21.081	ERROR	EZSQLException sql save in buffer, с сообщением: SQL Error: database is locked: library routine called out of sequence | INSERT INTO weight
(pkdat, num, num_ingot, id_asutp, heat, timestamp, weight)
VALUES(1603242, 15, 5,
240316201505,
231467, strftime('%s','now'), 4.383)

2016-03-25 13:16:25.322	ERROR	EZSQLException sql save in buffer, с сообщением: SQL Error: database is locked: library routine called out of sequence | INSERT INTO weight
(pkdat, num, num_ingot, id_asutp, heat, timestamp, weight)
VALUES(1603242, 15, 5,
240316201505,
231467, strftime('%s','now'), 6.837)

2016-03-25 13:16:28.358	ERROR	EZSQLException sql save in buffer, с сообщением: SQL Error: database is locked: library routine called out of sequence | INSERT INTO weight
(pkdat, num, num_ingot, id_asutp, heat, timestamp, weight)
VALUES(1603242, 15, 5,
240316201505,
231467, strftime('%s','now'), 4.240)

2016-03-25 13:16:31.432	ERROR	EZSQLException sql save in buffer, с сообщением: SQL Error: database is locked: library routine called out of sequence | INSERT INTO weight
(pkdat, num, num_ingot, id_asutp, heat, timestamp, weight)
VALUES(1603242, 15, 5,
240316201505,
231467, strftime('%s','now'), 2.519)

2016-03-25 13:16:34.479	ERROR	EZSQLException sql save in buffer, с сообщением: SQL Error: database is locked: library routine called out of sequence | INSERT INTO weight
(pkdat, num, num_ingot, id_asutp, heat, timestamp, weight)
VALUES(1603242, 15, 5,
240316201505,
231467, strftime('%s','now'), 3.337)

2016-03-25 13:16:37.514	ERROR	EZSQLException sql save in buffer, с сообщением: SQL Error: database is locked: library routine called out of sequence | INSERT INTO weight
(pkdat, num, num_ingot, id_asutp, heat, timestamp, weight)
VALUES(1603242, 15, 5,
240316201505,
231467, strftime('%s','now'), 7.326)

2016-03-25 13:16:41.771	ERROR	EZSQLException sql save in buffer, с сообщением: SQL Error: database is locked: library routine called out of sequence | INSERT INTO weight
(pkdat, num, num_ingot, id_asutp, heat, timestamp, weight)
VALUES(1603242, 15, 5,
240316201505,
231467, strftime('%s','now'), 3.378)

2016-03-25 13:16:44.809	ERROR	EZSQLException sql save in buffer, с сообщением: SQL Error: database is locked: library routine called out of sequence | INSERT INTO weight
(pkdat, num, num_ingot, id_asutp, heat, timestamp, weight)
VALUES(1603242, 15, 5,
240316201505,
231467, strftime('%s','now'), 0.474)

2016-03-25 13:16:47.837	ERROR	EZSQLException sql save in buffer, с сообщением: SQL Error: database is locked: library routine called out of sequence | INSERT INTO weight
(pkdat, num, num_ingot, id_asutp, heat, timestamp, weight)
VALUES(1603242, 15, 5,
240316201505,
231467, strftime('%s','now'), 7.556)

2016-03-25 13:16:50.890	ERROR	EZSQLException sql save in buffer, с сообщением: SQL Error: database is locked: library routine called out of sequence | INSERT INTO weight
(pkdat, num, num_ingot, id_asutp, heat, timestamp, weight)
VALUES(1603242, 15, 5,
240316201505,
231467, strftime('%s','now'), 6.675)

2016-03-25 13:16:53.937	ERROR	EZSQLException sql save in buffer, с сообщением: SQL Error: database is locked: library routine called out of sequence | INSERT INTO weight
(pkdat, num, num_ingot, id_asutp, heat, timestamp, weight)
VALUES(1603242, 15, 5,
240316201505,
231467, strftime('%s','now'), 7.213)

2016-03-25 13:16:58.178	ERROR	EZSQLException sql save in buffer, с сообщением: SQL Error: database is locked: library routine called out of sequence | INSERT INTO weight
(pkdat, num, num_ingot, id_asutp, heat, timestamp, weight)
VALUES(1603242, 15, 5,
240316201505,
231467, strftime('%s','now'), 6.222)

2016-03-25 13:17:01.239	ERROR	EZSQLException sql save in buffer, с сообщением: SQL Error: database is locked: library routine called out of sequence | INSERT INTO weight
(pkdat, num, num_ingot, id_asutp, heat, timestamp, weight)
VALUES(1603242, 15, 5,
240316201505,
231467, strftime('%s','now'), 7.648)

2016-03-25 13:17:04.276	ERROR	EZSQLException sql save in buffer, с сообщением: SQL Error: database is locked: library routine called out of sequence | INSERT INTO weight
(pkdat, num, num_ingot, id_asutp, heat, timestamp, weight)
VALUES(1603242, 15, 5,
240316201505,
231467, strftime('%s','now'), 4.141)

2016-03-25 13:17:07.317	ERROR	EZSQLException sql save in buffer, с сообщением: SQL Error: database is locked: library routine called out of sequence | INSERT INTO weight
(pkdat, num, num_ingot, id_asutp, heat, timestamp, weight)
VALUES(1603242, 15, 5,
240316201505,
231467, strftime('%s','now'), 8.389)

2016-03-25 13:17:10.389	ERROR	EZSQLException sql save in buffer, с сообщением: SQL Error: database is locked: library routine called out of sequence | INSERT INTO weight
(pkdat, num, num_ingot, id_asutp, heat, timestamp, weight)
VALUES(1603242, 15, 5,
240316201505,
231467, strftime('%s','now'), 1.510)

2016-03-25 13:17:13.439	ERROR	EZSQLException sql save in buffer, с сообщением: SQL Error: database is locked: library routine called out of sequence | INSERT INTO weight
(pkdat, num, num_ingot, id_asutp, heat, timestamp, weight)
VALUES(1603242, 15, 5,
240316201505,
231467, strftime('%s','now'), 8.861)

2016-03-25 13:17:17.667	ERROR	EZSQLException sql save in buffer, с сообщением: SQL Error: database is locked: library routine called out of sequence | INSERT INTO weight
(pkdat, num, num_ingot, id_asutp, heat, timestamp, weight)
VALUES(1603242, 15, 5,
240316201505,
231467, strftime('%s','now'), 2.302)

2016-03-25 13:17:20.708	ERROR	EZSQLException sql save in buffer, с сообщением: SQL Error: database is locked: library routine called out of sequence | INSERT INTO weight
(pkdat, num, num_ingot, id_asutp, heat, timestamp, weight)
VALUES(1603242, 15, 5,
240316201505,
231467, strftime('%s','now'), 5.497)

2016-03-25 13:17:23.740	ERROR	EZSQLException sql save in buffer, с сообщением: SQL Error: database is locked: library routine called out of sequence | INSERT INTO weight
(pkdat, num, num_ingot, id_asutp, heat, timestamp, weight)
VALUES(1603242, 15, 5,
240316201505,
231467, strftime('%s','now'), 6.876)

2016-03-25 13:17:26.785	ERROR	EZSQLException sql save in buffer, с сообщением: SQL Error: database is locked: library routine called out of sequence | INSERT INTO weight
(pkdat, num, num_ingot, id_asutp, heat, timestamp, weight)
VALUES(1603242, 15, 5,
240316201505,
231467, strftime('%s','now'), 5.04)

2016-03-25 13:17:31.026	ERROR	EZSQLException sql save in buffer, с сообщением: SQL Error: database is locked: library routine called out of sequence | INSERT INTO weight
(pkdat, num, num_ingot, id_asutp, heat, timestamp, weight)
VALUES(1603242, 15, 5,
240316201505,
231467, strftime('%s','now'), 2.093)

2016-03-25 13:17:38.238	ERROR	EZSQLException sql save in buffer, с сообщением: SQL Error: database is locked: library routine called out of sequence | INSERT INTO weight
(pkdat, num, num_ingot, id_asutp, heat, timestamp, weight)
VALUES(1603242, 15, 5,
240316201505,
231467, strftime('%s','now'), 2.114)

2016-03-25 13:17:41.297	ERROR	EZSQLException sql save in buffer, с сообщением: SQL Error: database is locked: library routine called out of sequence | INSERT INTO weight
(pkdat, num, num_ingot, id_asutp, heat, timestamp, weight)
VALUES(1603242, 15, 5,
240316201505,
231467, strftime('%s','now'), 3.834)

2016-03-25 13:17:44.337	ERROR	EZSQLException sql save in buffer, с сообщением: SQL Error: database is locked: library routine called out of sequence | INSERT INTO weight
(pkdat, num, num_ingot, id_asutp, heat, timestamp, weight)
VALUES(1603242, 15, 5,
240316201505,
231467, strftime('%s','now'), 5.119)

2016-03-25 13:17:47.371	ERROR	EZSQLException sql save in buffer, с сообщением: SQL Error: database is locked: library routine called out of sequence | INSERT INTO weight
(pkdat, num, num_ingot, id_asutp, heat, timestamp, weight)
VALUES(1603242, 15, 5,
240316201505,
231467, strftime('%s','now'), 1.766)

2016-03-25 13:17:50.418	ERROR	EZSQLException sql save in buffer, с сообщением: SQL Error: database is locked: library routine called out of sequence | INSERT INTO weight
(pkdat, num, num_ingot, id_asutp, heat, timestamp, weight)
VALUES(1603242, 15, 5,
240316201505,
231467, strftime('%s','now'), 3.539)

2016-03-25 13:17:54.669	ERROR	EZSQLException sql save in buffer, с сообщением: SQL Error: database is locked: library routine called out of sequence | INSERT INTO weight
(pkdat, num, num_ingot, id_asutp, heat, timestamp, weight)
VALUES(1603242, 15, 5,
240316201505,
231467, strftime('%s','now'), 4.472)

2016-03-25 13:18:01.846	ERROR	EZSQLException sql save in buffer, с сообщением: SQL Error: database is locked: library routine called out of sequence | INSERT INTO weight
(pkdat, num, num_ingot, id_asutp, heat, timestamp, weight)
VALUES(1603242, 15, 5,
240316201505,
231467, strftime('%s','now'), 7.624)

2016-03-25 13:18:04.899	ERROR	EZSQLException sql save in buffer, с сообщением: SQL Error: database is locked: library routine called out of sequence | INSERT INTO weight
(pkdat, num, num_ingot, id_asutp, heat, timestamp, weight)
VALUES(1603242, 15, 5,
240316201505,
231467, strftime('%s','now'), 8.116)

2016-03-25 13:18:07.957	ERROR	EZSQLException sql save in buffer, с сообщением: SQL Error: database is locked: library routine called out of sequence | INSERT INTO weight
(pkdat, num, num_ingot, id_asutp, heat, timestamp, weight)
VALUES(1603242, 15, 5,
240316201505,
231467, strftime('%s','now'), 3.321)

2016-03-25 13:18:10.991	ERROR	EZSQLException sql save in buffer, с сообщением: SQL Error: database is locked: library routine called out of sequence | INSERT INTO weight
(pkdat, num, num_ingot, id_asutp, heat, timestamp, weight)
VALUES(1603242, 15, 5,
240316201505,
231467, strftime('%s','now'), 6.881)

2016-03-25 13:18:14.072	ERROR	EZSQLException sql save in buffer, с сообщением: SQL Error: database is locked: library routine called out of sequence | INSERT INTO weight
(pkdat, num, num_ingot, id_asutp, heat, timestamp, weight)
VALUES(1603242, 15, 5,
240316201505,
231467, strftime('%s','now'), 1.982)

2016-03-25 13:18:16.080	ERROR	EZSQLException sql save in buffer, с сообщением: SQL Error: database is locked: library routine called out of sequence | INSERT INTO weight
(pkdat, num, num_ingot, id_asutp, heat, timestamp, weight)
VALUES(1603242, 15, 5,
240316201505,
231467, strftime('%s','now'), 1.826)

2016-03-25 13:18:19.165	ERROR	EZSQLException sql save in buffer, с сообщением: SQL Error: database is locked: library routine called out of sequence | INSERT INTO weight
(pkdat, num, num_ingot, id_asutp, heat, timestamp, weight)
VALUES(1603242, 15, 5,
240316201505,
231467, strftime('%s','now'), 3.283)

2016-03-25 13:18:23.393	ERROR	EZSQLException sql save in buffer, с сообщением: SQL Error: database is locked: library routine called out of sequence | INSERT INTO weight
(pkdat, num, num_ingot, id_asutp, heat, timestamp, weight)
VALUES(1603242, 15, 5,
240316201505,
231467, strftime('%s','now'), 5.551)

2016-03-25 13:18:26.472	ERROR	EZSQLException sql save in buffer, с сообщением: SQL Error: database is locked: library routine called out of sequence | INSERT INTO weight
(pkdat, num, num_ingot, id_asutp, heat, timestamp, weight)
VALUES(1603242, 15, 5,
240316201505,
231467, strftime('%s','now'), 8.200)

2016-03-25 13:18:29.507	ERROR	EZSQLException sql save in buffer, с сообщением: SQL Error: database is locked: library routine called out of sequence | INSERT INTO weight
(pkdat, num, num_ingot, id_asutp, heat, timestamp, weight)
VALUES(1603242, 15, 5,
240316201505,
231467, strftime('%s','now'), 3.683)

2016-03-25 13:18:32.564	ERROR	EZSQLException sql save in buffer, с сообщением: SQL Error: database is locked: library routine called out of sequence | INSERT INTO weight
(pkdat, num, num_ingot, id_asutp, heat, timestamp, weight)
VALUES(1603242, 15, 5,
240316201505,
231467, strftime('%s','now'), 2.708)

2016-03-25 13:18:35.584	ERROR	EZSQLException sql save in buffer, с сообщением: SQL Error: database is locked: library routine called out of sequence | INSERT INTO weight
(pkdat, num, num_ingot, id_asutp, heat, timestamp, weight)
VALUES(1603242, 15, 5,
240316201505,
231467, strftime('%s','now'), 3.026)

2016-03-25 13:18:38.646	ERROR	EZSQLException sql save in buffer, с сообщением: SQL Error: database is locked: library routine called out of sequence | INSERT INTO weight
(pkdat, num, num_ingot, id_asutp, heat, timestamp, weight)
VALUES(1603242, 15, 5,
240316201505,
231467, strftime('%s','now'), 4.036)

2016-03-25 13:18:41.726	ERROR	EZSQLException sql save in buffer, с сообщением: SQL Error: database is locked: library routine called out of sequence | INSERT INTO weight
(pkdat, num, num_ingot, id_asutp, heat, timestamp, weight)
VALUES(1603242, 15, 5,
240316201505,
231467, strftime('%s','now'), 7.561)

2016-03-25 13:18:45.967	ERROR	EZSQLException sql save in buffer, с сообщением: SQL Error: database is locked: library routine called out of sequence | INSERT INTO weight
(pkdat, num, num_ingot, id_asutp, heat, timestamp, weight)
VALUES(1603242, 15, 5,
240316201505,
231467, strftime('%s','now'), 7.201)

2016-03-25 13:18:49.017	ERROR	EZSQLException sql save in buffer, с сообщением: SQL Error: database is locked: library routine called out of sequence | INSERT INTO weight
(pkdat, num, num_ingot, id_asutp, heat, timestamp, weight)
VALUES(1603242, 15, 5,
240316201505,
231467, strftime('%s','now'), 7.172)

2016-03-25 13:18:52.048	ERROR	EZSQLException sql save in buffer, с сообщением: SQL Error: database is locked: library routine called out of sequence | INSERT INTO weight
(pkdat, num, num_ingot, id_asutp, heat, timestamp, weight)
VALUES(1603242, 15, 5,
240316201505,
231467, strftime('%s','now'), 0.275)

2016-03-25 13:18:55.095	ERROR	EZSQLException sql save in buffer, с сообщением: SQL Error: database is locked: library routine called out of sequence | INSERT INTO weight
(pkdat, num, num_ingot, id_asutp, heat, timestamp, weight)
VALUES(1603242, 15, 5,
240316201505,
231467, strftime('%s','now'), 7.122)

2016-03-25 13:18:59.336	ERROR	EZSQLException sql save in buffer, с сообщением: SQL Error: database is locked: library routine called out of sequence | INSERT INTO weight
(pkdat, num, num_ingot, id_asutp, heat, timestamp, weight)
VALUES(1603242, 15, 5,
240316201505,
231467, strftime('%s','now'), 0.640)

2016-03-25 13:19:02.365	ERROR	EZSQLException sql save in buffer, с сообщением: SQL Error: database is locked: library routine called out of sequence | INSERT INTO weight
(pkdat, num, num_ingot, id_asutp, heat, timestamp, weight)
VALUES(1603242, 15, 5,
240316201505,
231467, strftime('%s','now'), 7.599)

2016-03-25 13:19:05.371	ERROR	EZSQLException sql save in buffer, с сообщением: SQL Error: database is locked: library routine called out of sequence | INSERT INTO weight
(pkdat, num, num_ingot, id_asutp, heat, timestamp, weight)
VALUES(1603242, 15, 5,
240316201505,
231467, strftime('%s','now'), 0.180)

2016-03-25 13:19:09.606	ERROR	EZSQLException sql save in buffer, с сообщением: SQL Error: database is locked: library routine called out of sequence | INSERT INTO weight
(pkdat, num, num_ingot, id_asutp, heat, timestamp, weight)
VALUES(1603242, 15, 5,
240316201505,
231467, strftime('%s','now'), 1.036)

2016-03-25 13:19:12.658	ERROR	EZSQLException sql save in buffer, с сообщением: SQL Error: database is locked: library routine called out of sequence | INSERT INTO weight
(pkdat, num, num_ingot, id_asutp, heat, timestamp, weight)
VALUES(1603242, 15, 5,
240316201505,
231467, strftime('%s','now'), 5.713)

2016-03-25 13:19:14.620	ERROR	EZSQLException sql save in buffer, с сообщением: SQL Error: database is locked: library routine called out of sequence | INSERT INTO weight
(pkdat, num, num_ingot, id_asutp, heat, timestamp, weight)
VALUES(1603242, 15, 5,
240316201505,
231467, strftime('%s','now'), 3.347)

2016-03-25 13:19:18.853	ERROR	EZSQLException sql save in buffer, с сообщением: SQL Error: database is locked: library routine called out of sequence | INSERT INTO weight
(pkdat, num, num_ingot, id_asutp, heat, timestamp, weight)
VALUES(1603242, 15, 5,
240316201505,
231467, strftime('%s','now'), 3.420)

2016-03-25 13:19:21.918	ERROR	EZSQLException sql save in buffer, с сообщением: SQL Error: database is locked: library routine called out of sequence | INSERT INTO weight
(pkdat, num, num_ingot, id_asutp, heat, timestamp, weight)
VALUES(1603242, 15, 5,
240316201505,
231467, strftime('%s','now'), 7.998)

2016-03-25 13:19:24.982	ERROR	EZSQLException sql save in buffer, с сообщением: SQL Error: database is locked: library routine called out of sequence | INSERT INTO weight
(pkdat, num, num_ingot, id_asutp, heat, timestamp, weight)
VALUES(1603242, 15, 5,
240316201505,
231467, strftime('%s','now'), 2.600)

2016-03-25 13:19:28.019	ERROR	EZSQLException sql save in buffer, с сообщением: SQL Error: database is locked: library routine called out of sequence | INSERT INTO weight
(pkdat, num, num_ingot, id_asutp, heat, timestamp, weight)
VALUES(1603242, 15, 5,
240316201505,
231467, strftime('%s','now'), 1.290)

2016-03-25 13:19:31.063	ERROR	EZSQLException sql save in buffer, с сообщением: SQL Error: database is locked: library routine called out of sequence | INSERT INTO weight
(pkdat, num, num_ingot, id_asutp, heat, timestamp, weight)
VALUES(1603242, 15, 5,
240316201505,
231467, strftime('%s','now'), 6.755)

2016-03-25 13:19:35.296	ERROR	EZSQLException sql save in buffer, с сообщением: SQL Error: database is locked: library routine called out of sequence | INSERT INTO weight
(pkdat, num, num_ingot, id_asutp, heat, timestamp, weight)
VALUES(1603242, 15, 5,
240316201505,
231467, strftime('%s','now'), 0.827)

2016-03-25 13:19:38.339	ERROR	EZSQLException sql save in buffer, с сообщением: SQL Error: database is locked: library routine called out of sequence | INSERT INTO weight
(pkdat, num, num_ingot, id_asutp, heat, timestamp, weight)
VALUES(1603242, 15, 5,
240316201505,
231467, strftime('%s','now'), 3.675)

2016-03-25 13:19:41.374	ERROR	EZSQLException sql save in buffer, с сообщением: SQL Error: database is locked: library routine called out of sequence | INSERT INTO weight
(pkdat, num, num_ingot, id_asutp, heat, timestamp, weight)
VALUES(1603242, 15, 5,
240316201505,
231467, strftime('%s','now'), 7.131)

2016-03-25 13:19:44.420	ERROR	EZSQLException sql save in buffer, с сообщением: SQL Error: database is locked: library routine called out of sequence | INSERT INTO weight
(pkdat, num, num_ingot, id_asutp, heat, timestamp, weight)
VALUES(1603242, 15, 5,
240316201505,
231467, strftime('%s','now'), 8.579)

2016-03-25 13:19:45.799	INFO	close ArmWeightBlooming1
2016-03-25 13:28:06.027	INFO	start ArmWeightBlooming1
2016-03-25 13:28:06.793	ERROR	SqlReadTableLocal
2016-03-25 13:28:11.760	WARN	заготовка не выбрана	weight -> 2,921
2016-03-25 13:28:18.961	WARN	заготовка не выбрана	weight -> 8,420
2016-03-25 13:28:26.182	WARN	заготовка не выбрана	weight -> 3,538
2016-03-25 13:28:33.942	DEBUG	send_error | 0
2016-03-25 13:28:34.103	ERROR	SqlReadTableLocal
2016-03-25 13:28:40.893	ERROR	EZSQLException6, с сообщением: SQL Error: OCI_ERROR: ORA-00001: unique constraint (ASUTP.PK_CROP) violated
 | INSERT INTO crop
(id_asutp, weight_bloom, date_weight_bloom)
VALUES (240316200401, 3.627,
TO_DATE('2016-03-25 13:28:36', 'yyyy-mm-dd hh24:mi:ss'))

2016-03-25 13:28:40.915	DEBUG	send_error | 0
2016-03-25 13:28:40.964	ERROR	SqlReadTableLocal
2016-03-25 13:28:45.996	DEBUG	send_error | 0
2016-03-25 13:28:46.415	ERROR	SqlReadTableLocal
2016-03-25 13:28:48.449	DEBUG	send_error | 0
2016-03-25 13:28:48.505	ERROR	SqlReadTableLocal
2016-03-25 13:28:51.528	DEBUG	send_error | 0
2016-03-25 13:28:51.576	ERROR	SqlReadTableLocal
2016-03-25 13:28:54.606	DEBUG	send_error | 0
2016-03-25 13:28:54.714	ERROR	SqlReadTableLocal
2016-03-25 13:28:56.746	DEBUG	send_error | 0
2016-03-25 13:28:56.797	ERROR	SqlReadTableLocal
2016-03-25 13:28:58.824	DEBUG	send_error | 0
2016-03-25 13:28:58.877	ERROR	SqlReadTableLocal
2016-03-25 13:29:00.905	DEBUG	send_error | 0
2016-03-25 13:29:00.959	ERROR	SqlReadTableLocal
2016-03-25 13:29:03.992	DEBUG	send_error | 0
2016-03-25 13:29:04.053	ERROR	SqlReadTableLocal
2016-03-25 13:29:05.074	DEBUG	send_error | 0
2016-03-25 13:29:09.842	ERROR	EZSQLException sql next weight to record, с сообщением: SQL Error: database is locked: library routine called out of sequence
2016-03-25 13:29:09.891	ERROR	SqlReadTableLocal
2016-03-25 13:29:13.425	ERROR	EZSQLException sql save in buffer, с сообщением: SQL Error: database is locked: library routine called out of sequence | INSERT INTO weight
(pkdat, num, num_ingot, id_asutp, heat, timestamp, weight)
VALUES(1603242, 4, 10,
240316200410,
220773, strftime('%s','now'), 1.186)

2016-03-25 13:29:21.237	ERROR	EZSQLException sql save in buffer, с сообщением: SQL Error: database is locked: library routine called out of sequence | INSERT INTO weight
(pkdat, num, num_ingot, id_asutp, heat, timestamp, weight)
VALUES(1603242, 4, 11,
240316200411,
220773, strftime('%s','now'), 5.733)

