2016-03-18 15:27:47.663	INFO	start ArmWeightBlooming1
2016-03-18 15:27:47.958	ERROR	start assigned(FOraConnect)
2016-03-18 15:27:52.976	WARN	заготовка не выбрана	weight -> 6,932
2016-03-18 15:28:01.075	ERROR	assigned(FOraConnect)
2016-03-18 15:28:01.188	DEBUG	OraQuery insert | INSERT INTO crop
(id_asutp, weight_bloom, date_weight_bloom)
VALUES (170316200101, 6.259,
TO_DATE('2016-03-18 15:28:00', 'yyyy-mm-dd hh24:mi:ss'))

2016-03-18 15:28:05.268	ERROR	assigned(FOraConnect)
2016-03-18 15:28:05.277	DEBUG	OraQuery insert | INSERT INTO crop
(id_asutp, weight_bloom, date_weight_bloom)
VALUES (170316200102, 2.494,
TO_DATE('2016-03-18 15:28:04', 'yyyy-mm-dd hh24:mi:ss'))

2016-03-18 15:28:09.369	ERROR	assigned(FOraConnect)
2016-03-18 15:28:09.375	DEBUG	OraQuery insert | INSERT INTO crop
(id_asutp, weight_bloom, date_weight_bloom)
VALUES (170316200201, 3.111,
TO_DATE('2016-03-18 15:28:08', 'yyyy-mm-dd hh24:mi:ss'))

2016-03-18 15:28:13.821	ERROR	assigned(FOraConnect)
2016-03-18 15:28:13.831	DEBUG	OraQuery insert | INSERT INTO crop
(id_asutp, weight_bloom, date_weight_bloom)
VALUES (170316200202, 7.3,
TO_DATE('2016-03-18 15:28:13', 'yyyy-mm-dd hh24:mi:ss'))

2016-03-18 15:28:17.885	ERROR	assigned(FOraConnect)
2016-03-18 15:28:17.890	DEBUG	OraQuery insert | INSERT INTO crop
(id_asutp, weight_bloom, date_weight_bloom)
VALUES (170316200203, 5.231,
TO_DATE('2016-03-18 15:28:17', 'yyyy-mm-dd hh24:mi:ss'))

2016-03-18 15:28:21.955	ERROR	assigned(FOraConnect)
2016-03-18 15:28:21.961	DEBUG	OraQuery insert | INSERT INTO crop
(id_asutp, weight_bloom, date_weight_bloom)
VALUES (170316200301, 0.321,
TO_DATE('2016-03-18 15:28:21', 'yyyy-mm-dd hh24:mi:ss'))

2016-03-18 15:28:26.034	ERROR	assigned(FOraConnect)
2016-03-18 15:28:26.040	DEBUG	OraQuery insert | INSERT INTO crop
(id_asutp, weight_bloom, date_weight_bloom)
VALUES (170316200302, 5.856,
TO_DATE('2016-03-18 15:28:25', 'yyyy-mm-dd hh24:mi:ss'))

2016-03-18 15:28:30.099	ERROR	assigned(FOraConnect)
2016-03-18 15:28:30.104	DEBUG	OraQuery insert | INSERT INTO crop
(id_asutp, weight_bloom, date_weight_bloom)
VALUES (170316200303, 8.798,
TO_DATE('2016-03-18 15:28:30', 'yyyy-mm-dd hh24:mi:ss'))

2016-03-18 15:28:36.171	ERROR	assigned(FOraConnect)
2016-03-18 15:28:36.177	DEBUG	OraQuery insert | INSERT INTO crop
(id_asutp, weight_bloom, date_weight_bloom)
VALUES (170316200304, 6.555,
TO_DATE('2016-03-18 15:28:35', 'yyyy-mm-dd hh24:mi:ss'))

2016-03-18 15:28:40.256	ERROR	assigned(FOraConnect)
2016-03-18 15:28:40.263	DEBUG	OraQuery insert | INSERT INTO crop
(id_asutp, weight_bloom, date_weight_bloom)
VALUES (170316200305, 2.823,
TO_DATE('2016-03-18 15:28:39', 'yyyy-mm-dd hh24:mi:ss'))

2016-03-18 15:28:43.333	ERROR	assigned(FOraConnect)
2016-03-18 15:28:43.341	DEBUG	OraQuery insert | INSERT INTO crop
(id_asutp, weight_bloom, date_weight_bloom)
VALUES (170316200306, 2.739,
TO_DATE('2016-03-18 15:28:42', 'yyyy-mm-dd hh24:mi:ss'))

2016-03-18 15:28:47.408	ERROR	assigned(FOraConnect)
2016-03-18 15:28:47.418	DEBUG	OraQuery insert | INSERT INTO crop
(id_asutp, weight_bloom, date_weight_bloom)
VALUES (170316200307, 8.949,
TO_DATE('2016-03-18 15:28:46', 'yyyy-mm-dd hh24:mi:ss'))

2016-03-18 15:28:52.476	ERROR	assigned(FOraConnect)
2016-03-18 15:28:52.481	DEBUG	OraQuery insert | INSERT INTO crop
(id_asutp, weight_bloom, date_weight_bloom)
VALUES (170316200308, 7.207,
TO_DATE('2016-03-18 15:28:51', 'yyyy-mm-dd hh24:mi:ss'))

2016-03-18 15:28:56.555	ERROR	assigned(FOraConnect)
2016-03-18 15:28:56.560	DEBUG	OraQuery insert | INSERT INTO crop
(id_asutp, weight_bloom, date_weight_bloom)
VALUES (170316200309, 0.861,
TO_DATE('2016-03-18 15:28:55', 'yyyy-mm-dd hh24:mi:ss'))

2016-03-18 15:29:00.631	ERROR	assigned(FOraConnect)
2016-03-18 15:29:00.639	DEBUG	OraQuery insert | INSERT INTO crop
(id_asutp, weight_bloom, date_weight_bloom)
VALUES (170316200401, 3.083,
TO_DATE('2016-03-18 15:28:59', 'yyyy-mm-dd hh24:mi:ss'))

2016-03-18 15:29:04.736	ERROR	assigned(FOraConnect)
2016-03-18 15:29:04.744	DEBUG	OraQuery insert | INSERT INTO crop
(id_asutp, weight_bloom, date_weight_bloom)
VALUES (170316200402, 3.858,
TO_DATE('2016-03-18 15:29:03', 'yyyy-mm-dd hh24:mi:ss'))

2016-03-18 15:29:08.849	ERROR	assigned(FOraConnect)
2016-03-18 15:29:08.855	DEBUG	OraQuery insert | INSERT INTO crop
(id_asutp, weight_bloom, date_weight_bloom)
VALUES (170316200403, 0.321,
TO_DATE('2016-03-18 15:29:08', 'yyyy-mm-dd hh24:mi:ss'))

2016-03-18 15:29:12.976	ERROR	assigned(FOraConnect)
2016-03-18 15:29:12.982	DEBUG	OraQuery insert | INSERT INTO crop
(id_asutp, weight_bloom, date_weight_bloom)
VALUES (170316200501, 6.446,
TO_DATE('2016-03-18 15:29:12', 'yyyy-mm-dd hh24:mi:ss'))

2016-03-18 15:29:17.060	ERROR	assigned(FOraConnect)
2016-03-18 15:29:17.066	DEBUG	OraQuery insert | INSERT INTO crop
(id_asutp, weight_bloom, date_weight_bloom)
VALUES (170316200502, 3.515,
TO_DATE('2016-03-18 15:29:16', 'yyyy-mm-dd hh24:mi:ss'))

2016-03-18 15:29:22.240	ERROR	assigned(FOraConnect)
2016-03-18 15:29:22.246	DEBUG	OraQuery insert | INSERT INTO crop
(id_asutp, weight_bloom, date_weight_bloom)
VALUES (170316200503, 3.589,
TO_DATE('2016-03-18 15:29:21', 'yyyy-mm-dd hh24:mi:ss'))

2016-03-18 15:29:26.316	ERROR	assigned(FOraConnect)
2016-03-18 15:29:26.322	DEBUG	OraQuery insert | INSERT INTO crop
(id_asutp, weight_bloom, date_weight_bloom)
VALUES (170316200504, 6.846,
TO_DATE('2016-03-18 15:29:25', 'yyyy-mm-dd hh24:mi:ss'))

2016-03-18 15:29:30.423	ERROR	assigned(FOraConnect)
2016-03-18 15:29:30.429	DEBUG	OraQuery insert | INSERT INTO crop
(id_asutp, weight_bloom, date_weight_bloom)
VALUES (170316200601, 7.169,
TO_DATE('2016-03-18 15:29:29', 'yyyy-mm-dd hh24:mi:ss'))

2016-03-18 15:29:34.496	ERROR	assigned(FOraConnect)
2016-03-18 15:29:34.501	DEBUG	OraQuery insert | INSERT INTO crop
(id_asutp, weight_bloom, date_weight_bloom)
VALUES (170316200701, 2.496,
TO_DATE('2016-03-18 15:29:33', 'yyyy-mm-dd hh24:mi:ss'))

2016-03-18 15:29:38.574	ERROR	assigned(FOraConnect)
2016-03-18 15:29:38.579	DEBUG	OraQuery insert | INSERT INTO crop
(id_asutp, weight_bloom, date_weight_bloom)
VALUES (170316200702, 8.796,
TO_DATE('2016-03-18 15:29:37', 'yyyy-mm-dd hh24:mi:ss'))

2016-03-18 15:29:42.655	ERROR	assigned(FOraConnect)
2016-03-18 15:29:42.660	DEBUG	OraQuery insert | INSERT INTO crop
(id_asutp, weight_bloom, date_weight_bloom)
VALUES (170316200703, 6.225,
TO_DATE('2016-03-18 15:29:42', 'yyyy-mm-dd hh24:mi:ss'))

2016-03-18 15:29:46.839	ERROR	assigned(FOraConnect)
2016-03-18 15:29:46.843	DEBUG	OraQuery insert | INSERT INTO crop
(id_asutp, weight_bloom, date_weight_bloom)
VALUES (170316200704, 4.179,
TO_DATE('2016-03-18 15:29:46', 'yyyy-mm-dd hh24:mi:ss'))

2016-03-18 15:29:50.923	ERROR	assigned(FOraConnect)
2016-03-18 15:29:50.934	DEBUG	OraQuery insert | INSERT INTO crop
(id_asutp, weight_bloom, date_weight_bloom)
VALUES (170316200705, 2.737,
TO_DATE('2016-03-18 15:29:50', 'yyyy-mm-dd hh24:mi:ss'))

2016-03-18 15:29:55.014	ERROR	assigned(FOraConnect)
2016-03-18 15:29:55.117	DEBUG	OraQuery insert | INSERT INTO crop
(id_asutp, weight_bloom, date_weight_bloom)
VALUES (170316200706, 8.204,
TO_DATE('2016-03-18 15:29:54', 'yyyy-mm-dd hh24:mi:ss'))

2016-03-18 15:29:59.212	ERROR	assigned(FOraConnect)
2016-03-18 15:29:59.219	DEBUG	OraQuery insert | INSERT INTO crop
(id_asutp, weight_bloom, date_weight_bloom)
VALUES (170316200707, 8.755,
TO_DATE('2016-03-18 15:29:58', 'yyyy-mm-dd hh24:mi:ss'))

2016-03-18 15:30:03.299	ERROR	assigned(FOraConnect)
2016-03-18 15:30:03.304	DEBUG	OraQuery insert | INSERT INTO crop
(id_asutp, weight_bloom, date_weight_bloom)
VALUES (170316200708, 4.575,
TO_DATE('2016-03-18 15:30:02', 'yyyy-mm-dd hh24:mi:ss'))

2016-03-18 15:30:08.378	ERROR	assigned(FOraConnect)
2016-03-18 15:30:08.393	DEBUG	OraQuery insert | INSERT INTO crop
(id_asutp, weight_bloom, date_weight_bloom)
VALUES (170316200709, 7.043,
TO_DATE('2016-03-18 15:30:07', 'yyyy-mm-dd hh24:mi:ss'))

2016-03-18 15:30:12.478	ERROR	assigned(FOraConnect)
2016-03-18 15:30:12.484	DEBUG	OraQuery insert | INSERT INTO crop
(id_asutp, weight_bloom, date_weight_bloom)
VALUES (170316200710, 8.797,
TO_DATE('2016-03-18 15:30:12', 'yyyy-mm-dd hh24:mi:ss'))

2016-03-18 15:30:16.556	ERROR	assigned(FOraConnect)
2016-03-18 15:30:16.592	DEBUG	OraQuery insert | INSERT INTO crop
(id_asutp, weight_bloom, date_weight_bloom)
VALUES (170316200711, 4.123,
TO_DATE('2016-03-18 15:30:16', 'yyyy-mm-dd hh24:mi:ss'))

2016-03-18 15:30:20.670	ERROR	assigned(FOraConnect)
2016-03-18 15:30:20.692	DEBUG	OraQuery insert | INSERT INTO crop
(id_asutp, weight_bloom, date_weight_bloom)
VALUES (170316200712, 1.406,
TO_DATE('2016-03-18 15:30:20', 'yyyy-mm-dd hh24:mi:ss'))

2016-03-18 15:30:24.827	ERROR	assigned(FOraConnect)
2016-03-18 15:30:25.302	DEBUG	OraQuery insert | INSERT INTO crop
(id_asutp, weight_bloom, date_weight_bloom)
VALUES (170316200713, 4.553,
TO_DATE('2016-03-18 15:30:24', 'yyyy-mm-dd hh24:mi:ss'))

2016-03-18 15:30:29.411	ERROR	assigned(FOraConnect)
2016-03-18 15:30:29.423	DEBUG	OraQuery insert | INSERT INTO crop
(id_asutp, weight_bloom, date_weight_bloom)
VALUES (170316200714, 6.979,
TO_DATE('2016-03-18 15:30:28', 'yyyy-mm-dd hh24:mi:ss'))

2016-03-18 15:30:33.506	ERROR	assigned(FOraConnect)
2016-03-18 15:30:33.512	DEBUG	OraQuery insert | INSERT INTO crop
(id_asutp, weight_bloom, date_weight_bloom)
VALUES (170316200801, 6.572,
TO_DATE('2016-03-18 15:30:32', 'yyyy-mm-dd hh24:mi:ss'))

2016-03-18 15:30:37.576	ERROR	assigned(FOraConnect)
2016-03-18 15:30:37.582	DEBUG	OraQuery insert | INSERT INTO crop
(id_asutp, weight_bloom, date_weight_bloom)
VALUES (170316200802, 4.991,
TO_DATE('2016-03-18 15:30:36', 'yyyy-mm-dd hh24:mi:ss'))

2016-03-18 15:30:41.674	ERROR	assigned(FOraConnect)
2016-03-18 15:30:41.680	DEBUG	OraQuery insert | INSERT INTO crop
(id_asutp, weight_bloom, date_weight_bloom)
VALUES (170316200803, 5.923,
TO_DATE('2016-03-18 15:30:40', 'yyyy-mm-dd hh24:mi:ss'))

2016-03-18 15:30:45.745	ERROR	assigned(FOraConnect)
2016-03-18 15:30:45.752	DEBUG	OraQuery insert | INSERT INTO crop
(id_asutp, weight_bloom, date_weight_bloom)
VALUES (170316200804, 1.809,
TO_DATE('2016-03-18 15:30:44', 'yyyy-mm-dd hh24:mi:ss'))

2016-03-18 15:30:49.836	ERROR	assigned(FOraConnect)
2016-03-18 15:30:49.841	DEBUG	OraQuery insert | INSERT INTO crop
(id_asutp, weight_bloom, date_weight_bloom)
VALUES (170316200805, 3.782,
TO_DATE('2016-03-18 15:30:48', 'yyyy-mm-dd hh24:mi:ss'))

2016-03-18 15:30:53.906	ERROR	assigned(FOraConnect)
2016-03-18 15:30:53.913	DEBUG	OraQuery insert | INSERT INTO crop
(id_asutp, weight_bloom, date_weight_bloom)
VALUES (170316200806, 6.521,
TO_DATE('2016-03-18 15:30:53', 'yyyy-mm-dd hh24:mi:ss'))

2016-03-18 15:30:57.971	ERROR	assigned(FOraConnect)
2016-03-18 15:30:57.977	DEBUG	OraQuery insert | INSERT INTO crop
(id_asutp, weight_bloom, date_weight_bloom)
VALUES (170316200807, 5.748,
TO_DATE('2016-03-18 15:30:57', 'yyyy-mm-dd hh24:mi:ss'))

2016-03-18 15:31:02.146	ERROR	assigned(FOraConnect)
2016-03-18 15:31:02.162	DEBUG	OraQuery insert | INSERT INTO crop
(id_asutp, weight_bloom, date_weight_bloom)
VALUES (170316200808, 4.5,
TO_DATE('2016-03-18 15:31:01', 'yyyy-mm-dd hh24:mi:ss'))

2016-03-18 15:31:06.238	ERROR	assigned(FOraConnect)
2016-03-18 15:31:06.247	DEBUG	OraQuery insert | INSERT INTO crop
(id_asutp, weight_bloom, date_weight_bloom)
VALUES (170316200809, 4.823,
TO_DATE('2016-03-18 15:31:05', 'yyyy-mm-dd hh24:mi:ss'))

2016-03-18 15:31:10.303	ERROR	assigned(FOraConnect)
2016-03-18 15:31:10.308	DEBUG	OraQuery insert | INSERT INTO crop
(id_asutp, weight_bloom, date_weight_bloom)
VALUES (170316200810, 5.597,
TO_DATE('2016-03-18 15:31:09', 'yyyy-mm-dd hh24:mi:ss'))

2016-03-18 15:31:15.453	ERROR	assigned(FOraConnect)
2016-03-18 15:31:15.459	DEBUG	OraQuery insert | INSERT INTO crop
(id_asutp, weight_bloom, date_weight_bloom)
VALUES (170316200811, 4.554,
TO_DATE('2016-03-18 15:31:14', 'yyyy-mm-dd hh24:mi:ss'))

2016-03-18 15:31:18.527	ERROR	assigned(FOraConnect)
2016-03-18 15:31:18.532	DEBUG	OraQuery insert | INSERT INTO crop
(id_asutp, weight_bloom, date_weight_bloom)
VALUES (170316200812, 4.98,
TO_DATE('2016-03-18 15:31:17', 'yyyy-mm-dd hh24:mi:ss'))

2016-03-18 15:31:22.605	ERROR	assigned(FOraConnect)
2016-03-18 15:31:22.618	DEBUG	OraQuery insert | INSERT INTO crop
(id_asutp, weight_bloom, date_weight_bloom)
VALUES (170316200813, 8.022,
TO_DATE('2016-03-18 15:31:22', 'yyyy-mm-dd hh24:mi:ss'))

2016-03-18 15:31:26.694	ERROR	assigned(FOraConnect)
2016-03-18 15:31:26.701	DEBUG	OraQuery insert | INSERT INTO crop
(id_asutp, weight_bloom, date_weight_bloom)
VALUES (170316200814, 0.447,
TO_DATE('2016-03-18 15:31:26', 'yyyy-mm-dd hh24:mi:ss'))

2016-03-18 15:31:30.898	ERROR	assigned(FOraConnect)
2016-03-18 15:31:30.904	DEBUG	OraQuery insert | INSERT INTO crop
(id_asutp, weight_bloom, date_weight_bloom)
VALUES (170316200901, 5.862,
TO_DATE('2016-03-18 15:31:30', 'yyyy-mm-dd hh24:mi:ss'))

2016-03-18 15:31:35.018	ERROR	assigned(FOraConnect)
2016-03-18 15:31:35.024	DEBUG	OraQuery insert | INSERT INTO crop
(id_asutp, weight_bloom, date_weight_bloom)
VALUES (170316201001, 5.745,
TO_DATE('2016-03-18 15:31:34', 'yyyy-mm-dd hh24:mi:ss'))

2016-03-18 15:31:39.099	ERROR	assigned(FOraConnect)
2016-03-18 15:31:39.108	DEBUG	OraQuery insert | INSERT INTO crop
(id_asutp, weight_bloom, date_weight_bloom)
VALUES (170316201101, 0.327,
TO_DATE('2016-03-18 15:31:38', 'yyyy-mm-dd hh24:mi:ss'))

2016-03-18 15:31:44.224	ERROR	assigned(FOraConnect)
2016-03-18 15:31:44.229	DEBUG	OraQuery insert | INSERT INTO crop
(id_asutp, weight_bloom, date_weight_bloom)
VALUES (170316201201, 0.38,
TO_DATE('2016-03-18 15:31:43', 'yyyy-mm-dd hh24:mi:ss'))

2016-03-18 15:31:48.405	ERROR	assigned(FOraConnect)
2016-03-18 15:31:48.410	DEBUG	OraQuery insert | INSERT INTO crop
(id_asutp, weight_bloom, date_weight_bloom)
VALUES (170316201202, 3.887,
TO_DATE('2016-03-18 15:31:47', 'yyyy-mm-dd hh24:mi:ss'))

2016-03-18 15:31:52.496	ERROR	assigned(FOraConnect)
2016-03-18 15:31:52.503	DEBUG	OraQuery insert | INSERT INTO crop
(id_asutp, weight_bloom, date_weight_bloom)
VALUES (170316201203, 8.33,
TO_DATE('2016-03-18 15:31:51', 'yyyy-mm-dd hh24:mi:ss'))

2016-03-18 15:31:56.594	ERROR	assigned(FOraConnect)
2016-03-18 15:31:56.600	DEBUG	OraQuery insert | INSERT INTO crop
(id_asutp, weight_bloom, date_weight_bloom)
VALUES (170316201204, 6.278,
TO_DATE('2016-03-18 15:31:55', 'yyyy-mm-dd hh24:mi:ss'))

2016-03-18 15:32:00.727	ERROR	assigned(FOraConnect)
2016-03-18 15:32:00.739	DEBUG	OraQuery insert | INSERT INTO crop
(id_asutp, weight_bloom, date_weight_bloom)
VALUES (170316201205, 7.014,
TO_DATE('2016-03-18 15:32:00', 'yyyy-mm-dd hh24:mi:ss'))

2016-03-18 15:32:05.814	ERROR	assigned(FOraConnect)
2016-03-18 15:32:05.825	DEBUG	OraQuery insert | INSERT INTO crop
(id_asutp, weight_bloom, date_weight_bloom)
VALUES (170316201206, 0.756,
TO_DATE('2016-03-18 15:32:05', 'yyyy-mm-dd hh24:mi:ss'))

2016-03-18 15:32:09.892	ERROR	assigned(FOraConnect)
2016-03-18 15:32:10.165	DEBUG	OraQuery insert | INSERT INTO crop
(id_asutp, weight_bloom, date_weight_bloom)
VALUES (170316201207, 6.491,
TO_DATE('2016-03-18 15:32:09', 'yyyy-mm-dd hh24:mi:ss'))

2016-03-18 15:32:14.267	ERROR	assigned(FOraConnect)
2016-03-18 15:32:14.273	DEBUG	OraQuery insert | INSERT INTO crop
(id_asutp, weight_bloom, date_weight_bloom)
VALUES (170316201208, 7.392,
TO_DATE('2016-03-18 15:32:13', 'yyyy-mm-dd hh24:mi:ss'))

2016-03-18 15:32:18.369	ERROR	assigned(FOraConnect)
2016-03-18 15:32:18.374	DEBUG	OraQuery insert | INSERT INTO crop
(id_asutp, weight_bloom, date_weight_bloom)
VALUES (170316201209, 6.661,
TO_DATE('2016-03-18 15:32:17', 'yyyy-mm-dd hh24:mi:ss'))

2016-03-18 15:32:22.442	ERROR	assigned(FOraConnect)
2016-03-18 15:32:22.446	DEBUG	OraQuery insert | INSERT INTO crop
(id_asutp, weight_bloom, date_weight_bloom)
VALUES (170316201210, 2.308,
TO_DATE('2016-03-18 15:32:21', 'yyyy-mm-dd hh24:mi:ss'))

2016-03-18 15:32:26.529	ERROR	assigned(FOraConnect)
2016-03-18 15:32:26.536	DEBUG	OraQuery insert | INSERT INTO crop
(id_asutp, weight_bloom, date_weight_bloom)
VALUES (170316201211, 2.237,
TO_DATE('2016-03-18 15:32:25', 'yyyy-mm-dd hh24:mi:ss'))

2016-03-18 15:32:30.618	ERROR	assigned(FOraConnect)
2016-03-18 15:32:30.624	DEBUG	OraQuery insert | INSERT INTO crop
(id_asutp, weight_bloom, date_weight_bloom)
VALUES (180316100101, 3.254,
TO_DATE('2016-03-18 15:32:29', 'yyyy-mm-dd hh24:mi:ss'))

2016-03-18 15:32:34.686	ERROR	assigned(FOraConnect)
2016-03-18 15:32:34.692	DEBUG	OraQuery insert | INSERT INTO crop
(id_asutp, weight_bloom, date_weight_bloom)
VALUES (180316100201, 0.532,
TO_DATE('2016-03-18 15:32:34', 'yyyy-mm-dd hh24:mi:ss'))

2016-03-18 15:32:38.874	ERROR	assigned(FOraConnect)
2016-03-18 15:32:38.879	DEBUG	OraQuery insert | INSERT INTO crop
(id_asutp, weight_bloom, date_weight_bloom)
VALUES (180316100301, 0.165,
TO_DATE('2016-03-18 15:32:38', 'yyyy-mm-dd hh24:mi:ss'))

2016-03-18 15:32:42.952	ERROR	assigned(FOraConnect)
2016-03-18 15:32:42.958	DEBUG	OraQuery insert | INSERT INTO crop
(id_asutp, weight_bloom, date_weight_bloom)
VALUES (180316100401, 7.606,
TO_DATE('2016-03-18 15:32:42', 'yyyy-mm-dd hh24:mi:ss'))

2016-03-18 15:32:48.210	ERROR	assigned(FOraConnect)
2016-03-18 15:32:48.217	DEBUG	OraQuery insert | INSERT INTO crop
(id_asutp, weight_bloom, date_weight_bloom)
VALUES (180316100402, 8.456,
TO_DATE('2016-03-18 15:32:47', 'yyyy-mm-dd hh24:mi:ss'))

2016-03-18 15:32:52.406	ERROR	assigned(FOraConnect)
2016-03-18 15:32:52.413	DEBUG	OraQuery insert | INSERT INTO crop
(id_asutp, weight_bloom, date_weight_bloom)
VALUES (180316100403, 1.708,
TO_DATE('2016-03-18 15:32:51', 'yyyy-mm-dd hh24:mi:ss'))

2016-03-18 15:32:56.492	ERROR	assigned(FOraConnect)
2016-03-18 15:32:56.498	DEBUG	OraQuery insert | INSERT INTO crop
(id_asutp, weight_bloom, date_weight_bloom)
VALUES (180316100404, 4.302,
TO_DATE('2016-03-18 15:32:55', 'yyyy-mm-dd hh24:mi:ss'))

2016-03-18 15:33:00.567	ERROR	assigned(FOraConnect)
2016-03-18 15:33:00.572	DEBUG	OraQuery insert | INSERT INTO crop
(id_asutp, weight_bloom, date_weight_bloom)
VALUES (180316100405, 5.183,
TO_DATE('2016-03-18 15:32:59', 'yyyy-mm-dd hh24:mi:ss'))

2016-03-18 15:33:04.656	ERROR	assigned(FOraConnect)
2016-03-18 15:33:04.661	DEBUG	OraQuery insert | INSERT INTO crop
(id_asutp, weight_bloom, date_weight_bloom)
VALUES (180316100406, 3.108,
TO_DATE('2016-03-18 15:33:03', 'yyyy-mm-dd hh24:mi:ss'))

2016-03-18 15:33:09.845	ERROR	assigned(FOraConnect)
2016-03-18 15:33:09.850	DEBUG	OraQuery insert | INSERT INTO crop
(id_asutp, weight_bloom, date_weight_bloom)
VALUES (180316100407, 3.022,
TO_DATE('2016-03-18 15:33:09', 'yyyy-mm-dd hh24:mi:ss'))

2016-03-18 15:33:13.923	ERROR	assigned(FOraConnect)
2016-03-18 15:33:13.931	DEBUG	OraQuery insert | INSERT INTO crop
(id_asutp, weight_bloom, date_weight_bloom)
VALUES (180316100408, 1.72,
TO_DATE('2016-03-18 15:33:13', 'yyyy-mm-dd hh24:mi:ss'))

2016-03-18 15:33:18.005	ERROR	assigned(FOraConnect)
2016-03-18 15:33:18.012	DEBUG	OraQuery insert | INSERT INTO crop
(id_asutp, weight_bloom, date_weight_bloom)
VALUES (180316100409, 8.022,
TO_DATE('2016-03-18 15:33:17', 'yyyy-mm-dd hh24:mi:ss'))

2016-03-18 15:33:23.089	ERROR	assigned(FOraConnect)
2016-03-18 15:33:23.094	DEBUG	OraQuery insert | INSERT INTO crop
(id_asutp, weight_bloom, date_weight_bloom)
VALUES (180316100410, 1.925,
TO_DATE('2016-03-18 15:33:22', 'yyyy-mm-dd hh24:mi:ss'))

2016-03-18 15:33:27.166	ERROR	assigned(FOraConnect)
2016-03-18 15:33:27.175	DEBUG	OraQuery insert | INSERT INTO crop
(id_asutp, weight_bloom, date_weight_bloom)
VALUES (180316100411, 7.802,
TO_DATE('2016-03-18 15:33:26', 'yyyy-mm-dd hh24:mi:ss'))

2016-03-18 15:33:31.234	ERROR	assigned(FOraConnect)
2016-03-18 15:33:31.239	DEBUG	OraQuery insert | INSERT INTO crop
(id_asutp, weight_bloom, date_weight_bloom)
VALUES (180316100501, 3.684,
TO_DATE('2016-03-18 15:33:30', 'yyyy-mm-dd hh24:mi:ss'))

2016-03-18 15:33:35.338	ERROR	assigned(FOraConnect)
2016-03-18 15:33:35.370	DEBUG	OraQuery insert | INSERT INTO crop
(id_asutp, weight_bloom, date_weight_bloom)
VALUES (180316100502, 4.616,
TO_DATE('2016-03-18 15:33:34', 'yyyy-mm-dd hh24:mi:ss'))

2016-03-18 15:33:40.475	ERROR	assigned(FOraConnect)
2016-03-18 15:33:40.487	DEBUG	OraQuery insert | INSERT INTO crop
(id_asutp, weight_bloom, date_weight_bloom)
VALUES (180316100601, 3.984,
TO_DATE('2016-03-18 15:33:40', 'yyyy-mm-dd hh24:mi:ss'))

2016-03-18 15:33:43.554	ERROR	assigned(FOraConnect)
2016-03-18 15:33:43.560	DEBUG	OraQuery insert | INSERT INTO crop
(id_asutp, weight_bloom, date_weight_bloom)
VALUES (180316100701, 0.979,
TO_DATE('2016-03-18 15:33:42', 'yyyy-mm-dd hh24:mi:ss'))

2016-03-18 15:33:47.641	ERROR	assigned(FOraConnect)
2016-03-18 15:33:47.648	DEBUG	OraQuery insert | INSERT INTO crop
(id_asutp, weight_bloom, date_weight_bloom)
VALUES (180316100801, 5.083,
TO_DATE('2016-03-18 15:33:47', 'yyyy-mm-dd hh24:mi:ss'))

2016-03-18 15:33:51.740	ERROR	assigned(FOraConnect)
2016-03-18 15:33:51.749	DEBUG	OraQuery insert | INSERT INTO crop
(id_asutp, weight_bloom, date_weight_bloom)
VALUES (180316100901, 3.262,
TO_DATE('2016-03-18 15:33:51', 'yyyy-mm-dd hh24:mi:ss'))

2016-03-18 15:33:55.831	ERROR	assigned(FOraConnect)
2016-03-18 15:33:55.838	DEBUG	OraQuery insert | INSERT INTO crop
(id_asutp, weight_bloom, date_weight_bloom)
VALUES (180316101001, 4.351,
TO_DATE('2016-03-18 15:33:55', 'yyyy-mm-dd hh24:mi:ss'))

2016-03-18 15:34:00.928	ERROR	assigned(FOraConnect)
2016-03-18 15:34:00.934	DEBUG	OraQuery insert | INSERT INTO crop
(id_asutp, weight_bloom, date_weight_bloom)
VALUES (180316101101, 6.831,
TO_DATE('2016-03-18 15:34:00', 'yyyy-mm-dd hh24:mi:ss'))

2016-03-18 15:34:05.006	ERROR	assigned(FOraConnect)
2016-03-18 15:34:05.012	DEBUG	OraQuery insert | INSERT INTO crop
(id_asutp, weight_bloom, date_weight_bloom)
VALUES (180316101201, 0.864,
TO_DATE('2016-03-18 15:34:04', 'yyyy-mm-dd hh24:mi:ss'))

2016-03-18 15:34:09.082	ERROR	assigned(FOraConnect)
2016-03-18 15:34:09.095	DEBUG	OraQuery insert | INSERT INTO crop
(id_asutp, weight_bloom, date_weight_bloom)
VALUES (180316101301, 8.807,
TO_DATE('2016-03-18 15:34:08', 'yyyy-mm-dd hh24:mi:ss'))

2016-03-18 15:34:14.161	ERROR	assigned(FOraConnect)
2016-03-18 15:34:14.166	DEBUG	OraQuery insert | INSERT INTO crop
(id_asutp, weight_bloom, date_weight_bloom)
VALUES (180316101302, 2.803,
TO_DATE('2016-03-18 15:34:13', 'yyyy-mm-dd hh24:mi:ss'))

2016-03-18 15:34:18.239	ERROR	assigned(FOraConnect)
2016-03-18 15:34:18.245	DEBUG	OraQuery insert | INSERT INTO crop
(id_asutp, weight_bloom, date_weight_bloom)
VALUES (180316101303, 5.119,
TO_DATE('2016-03-18 15:34:18', 'yyyy-mm-dd hh24:mi:ss'))

2016-03-18 15:34:22.317	ERROR	assigned(FOraConnect)
2016-03-18 15:34:22.324	DEBUG	OraQuery insert | INSERT INTO crop
(id_asutp, weight_bloom, date_weight_bloom)
VALUES (180316101304, 7.498,
TO_DATE('2016-03-18 15:34:22', 'yyyy-mm-dd hh24:mi:ss'))

2016-03-18 15:34:27.400	ERROR	assigned(FOraConnect)
2016-03-18 15:34:27.408	DEBUG	OraQuery insert | INSERT INTO crop
(id_asutp, weight_bloom, date_weight_bloom)
VALUES (180316101305, 2.215,
TO_DATE('2016-03-18 15:34:27', 'yyyy-mm-dd hh24:mi:ss'))

2016-03-18 15:34:31.511	ERROR	assigned(FOraConnect)
2016-03-18 15:34:31.520	DEBUG	OraQuery insert | INSERT INTO crop
(id_asutp, weight_bloom, date_weight_bloom)
VALUES (180316101501, 1.522,
TO_DATE('2016-03-18 15:34:31', 'yyyy-mm-dd hh24:mi:ss'))

2016-03-18 15:34:35.602	ERROR	assigned(FOraConnect)
2016-03-18 15:34:35.615	DEBUG	OraQuery insert | INSERT INTO crop
(id_asutp, weight_bloom, date_weight_bloom)
VALUES (180316101601, 5.11,
TO_DATE('2016-03-18 15:34:35', 'yyyy-mm-dd hh24:mi:ss'))

2016-03-18 15:34:39.708	ERROR	assigned(FOraConnect)
2016-03-18 15:34:39.722	DEBUG	OraQuery insert | INSERT INTO crop
(id_asutp, weight_bloom, date_weight_bloom)
VALUES (180316101602, 6.02,
TO_DATE('2016-03-18 15:34:39', 'yyyy-mm-dd hh24:mi:ss'))

2016-03-18 15:34:43.805	ERROR	assigned(FOraConnect)
2016-03-18 15:34:43.816	DEBUG	OraQuery insert | INSERT INTO crop
(id_asutp, weight_bloom, date_weight_bloom)
VALUES (180316101603, 6.816,
TO_DATE('2016-03-18 15:34:43', 'yyyy-mm-dd hh24:mi:ss'))

2016-03-18 15:34:47.888	ERROR	assigned(FOraConnect)
2016-03-18 15:34:47.908	DEBUG	OraQuery insert | INSERT INTO crop
(id_asutp, weight_bloom, date_weight_bloom)
VALUES (180316101604, 1.63,
TO_DATE('2016-03-18 15:34:47', 'yyyy-mm-dd hh24:mi:ss'))

2016-03-18 15:34:52.020	ERROR	assigned(FOraConnect)
2016-03-18 15:34:52.028	DEBUG	OraQuery insert | INSERT INTO crop
(id_asutp, weight_bloom, date_weight_bloom)
VALUES (180316101605, 6.894,
TO_DATE('2016-03-18 15:34:51', 'yyyy-mm-dd hh24:mi:ss'))

2016-03-18 15:34:56.114	ERROR	assigned(FOraConnect)
2016-03-18 15:34:56.126	DEBUG	OraQuery insert | INSERT INTO crop
(id_asutp, weight_bloom, date_weight_bloom)
VALUES (180316101606, 0.092,
TO_DATE('2016-03-18 15:34:56', 'yyyy-mm-dd hh24:mi:ss'))

2016-03-18 15:35:02.203	ERROR	assigned(FOraConnect)
2016-03-18 15:35:02.209	DEBUG	OraQuery insert | INSERT INTO crop
(id_asutp, weight_bloom, date_weight_bloom)
VALUES (180316101607, 1.049,
TO_DATE('2016-03-18 15:35:01', 'yyyy-mm-dd hh24:mi:ss'))

2016-03-18 15:35:06.289	ERROR	assigned(FOraConnect)
2016-03-18 15:35:06.295	DEBUG	OraQuery insert | INSERT INTO crop
(id_asutp, weight_bloom, date_weight_bloom)
VALUES (180316101608, 5.707,
TO_DATE('2016-03-18 15:35:05', 'yyyy-mm-dd hh24:mi:ss'))

2016-03-18 15:35:11.393	ERROR	assigned(FOraConnect)
2016-03-18 15:35:11.427	DEBUG	OraQuery insert | INSERT INTO crop
(id_asutp, weight_bloom, date_weight_bloom)
VALUES (180316101609, 4.026,
TO_DATE('2016-03-18 15:35:10', 'yyyy-mm-dd hh24:mi:ss'))

2016-03-18 15:35:15.518	ERROR	assigned(FOraConnect)
2016-03-18 15:35:15.528	DEBUG	OraQuery insert | INSERT INTO crop
(id_asutp, weight_bloom, date_weight_bloom)
VALUES (180316101610, 1.196,
TO_DATE('2016-03-18 15:35:14', 'yyyy-mm-dd hh24:mi:ss'))

2016-03-18 15:35:19.607	ERROR	assigned(FOraConnect)
2016-03-18 15:35:19.616	DEBUG	OraQuery insert | INSERT INTO crop
(id_asutp, weight_bloom, date_weight_bloom)
VALUES (180316101611, 8.314,
TO_DATE('2016-03-18 15:35:18', 'yyyy-mm-dd hh24:mi:ss'))

2016-03-18 15:35:23.694	ERROR	assigned(FOraConnect)
2016-03-18 15:35:23.710	DEBUG	OraQuery insert | INSERT INTO crop
(id_asutp, weight_bloom, date_weight_bloom)
VALUES (180316101612, 5.19,
TO_DATE('2016-03-18 15:35:22', 'yyyy-mm-dd hh24:mi:ss'))

2016-03-18 15:35:28.792	ERROR	assigned(FOraConnect)
2016-03-18 15:35:28.838	DEBUG	OraQuery insert | INSERT INTO crop
(id_asutp, weight_bloom, date_weight_bloom)
VALUES (180316101613, 7.09,
TO_DATE('2016-03-18 15:35:28', 'yyyy-mm-dd hh24:mi:ss'))

2016-03-18 15:35:32.927	ERROR	assigned(FOraConnect)
2016-03-18 15:35:32.947	DEBUG	OraQuery insert | INSERT INTO crop
(id_asutp, weight_bloom, date_weight_bloom)
VALUES (180316101701, 4.929,
TO_DATE('2016-03-18 15:35:32', 'yyyy-mm-dd hh24:mi:ss'))

2016-03-18 15:35:38.022	ERROR	assigned(FOraConnect)
2016-03-18 15:35:38.028	DEBUG	OraQuery insert | INSERT INTO crop
(id_asutp, weight_bloom, date_weight_bloom)
VALUES (180316101801, 4.713,
TO_DATE('2016-03-18 15:35:37', 'yyyy-mm-dd hh24:mi:ss'))

2016-03-18 15:35:42.119	ERROR	assigned(FOraConnect)
2016-03-18 15:35:42.124	DEBUG	OraQuery insert | INSERT INTO crop
(id_asutp, weight_bloom, date_weight_bloom)
VALUES (180316101802, 4.273,
TO_DATE('2016-03-18 15:35:41', 'yyyy-mm-dd hh24:mi:ss'))

2016-03-18 15:35:47.323	ERROR	assigned(FOraConnect)
2016-03-18 15:35:47.330	DEBUG	OraQuery insert | INSERT INTO crop
(id_asutp, weight_bloom, date_weight_bloom)
VALUES (180316101803, 7.453,
TO_DATE('2016-03-18 15:35:46', 'yyyy-mm-dd hh24:mi:ss'))

2016-03-18 15:35:50.393	ERROR	assigned(FOraConnect)
2016-03-18 15:35:50.398	DEBUG	OraQuery insert | INSERT INTO crop
(id_asutp, weight_bloom, date_weight_bloom)
VALUES (180316101804, 5.304,
TO_DATE('2016-03-18 15:35:49', 'yyyy-mm-dd hh24:mi:ss'))

2016-03-18 15:35:55.491	ERROR	assigned(FOraConnect)
2016-03-18 15:35:55.500	DEBUG	OraQuery insert | INSERT INTO crop
(id_asutp, weight_bloom, date_weight_bloom)
VALUES (180316101901, 1.416,
TO_DATE('2016-03-18 15:35:54', 'yyyy-mm-dd hh24:mi:ss'))

2016-03-18 15:35:59.605	ERROR	assigned(FOraConnect)
2016-03-18 15:35:59.610	DEBUG	OraQuery insert | INSERT INTO crop
(id_asutp, weight_bloom, date_weight_bloom)
VALUES (180316102001, 7.333,
TO_DATE('2016-03-18 15:35:58', 'yyyy-mm-dd hh24:mi:ss'))

2016-03-18 15:36:04.701	ERROR	assigned(FOraConnect)
2016-03-18 15:36:04.708	DEBUG	OraQuery insert | INSERT INTO crop
(id_asutp, weight_bloom, date_weight_bloom)
VALUES (180316102002, 2.079,
TO_DATE('2016-03-18 15:36:04', 'yyyy-mm-dd hh24:mi:ss'))

2016-03-18 15:36:08.887	ERROR	assigned(FOraConnect)
2016-03-18 15:36:08.893	DEBUG	OraQuery insert | INSERT INTO crop
(id_asutp, weight_bloom, date_weight_bloom)
VALUES (180316102003, 7.85,
TO_DATE('2016-03-18 15:36:08', 'yyyy-mm-dd hh24:mi:ss'))

2016-03-18 15:36:12.987	ERROR	assigned(FOraConnect)
2016-03-18 15:36:13.010	DEBUG	OraQuery insert | INSERT INTO crop
(id_asutp, weight_bloom, date_weight_bloom)
VALUES (180316102004, 6.63,
TO_DATE('2016-03-18 15:36:12', 'yyyy-mm-dd hh24:mi:ss'))

2016-03-18 15:36:18.101	ERROR	assigned(FOraConnect)
2016-03-18 15:36:18.108	DEBUG	OraQuery insert | INSERT INTO crop
(id_asutp, weight_bloom, date_weight_bloom)
VALUES (180316102005, 3.128,
TO_DATE('2016-03-18 15:36:17', 'yyyy-mm-dd hh24:mi:ss'))

2016-03-18 15:36:22.203	ERROR	assigned(FOraConnect)
2016-03-18 15:36:22.210	DEBUG	OraQuery insert | INSERT INTO crop
(id_asutp, weight_bloom, date_weight_bloom)
VALUES (180316102006, 6.492,
TO_DATE('2016-03-18 15:36:21', 'yyyy-mm-dd hh24:mi:ss'))

2016-03-18 15:36:27.320	ERROR	assigned(FOraConnect)
2016-03-18 15:36:27.340	DEBUG	OraQuery insert | INSERT INTO crop
(id_asutp, weight_bloom, date_weight_bloom)
VALUES (180316102007, 3.625,
TO_DATE('2016-03-18 15:36:26', 'yyyy-mm-dd hh24:mi:ss'))

2016-03-18 15:36:31.422	ERROR	assigned(FOraConnect)
2016-03-18 15:36:31.429	DEBUG	OraQuery insert | INSERT INTO crop
(id_asutp, weight_bloom, date_weight_bloom)
VALUES (180316102008, 4.913,
TO_DATE('2016-03-18 15:36:30', 'yyyy-mm-dd hh24:mi:ss'))

2016-03-18 15:36:35.496	ERROR	assigned(FOraConnect)
2016-03-18 15:36:35.507	DEBUG	OraQuery insert | INSERT INTO crop
(id_asutp, weight_bloom, date_weight_bloom)
VALUES (180316102009, 4.367,
TO_DATE('2016-03-18 15:36:35', 'yyyy-mm-dd hh24:mi:ss'))

2016-03-18 15:36:39.616	ERROR	assigned(FOraConnect)
2016-03-18 15:36:39.625	DEBUG	OraQuery insert | INSERT INTO crop
(id_asutp, weight_bloom, date_weight_bloom)
VALUES (180316102010, 8.515,
TO_DATE('2016-03-18 15:36:39', 'yyyy-mm-dd hh24:mi:ss'))

2016-03-18 15:36:44.707	ERROR	assigned(FOraConnect)
2016-03-18 15:36:44.713	DEBUG	OraQuery insert | INSERT INTO crop
(id_asutp, weight_bloom, date_weight_bloom)
VALUES (180316102011, 1.201,
TO_DATE('2016-03-18 15:36:44', 'yyyy-mm-dd hh24:mi:ss'))

2016-03-18 15:36:48.792	ERROR	assigned(FOraConnect)
2016-03-18 15:36:48.808	DEBUG	OraQuery insert | INSERT INTO crop
(id_asutp, weight_bloom, date_weight_bloom)
VALUES (180316102101, 4.759,
TO_DATE('2016-03-18 15:36:48', 'yyyy-mm-dd hh24:mi:ss'))

2016-03-18 15:36:52.895	ERROR	assigned(FOraConnect)
2016-03-18 15:36:52.900	DEBUG	OraQuery insert | INSERT INTO crop
(id_asutp, weight_bloom, date_weight_bloom)
VALUES (180316102102, 0.956,
TO_DATE('2016-03-18 15:36:52', 'yyyy-mm-dd hh24:mi:ss'))

2016-03-18 15:36:56.977	ERROR	assigned(FOraConnect)
2016-03-18 15:36:56.985	DEBUG	OraQuery insert | INSERT INTO crop
(id_asutp, weight_bloom, date_weight_bloom)
VALUES (180316102103, 8.198,
TO_DATE('2016-03-18 15:36:56', 'yyyy-mm-dd hh24:mi:ss'))

2016-03-18 15:37:01.155	ERROR	assigned(FOraConnect)
2016-03-18 15:37:01.162	DEBUG	OraQuery insert | INSERT INTO crop
(id_asutp, weight_bloom, date_weight_bloom)
VALUES (180316102104, 5.908,
TO_DATE('2016-03-18 15:37:00', 'yyyy-mm-dd hh24:mi:ss'))

2016-03-18 15:37:06.243	ERROR	assigned(FOraConnect)
2016-03-18 15:37:06.249	DEBUG	OraQuery insert | INSERT INTO crop
(id_asutp, weight_bloom, date_weight_bloom)
VALUES (180316102105, 5.89,
TO_DATE('2016-03-18 15:37:05', 'yyyy-mm-dd hh24:mi:ss'))

2016-03-18 15:37:10.336	ERROR	assigned(FOraConnect)
2016-03-18 15:37:10.340	DEBUG	OraQuery insert | INSERT INTO crop
(id_asutp, weight_bloom, date_weight_bloom)
VALUES (180316102106, 5.424,
TO_DATE('2016-03-18 15:37:09', 'yyyy-mm-dd hh24:mi:ss'))

2016-03-18 15:37:15.431	ERROR	assigned(FOraConnect)
2016-03-18 15:37:15.439	DEBUG	OraQuery insert | INSERT INTO crop
(id_asutp, weight_bloom, date_weight_bloom)
VALUES (180316102107, 2.43,
TO_DATE('2016-03-18 15:37:15', 'yyyy-mm-dd hh24:mi:ss'))

2016-03-18 15:37:19.519	ERROR	assigned(FOraConnect)
2016-03-18 15:37:19.529	DEBUG	OraQuery insert | INSERT INTO crop
(id_asutp, weight_bloom, date_weight_bloom)
VALUES (180316102108, 2.046,
TO_DATE('2016-03-18 15:37:19', 'yyyy-mm-dd hh24:mi:ss'))

2016-03-18 15:37:24.614	ERROR	assigned(FOraConnect)
2016-03-18 15:37:24.635	DEBUG	OraQuery insert | INSERT INTO crop
(id_asutp, weight_bloom, date_weight_bloom)
VALUES (180316102201, 2.026,
TO_DATE('2016-03-18 15:37:24', 'yyyy-mm-dd hh24:mi:ss'))

2016-03-18 15:37:28.702	ERROR	assigned(FOraConnect)
2016-03-18 15:37:28.709	DEBUG	OraQuery insert | INSERT INTO crop
(id_asutp, weight_bloom, date_weight_bloom)
VALUES (180316102202, 6.765,
TO_DATE('2016-03-18 15:37:28', 'yyyy-mm-dd hh24:mi:ss'))

2016-03-18 15:37:33.786	ERROR	assigned(FOraConnect)
2016-03-18 15:37:33.792	DEBUG	OraQuery insert | INSERT INTO crop
(id_asutp, weight_bloom, date_weight_bloom)
VALUES (180316102203, 2.153,
TO_DATE('2016-03-18 15:37:33', 'yyyy-mm-dd hh24:mi:ss'))

2016-03-18 15:37:33.848	ERROR	EAccessViolation, с сообщением: Access violation at address 0065D4C0 in module 'ArmWeightBlooming1.exe'. Read of address 00000018 | SELECT pkdat, num, num_ingot, id_asutp,
datetime(timestamp, 'unixepoch', 'localtime') as timestamp, weight FROM weight
where id_asutp=180316102203

2016-03-18 15:38:56.692	ERROR	EDatabaseError	com m1, с сообщением: Field 'weight' not found
2016-03-18 15:39:04.177	ERROR	assigned(FOraConnect)
