2016-03-14 14:25:42.407	INFO	start ArmWeightBlooming1
2016-03-14 14:32:01.589	INFO	start ArmWeightBlooming1
2016-03-14 14:32:03.179	WARN	заготовка не выбрана	weight -> 5,793
2016-03-14 14:32:10.379	WARN	заготовка не выбрана	weight -> 1,165
2016-03-14 14:32:17.608	WARN	заготовка не выбрана	weight -> 4,782
2016-03-14 14:32:25.072	DEBUG	id_asutp | 130316201911
2016-03-14 14:32:25.072	DEBUG	weight | 7,631
2016-03-14 14:32:25.072	DEBUG	timestamp | 2016-03-14 14:32:24
2016-03-14 14:32:25.073	INFO	assigned OraConnect
2016-03-14 14:32:25.123	DEBUG	OraQuery insert | INSERT INTO crop
(id_asutp, weight_bloom, date_weight_bloom)
VALUES (130316201911, 7.631,
TO_DATE('2016-03-14 14:32:24', 'yyyy-mm-dd hh24:mi:ss'))

2016-03-14 14:32:25.124	DEBUG	send_error | 0
2016-03-14 14:32:34.293	DEBUG	id_asutp | 140316100101
2016-03-14 14:32:34.294	DEBUG	weight | 0,846
2016-03-14 14:32:34.294	DEBUG	timestamp | 2016-03-14 14:32:34
2016-03-14 14:32:34.294	INFO	assigned OraConnect
2016-03-14 14:32:34.308	DEBUG	OraQuery insert | INSERT INTO crop
(id_asutp, weight_bloom, date_weight_bloom)
VALUES (140316100101, 0.846,
TO_DATE('2016-03-14 14:32:34', 'yyyy-mm-dd hh24:mi:ss'))

2016-03-14 14:32:34.308	DEBUG	send_error | 0
2016-03-14 14:32:44.456	DEBUG	id_asutp | 140316100102
2016-03-14 14:32:44.456	DEBUG	weight | 5,464
2016-03-14 14:32:44.457	DEBUG	timestamp | 2016-03-14 14:32:43
2016-03-14 14:32:44.457	INFO	assigned OraConnect
2016-03-14 14:32:44.494	DEBUG	OraQuery insert | INSERT INTO crop
(id_asutp, weight_bloom, date_weight_bloom)
VALUES (140316100102, 5.464,
TO_DATE('2016-03-14 14:32:43', 'yyyy-mm-dd hh24:mi:ss'))

2016-03-14 14:32:44.495	DEBUG	send_error | 0
2016-03-14 14:32:53.701	DEBUG	id_asutp | 140316100103
2016-03-14 14:32:53.702	DEBUG	weight | 6,229
2016-03-14 14:32:53.702	DEBUG	timestamp | 2016-03-14 14:32:52
2016-03-14 14:32:53.702	INFO	assigned OraConnect
2016-03-14 14:32:53.712	DEBUG	OraQuery insert | INSERT INTO crop
(id_asutp, weight_bloom, date_weight_bloom)
VALUES (140316100103, 6.229,
TO_DATE('2016-03-14 14:32:52', 'yyyy-mm-dd hh24:mi:ss'))

2016-03-14 14:32:53.713	DEBUG	send_error | 0
2016-03-14 14:33:03.906	DEBUG	id_asutp | 140316100104
2016-03-14 14:33:03.907	DEBUG	weight | 5,036
2016-03-14 14:33:03.908	DEBUG	timestamp | 2016-03-14 14:33:03
2016-03-14 14:33:03.909	INFO	assigned OraConnect
2016-03-14 14:33:03.915	DEBUG	OraQuery insert | INSERT INTO crop
(id_asutp, weight_bloom, date_weight_bloom)
VALUES (140316100104, 5.036,
TO_DATE('2016-03-14 14:33:03', 'yyyy-mm-dd hh24:mi:ss'))

2016-03-14 14:33:03.916	DEBUG	send_error | 0
2016-03-14 14:33:25.288	DEBUG	id_asutp | 140316100105
2016-03-14 14:33:25.288	DEBUG	weight | 8,174
2016-03-14 14:33:25.289	DEBUG	timestamp | 2016-03-14 14:33:25
2016-03-14 14:33:25.290	INFO	assigned OraConnect
2016-03-14 14:33:25.297	DEBUG	OraQuery insert | INSERT INTO crop
(id_asutp, weight_bloom, date_weight_bloom)
VALUES (140316100105, 8.174,
TO_DATE('2016-03-14 14:33:25', 'yyyy-mm-dd hh24:mi:ss'))

2016-03-14 14:33:25.298	DEBUG	send_error | 0
2016-03-14 14:33:31.495	DEBUG	id_asutp | 140316100106
2016-03-14 14:33:31.495	DEBUG	weight | 2,411
2016-03-14 14:33:31.496	DEBUG	timestamp | 2016-03-14 14:33:31
2016-03-14 14:33:31.497	INFO	assigned OraConnect
2016-03-14 14:33:31.515	DEBUG	OraQuery insert | INSERT INTO crop
(id_asutp, weight_bloom, date_weight_bloom)
VALUES (140316100106, 2.411,
TO_DATE('2016-03-14 14:33:31', 'yyyy-mm-dd hh24:mi:ss'))

2016-03-14 14:33:31.516	DEBUG	send_error | 0
2016-03-14 14:33:44.671	DEBUG	id_asutp | 140316100107
2016-03-14 14:33:44.672	DEBUG	weight | 6,463
2016-03-14 14:33:44.672	DEBUG	timestamp | 2016-03-14 14:33:43
2016-03-14 14:33:44.673	INFO	assigned OraConnect
2016-03-14 14:33:44.680	DEBUG	OraQuery insert | INSERT INTO crop
(id_asutp, weight_bloom, date_weight_bloom)
VALUES (140316100107, 6.463,
TO_DATE('2016-03-14 14:33:43', 'yyyy-mm-dd hh24:mi:ss'))

2016-03-14 14:33:44.680	DEBUG	send_error | 0
2016-03-14 14:33:54.840	DEBUG	id_asutp | 140316100108
2016-03-14 14:33:54.841	DEBUG	weight | 8,975
2016-03-14 14:33:54.842	DEBUG	timestamp | 2016-03-14 14:33:54
2016-03-14 14:33:54.843	INFO	assigned OraConnect
2016-03-14 14:33:54.849	DEBUG	OraQuery insert | INSERT INTO crop
(id_asutp, weight_bloom, date_weight_bloom)
VALUES (140316100108, 8.975,
TO_DATE('2016-03-14 14:33:54', 'yyyy-mm-dd hh24:mi:ss'))

2016-03-14 14:33:54.850	DEBUG	send_error | 0
2016-03-14 14:34:04.085	DEBUG	id_asutp | 140316100109
2016-03-14 14:34:04.086	DEBUG	weight | 8,71
2016-03-14 14:34:04.087	DEBUG	timestamp | 2016-03-14 14:34:03
2016-03-14 14:34:04.087	INFO	assigned OraConnect
2016-03-14 14:34:04.094	DEBUG	OraQuery insert | INSERT INTO crop
(id_asutp, weight_bloom, date_weight_bloom)
VALUES (140316100109, 8.71,
TO_DATE('2016-03-14 14:34:03', 'yyyy-mm-dd hh24:mi:ss'))

2016-03-14 14:34:04.095	DEBUG	send_error | 0
2016-03-14 14:34:13.403	DEBUG	id_asutp | 140316100110
2016-03-14 14:34:13.403	DEBUG	weight | 8,506
2016-03-14 14:34:13.404	DEBUG	timestamp | 2016-03-14 14:34:12
2016-03-14 14:34:13.405	INFO	assigned OraConnect
2016-03-14 14:34:13.419	DEBUG	OraQuery insert | INSERT INTO crop
(id_asutp, weight_bloom, date_weight_bloom)
VALUES (140316100110, 8.506,
TO_DATE('2016-03-14 14:34:12', 'yyyy-mm-dd hh24:mi:ss'))

2016-03-14 14:34:13.420	DEBUG	send_error | 0
2016-03-14 14:34:22.713	DEBUG	id_asutp | 140316100111
2016-03-14 14:34:22.714	DEBUG	weight | 4,154
2016-03-14 14:34:22.715	DEBUG	timestamp | 2016-03-14 14:34:22
2016-03-14 14:34:22.716	INFO	assigned OraConnect
2016-03-14 14:34:22.728	DEBUG	OraQuery insert | INSERT INTO crop
(id_asutp, weight_bloom, date_weight_bloom)
VALUES (140316100111, 4.154,
TO_DATE('2016-03-14 14:34:22', 'yyyy-mm-dd hh24:mi:ss'))

2016-03-14 14:34:22.729	DEBUG	send_error | 0
2016-03-14 14:34:32.022	DEBUG	id_asutp | 140316100112
2016-03-14 14:34:32.023	DEBUG	weight | 4,142
2016-03-14 14:34:32.025	DEBUG	timestamp | 2016-03-14 14:34:31
2016-03-14 14:34:32.026	INFO	assigned OraConnect
2016-03-14 14:34:32.623	DEBUG	OraQuery insert | INSERT INTO crop
(id_asutp, weight_bloom, date_weight_bloom)
VALUES (140316100112, 4.142,
TO_DATE('2016-03-14 14:34:31', 'yyyy-mm-dd hh24:mi:ss'))

2016-03-14 14:34:32.624	DEBUG	send_error | 0
2016-03-14 14:34:35.726	DEBUG	id_asutp | 140316100113
2016-03-14 14:34:35.727	DEBUG	weight | 2,681
2016-03-14 14:34:35.727	DEBUG	timestamp | 2016-03-14 14:34:34
2016-03-14 14:34:35.728	INFO	assigned OraConnect
2016-03-14 14:34:35.752	DEBUG	OraQuery insert | INSERT INTO crop
(id_asutp, weight_bloom, date_weight_bloom)
VALUES (140316100113, 2.681,
TO_DATE('2016-03-14 14:34:34', 'yyyy-mm-dd hh24:mi:ss'))

2016-03-14 14:34:35.752	DEBUG	send_error | 0
2016-03-14 14:34:45.879	DEBUG	id_asutp | 140316100114
2016-03-14 14:34:45.880	DEBUG	weight | 7,854
2016-03-14 14:34:45.880	DEBUG	timestamp | 2016-03-14 14:34:45
2016-03-14 14:34:45.881	INFO	assigned OraConnect
2016-03-14 14:34:45.895	DEBUG	OraQuery insert | INSERT INTO crop
(id_asutp, weight_bloom, date_weight_bloom)
VALUES (140316100114, 7.854,
TO_DATE('2016-03-14 14:34:45', 'yyyy-mm-dd hh24:mi:ss'))

2016-03-14 14:34:45.896	DEBUG	send_error | 0
2016-03-14 14:34:55.057	DEBUG	id_asutp | 140316100201
2016-03-14 14:34:55.058	DEBUG	weight | 5,705
2016-03-14 14:34:55.060	DEBUG	timestamp | 2016-03-14 14:34:54
2016-03-14 14:34:55.061	INFO	assigned OraConnect
2016-03-14 14:34:55.068	DEBUG	OraQuery insert | INSERT INTO crop
(id_asutp, weight_bloom, date_weight_bloom)
VALUES (140316100201, 5.705,
TO_DATE('2016-03-14 14:34:54', 'yyyy-mm-dd hh24:mi:ss'))

2016-03-14 14:34:55.068	DEBUG	send_error | 0
2016-03-14 14:35:04.433	DEBUG	id_asutp | 140316100202
2016-03-14 14:35:04.434	DEBUG	weight | 6,148
2016-03-14 14:35:04.436	DEBUG	timestamp | 2016-03-14 14:35:03
2016-03-14 14:35:04.437	INFO	assigned OraConnect
2016-03-14 14:35:04.446	DEBUG	OraQuery insert | INSERT INTO crop
(id_asutp, weight_bloom, date_weight_bloom)
VALUES (140316100202, 6.148,
TO_DATE('2016-03-14 14:35:03', 'yyyy-mm-dd hh24:mi:ss'))

2016-03-14 14:35:04.446	DEBUG	send_error | 0
2016-03-14 14:35:14.827	DEBUG	id_asutp | 140316100203
2016-03-14 14:35:14.828	DEBUG	weight | 4,223
2016-03-14 14:35:14.830	DEBUG	timestamp | 2016-03-14 14:35:14
2016-03-14 14:35:14.831	INFO	assigned OraConnect
2016-03-14 14:35:14.839	DEBUG	OraQuery insert | INSERT INTO crop
(id_asutp, weight_bloom, date_weight_bloom)
VALUES (140316100203, 4.223,
TO_DATE('2016-03-14 14:35:14', 'yyyy-mm-dd hh24:mi:ss'))

2016-03-14 14:35:14.840	DEBUG	send_error | 0
2016-03-14 14:35:25.091	DEBUG	id_asutp | 140316100204
2016-03-14 14:35:25.091	DEBUG	weight | 8,374
2016-03-14 14:35:25.092	DEBUG	timestamp | 2016-03-14 14:35:24
2016-03-14 14:35:25.092	INFO	assigned OraConnect
2016-03-14 14:35:25.099	DEBUG	OraQuery insert | INSERT INTO crop
(id_asutp, weight_bloom, date_weight_bloom)
VALUES (140316100204, 8.374,
TO_DATE('2016-03-14 14:35:24', 'yyyy-mm-dd hh24:mi:ss'))

2016-03-14 14:35:25.100	DEBUG	send_error | 0
2016-03-14 14:35:47.675	DEBUG	id_asutp | 140316100205
2016-03-14 14:35:47.677	DEBUG	weight | 5,2
2016-03-14 14:35:47.678	DEBUG	timestamp | 2016-03-14 14:35:46
2016-03-14 14:35:47.679	INFO	assigned OraConnect
2016-03-14 14:35:47.733	DEBUG	OraQuery insert | INSERT INTO crop
(id_asutp, weight_bloom, date_weight_bloom)
VALUES (140316100205, 5.2,
TO_DATE('2016-03-14 14:35:46', 'yyyy-mm-dd hh24:mi:ss'))

2016-03-14 14:35:47.734	DEBUG	send_error | 0
2016-03-14 14:35:56.878	DEBUG	id_asutp | 140316100206
2016-03-14 14:35:56.879	DEBUG	weight | 3,973
2016-03-14 14:35:56.880	DEBUG	timestamp | 2016-03-14 14:35:56
2016-03-14 14:35:56.881	INFO	assigned OraConnect
2016-03-14 14:35:56.889	DEBUG	OraQuery insert | INSERT INTO crop
(id_asutp, weight_bloom, date_weight_bloom)
VALUES (140316100206, 3.973,
TO_DATE('2016-03-14 14:35:56', 'yyyy-mm-dd hh24:mi:ss'))

2016-03-14 14:35:56.890	DEBUG	send_error | 0
2016-03-14 14:36:06.010	DEBUG	id_asutp | 140316100207
2016-03-14 14:36:06.011	DEBUG	weight | 0,486
2016-03-14 14:36:06.012	DEBUG	timestamp | 2016-03-14 14:36:05
2016-03-14 14:36:06.013	INFO	assigned OraConnect
2016-03-14 14:36:06.022	DEBUG	OraQuery insert | INSERT INTO crop
(id_asutp, weight_bloom, date_weight_bloom)
VALUES (140316100207, 0.486,
TO_DATE('2016-03-14 14:36:05', 'yyyy-mm-dd hh24:mi:ss'))

2016-03-14 14:36:06.023	DEBUG	send_error | 0
2016-03-14 14:36:15.191	DEBUG	id_asutp | 140316100208
2016-03-14 14:36:15.191	DEBUG	weight | 8,54
2016-03-14 14:36:15.192	DEBUG	timestamp | 2016-03-14 14:36:14
2016-03-14 14:36:15.193	INFO	assigned OraConnect
2016-03-14 14:36:15.199	DEBUG	OraQuery insert | INSERT INTO crop
(id_asutp, weight_bloom, date_weight_bloom)
VALUES (140316100208, 8.54,
TO_DATE('2016-03-14 14:36:14', 'yyyy-mm-dd hh24:mi:ss'))

2016-03-14 14:36:15.200	DEBUG	send_error | 0
2016-03-14 14:36:32.731	DEBUG	id_asutp | 140316100209
2016-03-14 14:36:32.732	DEBUG	weight | 8,445
2016-03-14 14:36:32.732	DEBUG	timestamp | 2016-03-14 14:36:32
2016-03-14 14:36:32.733	INFO	assigned OraConnect
2016-03-14 14:36:32.738	DEBUG	OraQuery insert | INSERT INTO crop
(id_asutp, weight_bloom, date_weight_bloom)
VALUES (140316100209, 8.445,
TO_DATE('2016-03-14 14:36:32', 'yyyy-mm-dd hh24:mi:ss'))

2016-03-14 14:36:32.739	DEBUG	send_error | 0
2016-03-14 14:36:41.861	DEBUG	id_asutp | 140316100210
2016-03-14 14:36:41.862	DEBUG	weight | 2,172
2016-03-14 14:36:41.862	DEBUG	timestamp | 2016-03-14 14:36:41
2016-03-14 14:36:41.863	INFO	assigned OraConnect
2016-03-14 14:36:41.879	DEBUG	OraQuery insert | INSERT INTO crop
(id_asutp, weight_bloom, date_weight_bloom)
VALUES (140316100210, 2.172,
TO_DATE('2016-03-14 14:36:41', 'yyyy-mm-dd hh24:mi:ss'))

2016-03-14 14:36:41.880	DEBUG	send_error | 0
2016-03-14 14:36:52.032	DEBUG	id_asutp | 140316100211
2016-03-14 14:36:52.033	DEBUG	weight | 3,204
2016-03-14 14:36:52.034	DEBUG	timestamp | 2016-03-14 14:36:51
2016-03-14 14:36:52.034	INFO	assigned OraConnect
2016-03-14 14:36:52.041	DEBUG	OraQuery insert | INSERT INTO crop
(id_asutp, weight_bloom, date_weight_bloom)
VALUES (140316100211, 3.204,
TO_DATE('2016-03-14 14:36:51', 'yyyy-mm-dd hh24:mi:ss'))

2016-03-14 14:36:52.041	DEBUG	send_error | 0
2016-03-14 14:37:01.250	DEBUG	id_asutp | 140316100212
2016-03-14 14:37:01.251	DEBUG	weight | 7,942
2016-03-14 14:37:01.251	DEBUG	timestamp | 2016-03-14 14:37:00
2016-03-14 14:37:01.252	INFO	assigned OraConnect
2016-03-14 14:37:01.258	DEBUG	OraQuery insert | INSERT INTO crop
(id_asutp, weight_bloom, date_weight_bloom)
VALUES (140316100212, 7.942,
TO_DATE('2016-03-14 14:37:00', 'yyyy-mm-dd hh24:mi:ss'))

2016-03-14 14:37:01.259	DEBUG	send_error | 0
