2016-03-28 08:15:12.991	INFO	start ArmWeightBlooming1
2016-03-28 08:15:32.033	WARN	заготовка не выбрана	weight -> 0,628
2016-03-28 08:15:39.314	WARN	заготовка не выбрана	weight -> 8,303
2016-03-28 08:15:47.394	DEBUG	send_error | 0
2016-03-28 08:15:47.446	ERROR	SqlReadTableLocal
2016-03-28 08:15:52.962	ERROR	EZSQLException6, с сообщением: SQL Error: OCI_ERROR: ORA-00001: unique constraint (ASUTP.PK_CROP) violated
 | INSERT INTO crop
(id_asutp, weight_bloom, date_weight_bloom)
VALUES (270316100101, 4.803,
TO_DATE('2016-03-28 08:15:49', 'yyyy-mm-dd hh24:mi:ss'))

2016-03-28 08:15:52.977	DEBUG	send_error | 0
2016-03-28 08:15:53.060	ERROR	SqlReadTableLocal
2016-03-28 08:15:57.367	DEBUG	send_error | 0
2016-03-28 08:15:57.436	ERROR	SqlReadTableLocal
2016-03-28 08:16:00.570	DEBUG	send_error | 0
2016-03-28 08:16:00.590	ERROR	SqlReadTableLocal
2016-03-28 08:16:03.756	DEBUG	send_error | 0
2016-03-28 08:16:03.790	ERROR	SqlReadTableLocal
2016-03-28 08:16:06.850	DEBUG	send_error | 0
2016-03-28 08:16:06.931	ERROR	SqlReadTableLocal
2016-03-28 08:16:09.957	DEBUG	send_error | 0
2016-03-28 08:16:09.979	ERROR	SqlReadTableLocal
2016-03-28 08:16:11.997	DEBUG	send_error | 0
2016-03-28 08:16:12.045	ERROR	SqlReadTableLocal
2016-03-28 08:16:15.077	DEBUG	send_error | 0
2016-03-28 08:16:15.095	ERROR	SqlReadTableLocal
2016-03-28 08:16:18.108	DEBUG	send_error | 0
2016-03-28 08:16:18.133	ERROR	SqlReadTableLocal
2016-03-28 08:16:21.156	DEBUG	send_error | 0
2016-03-28 08:16:21.184	ERROR	SqlReadTableLocal
2016-03-28 08:16:24.202	DEBUG	send_error | 0
2016-03-28 08:16:24.228	ERROR	SqlReadTableLocal
2016-03-28 08:16:26.247	DEBUG	send_error | 0
2016-03-28 08:16:26.291	ERROR	SqlReadTableLocal
2016-03-28 08:16:29.313	DEBUG	send_error | 0
2016-03-28 08:16:29.366	ERROR	SqlReadTableLocal
2016-03-28 08:16:32.392	DEBUG	send_error | 0
2016-03-28 08:16:32.412	ERROR	SqlReadTableLocal
2016-03-28 08:16:35.450	DEBUG	send_error | 0
2016-03-28 08:16:35.526	ERROR	SqlReadTableLocal
2016-03-28 08:16:37.550	DEBUG	send_error | 0
2016-03-28 08:16:37.579	ERROR	SqlReadTableLocal
2016-03-28 08:16:40.606	DEBUG	send_error | 0
2016-03-28 08:16:40.624	ERROR	SqlReadTableLocal
2016-03-28 08:16:43.640	DEBUG	send_error | 0
2016-03-28 08:16:43.712	ERROR	SqlReadTableLocal
2016-03-28 08:16:45.726	DEBUG	send_error | 0
2016-03-28 08:16:45.759	ERROR	SqlReadTableLocal
2016-03-28 08:16:48.769	DEBUG	send_error | 0
2016-03-28 08:16:48.796	ERROR	SqlReadTableLocal
2016-03-28 08:16:51.809	DEBUG	send_error | 0
2016-03-28 08:16:51.827	ERROR	SqlReadTableLocal
2016-03-28 08:16:54.853	DEBUG	send_error | 0
2016-03-28 08:16:54.922	ERROR	SqlReadTableLocal
2016-03-28 08:16:57.939	DEBUG	send_error | 0
2016-03-28 08:16:58.266	ERROR	SqlReadTableLocal
2016-03-28 08:17:06.306	DEBUG	send_error | 0
2016-03-28 08:17:06.328	ERROR	SqlReadTableLocal
2016-03-28 08:17:09.352	DEBUG	send_error | 0
2016-03-28 08:17:09.447	ERROR	SqlReadTableLocal
2016-03-28 08:17:11.470	DEBUG	send_error | 0
2016-03-28 08:17:11.500	ERROR	SqlReadTableLocal
2016-03-28 08:17:13.517	DEBUG	send_error | 0
2016-03-28 08:17:13.541	ERROR	SqlReadTableLocal
2016-03-28 08:17:16.574	DEBUG	send_error | 0
2016-03-28 08:17:16.609	ERROR	SqlReadTableLocal
2016-03-28 08:17:19.643	DEBUG	send_error | 0
2016-03-28 08:17:19.679	ERROR	SqlReadTableLocal
2016-03-28 08:17:22.716	DEBUG	send_error | 0
2016-03-28 08:17:22.743	ERROR	SqlReadTableLocal
2016-03-28 08:17:25.772	DEBUG	send_error | 0
2016-03-28 08:17:25.800	ERROR	SqlReadTableLocal
2016-03-28 08:17:28.839	DEBUG	send_error | 0
2016-03-28 08:17:28.878	ERROR	SqlReadTableLocal
2016-03-28 08:17:30.895	DEBUG	send_error | 0
2016-03-28 08:17:30.925	ERROR	SqlReadTableLocal
2016-03-28 08:17:32.941	DEBUG	send_error | 0
2016-03-28 08:17:33.259	ERROR	SqlReadTableLocal
2016-03-28 08:17:39.299	DEBUG	send_error | 0
2016-03-28 08:17:39.323	ERROR	SqlReadTableLocal
2016-03-28 08:17:43.021	DEBUG	send_error | 0
2016-03-28 08:17:43.132	ERROR	SqlReadTableLocal
2016-03-28 08:17:46.176	DEBUG	send_error | 0
2016-03-28 08:17:46.304	ERROR	SqlReadTableLocal
2016-03-28 08:17:48.323	DEBUG	send_error | 0
2016-03-28 08:17:48.348	ERROR	SqlReadTableLocal
2016-03-28 08:17:51.370	DEBUG	send_error | 0
2016-03-28 08:17:51.393	ERROR	SqlReadTableLocal
2016-03-28 08:17:53.411	DEBUG	send_error | 0
2016-03-28 08:17:53.448	ERROR	SqlReadTableLocal
2016-03-28 08:17:56.486	DEBUG	send_error | 0
2016-03-28 08:17:56.511	ERROR	SqlReadTableLocal
2016-03-28 08:17:59.539	DEBUG	send_error | 0
2016-03-28 08:17:59.573	ERROR	SqlReadTableLocal
2016-03-28 08:18:01.619	DEBUG	send_error | 0
2016-03-28 08:18:01.649	ERROR	SqlReadTableLocal
2016-03-28 08:18:04.677	DEBUG	send_error | 0
2016-03-28 08:18:04.709	ERROR	SqlReadTableLocal
2016-03-28 08:18:06.742	DEBUG	send_error | 0
2016-03-28 08:18:06.769	ERROR	SqlReadTableLocal
2016-03-28 08:18:09.797	DEBUG	send_error | 0
2016-03-28 08:18:09.819	ERROR	SqlReadTableLocal
2016-03-28 08:18:12.854	DEBUG	send_error | 0
2016-03-28 08:18:12.879	ERROR	SqlReadTableLocal
2016-03-28 08:18:15.897	DEBUG	send_error | 0
2016-03-28 08:18:15.945	ERROR	SqlReadTableLocal
2016-03-28 08:18:17.964	DEBUG	send_error | 0
2016-03-28 08:18:17.986	ERROR	SqlReadTableLocal
2016-03-28 08:18:21.016	DEBUG	send_error | 0
2016-03-28 08:18:21.045	ERROR	SqlReadTableLocal
2016-03-28 08:18:24.071	DEBUG	send_error | 0
2016-03-28 08:18:24.095	ERROR	SqlReadTableLocal
2016-03-28 08:18:27.120	DEBUG	send_error | 0
2016-03-28 08:18:27.182	ERROR	SqlReadTableLocal
2016-03-28 08:18:30.211	DEBUG	send_error | 0
2016-03-28 08:18:30.254	ERROR	SqlReadTableLocal
2016-03-28 08:18:33.292	DEBUG	send_error | 0
2016-03-28 08:18:33.366	ERROR	SqlReadTableLocal
2016-03-28 08:18:35.401	DEBUG	send_error | 0
2016-03-28 08:18:35.427	ERROR	SqlReadTableLocal
2016-03-28 08:18:38.477	DEBUG	send_error | 0
2016-03-28 08:18:38.499	ERROR	SqlReadTableLocal
2016-03-28 08:18:41.533	DEBUG	send_error | 0
2016-03-28 08:18:41.563	ERROR	SqlReadTableLocal
2016-03-28 08:18:44.591	DEBUG	send_error | 0
2016-03-28 08:18:44.631	ERROR	SqlReadTableLocal
2016-03-28 08:18:47.655	DEBUG	send_error | 0
2016-03-28 08:18:47.744	ERROR	SqlReadTableLocal
2016-03-28 08:18:50.762	DEBUG	send_error | 0
2016-03-28 08:18:50.847	ERROR	SqlReadTableLocal
2016-03-28 08:18:52.866	DEBUG	send_error | 0
2016-03-28 08:18:52.889	ERROR	SqlReadTableLocal
2016-03-28 08:18:55.910	DEBUG	send_error | 0
2016-03-28 08:18:56.042	ERROR	SqlReadTableLocal
2016-03-28 08:18:58.077	DEBUG	send_error | 0
2016-03-28 08:18:58.102	ERROR	SqlReadTableLocal
2016-03-28 08:19:01.142	DEBUG	send_error | 0
2016-03-28 08:19:01.165	ERROR	SqlReadTableLocal
2016-03-28 08:19:04.196	DEBUG	send_error | 0
2016-03-28 08:19:04.211	ERROR	SqlReadTableLocal
2016-03-28 08:19:07.245	DEBUG	send_error | 0
2016-03-28 08:19:07.283	ERROR	SqlReadTableLocal
2016-03-28 08:19:09.312	DEBUG	send_error | 0
2016-03-28 08:19:09.373	ERROR	SqlReadTableLocal
2016-03-28 08:19:12.409	DEBUG	send_error | 0
2016-03-28 08:19:12.430	ERROR	SqlReadTableLocal
2016-03-28 08:19:15.449	DEBUG	send_error | 0
2016-03-28 08:19:15.479	ERROR	SqlReadTableLocal
2016-03-28 08:19:17.495	DEBUG	send_error | 0
2016-03-28 08:19:17.542	ERROR	SqlReadTableLocal
2016-03-28 08:19:20.570	DEBUG	send_error | 0
2016-03-28 08:19:20.634	ERROR	SqlReadTableLocal
2016-03-28 08:19:23.667	DEBUG	send_error | 0
2016-03-28 08:19:23.690	ERROR	SqlReadTableLocal
2016-03-28 08:19:26.706	DEBUG	send_error | 0
2016-03-28 08:19:26.885	ERROR	SqlReadTableLocal
2016-03-28 08:19:28.911	DEBUG	send_error | 0
2016-03-28 08:19:46.504	ERROR	EZSQLException sql save in buffer, с сообщением: SQL Error: database is locked: library routine called out of sequence | INSERT INTO weight
(pkdat, num, num_ingot, id_asutp, heat, timestamp, weight)
VALUES(1603271, 19, 11,
270316101911,
231501, strftime('%s','now'), 8.975)

2016-03-28 08:19:46.513	ERROR	SqlReadTableLocal
2016-03-28 08:19:53.607	DEBUG	send_error | 0
2016-03-28 08:19:53.959	ERROR	SqlReadTableLocal
2016-03-28 08:19:56.988	DEBUG	send_error | 0
2016-03-28 08:19:57.175	ERROR	SqlReadTableLocal
2016-03-28 08:19:59.201	DEBUG	send_error | 0
2016-03-28 08:19:59.216	ERROR	SqlReadTableLocal
2016-03-28 08:20:02.238	DEBUG	send_error | 0
2016-03-28 08:20:02.255	ERROR	SqlReadTableLocal
2016-03-28 08:20:04.358	DEBUG	send_error | 0
2016-03-28 08:20:04.382	ERROR	SqlReadTableLocal
2016-03-28 08:20:07.484	DEBUG	send_error | 0
2016-03-28 08:20:07.529	ERROR	SqlReadTableLocal
2016-03-28 08:20:10.622	DEBUG	send_error | 0
2016-03-28 08:20:10.649	ERROR	SqlReadTableLocal
2016-03-28 08:20:12.693	DEBUG	send_error | 0
2016-03-28 08:20:12.714	ERROR	SqlReadTableLocal
2016-03-28 08:20:15.811	DEBUG	send_error | 0
2016-03-28 08:20:15.831	ERROR	SqlReadTableLocal
2016-03-28 08:20:18.854	DEBUG	send_error | 0
2016-03-28 08:20:18.893	ERROR	SqlReadTableLocal
2016-03-28 08:20:21.917	DEBUG	send_error | 0
2016-03-28 08:20:21.934	ERROR	SqlReadTableLocal
2016-03-28 08:20:24.968	DEBUG	send_error | 0
2016-03-28 08:20:24.990	ERROR	SqlReadTableLocal
2016-03-28 08:20:28.018	DEBUG	send_error | 0
2016-03-28 08:20:28.037	ERROR	SqlReadTableLocal
2016-03-28 08:20:31.060	DEBUG	send_error | 0
2016-03-28 08:20:31.092	ERROR	SqlReadTableLocal
2016-03-28 08:20:34.123	DEBUG	send_error | 0
2016-03-28 08:20:34.164	ERROR	SqlReadTableLocal
2016-03-28 08:20:36.207	DEBUG	send_error | 0
2016-03-28 08:20:36.233	ERROR	SqlReadTableLocal
2016-03-28 08:20:39.261	DEBUG	send_error | 0
2016-03-28 08:20:39.297	ERROR	SqlReadTableLocal
2016-03-28 08:20:42.313	DEBUG	send_error | 0
2016-03-28 08:20:42.340	ERROR	SqlReadTableLocal
2016-03-28 08:20:45.363	DEBUG	send_error | 0
2016-03-28 08:20:45.380	ERROR	SqlReadTableLocal
2016-03-28 08:20:48.400	DEBUG	send_error | 0
2016-03-28 08:20:48.422	ERROR	SqlReadTableLocal
2016-03-28 08:20:51.450	DEBUG	send_error | 0
2016-03-28 08:20:51.464	ERROR	SqlReadTableLocal
2016-03-28 08:20:54.512	DEBUG	send_error | 0
2016-03-28 08:20:54.565	ERROR	SqlReadTableLocal
2016-03-28 08:20:57.598	DEBUG	send_error | 0
2016-03-28 08:20:57.689	ERROR	SqlReadTableLocal
2016-03-28 08:20:59.726	DEBUG	send_error | 0
2016-03-28 08:20:59.762	ERROR	SqlReadTableLocal
2016-03-28 08:21:02.784	DEBUG	send_error | 0
2016-03-28 08:21:02.810	ERROR	SqlReadTableLocal
2016-03-28 08:21:05.830	DEBUG	send_error | 0
2016-03-28 08:21:05.872	ERROR	SqlReadTableLocal
2016-03-28 08:21:08.898	DEBUG	send_error | 0
2016-03-28 08:21:08.937	ERROR	SqlReadTableLocal
2016-03-28 08:21:11.964	DEBUG	send_error | 0
2016-03-28 08:21:12.049	ERROR	SqlReadTableLocal
2016-03-28 08:21:14.079	DEBUG	send_error | 0
2016-03-28 08:21:14.118	ERROR	SqlReadTableLocal
2016-03-28 08:21:17.141	DEBUG	send_error | 0
2016-03-28 08:21:17.166	ERROR	SqlReadTableLocal
2016-03-28 08:21:20.201	DEBUG	send_error | 0
2016-03-28 08:21:20.221	ERROR	SqlReadTableLocal
2016-03-28 08:21:23.254	DEBUG	send_error | 0
2016-03-28 08:21:23.303	ERROR	SqlReadTableLocal
2016-03-28 08:21:26.416	DEBUG	send_error | 0
2016-03-28 08:21:26.448	ERROR	SqlReadTableLocal
2016-03-28 08:21:29.475	DEBUG	send_error | 0
2016-03-28 08:21:29.532	ERROR	SqlReadTableLocal
2016-03-28 08:21:32.567	DEBUG	send_error | 0
2016-03-28 08:21:32.590	ERROR	SqlReadTableLocal
2016-03-28 08:21:34.618	DEBUG	send_error | 0
2016-03-28 08:21:34.654	ERROR	SqlReadTableLocal
2016-03-28 08:21:38.677	DEBUG	send_error | 0
2016-03-28 08:21:38.696	ERROR	SqlReadTableLocal
2016-03-28 08:21:41.722	DEBUG	send_error | 0
2016-03-28 08:21:41.786	ERROR	SqlReadTableLocal
2016-03-28 08:21:43.822	DEBUG	send_error | 0
2016-03-28 08:21:43.849	ERROR	SqlReadTableLocal
2016-03-28 08:21:46.964	DEBUG	send_error | 0
2016-03-28 08:21:47.001	ERROR	SqlReadTableLocal
2016-03-28 08:21:50.035	DEBUG	send_error | 0
2016-03-28 08:21:50.070	ERROR	SqlReadTableLocal
2016-03-28 08:21:53.096	DEBUG	send_error | 0
2016-03-28 08:21:53.139	ERROR	SqlReadTableLocal
2016-03-28 08:21:56.240	DEBUG	send_error | 0
2016-03-28 08:21:56.286	ERROR	SqlReadTableLocal
2016-03-28 08:21:59.327	DEBUG	send_error | 0
2016-03-28 08:21:59.364	ERROR	SqlReadTableLocal
2016-03-28 08:22:02.387	DEBUG	send_error | 0
2016-03-28 08:22:02.420	ERROR	SqlReadTableLocal
2016-03-28 08:22:05.477	DEBUG	send_error | 0
2016-03-28 08:22:05.507	ERROR	SqlReadTableLocal
2016-03-28 08:22:07.528	DEBUG	send_error | 0
2016-03-28 08:22:07.571	ERROR	SqlReadTableLocal
2016-03-28 08:22:10.648	DEBUG	send_error | 0
2016-03-28 08:22:10.667	ERROR	SqlReadTableLocal
2016-03-28 08:22:13.687	DEBUG	send_error | 0
2016-03-28 08:22:13.719	ERROR	SqlReadTableLocal
2016-03-28 08:22:16.733	DEBUG	send_error | 0
2016-03-28 08:22:16.774	ERROR	SqlReadTableLocal
2016-03-28 08:22:19.792	DEBUG	send_error | 0
2016-03-28 08:22:19.822	ERROR	SqlReadTableLocal
2016-03-28 08:22:22.836	DEBUG	send_error | 0
2016-03-28 08:22:22.864	ERROR	SqlReadTableLocal
2016-03-28 08:22:25.875	DEBUG	send_error | 0
2016-03-28 08:22:25.896	ERROR	SqlReadTableLocal
2016-03-28 08:22:28.910	DEBUG	send_error | 0
2016-03-28 08:22:28.931	ERROR	SqlReadTableLocal
2016-03-28 08:22:31.944	DEBUG	send_error | 0
2016-03-28 08:22:31.968	ERROR	SqlReadTableLocal
2016-03-28 08:22:34.981	DEBUG	send_error | 0
2016-03-28 08:22:35.007	ERROR	SqlReadTableLocal
2016-03-28 08:22:38.028	DEBUG	send_error | 0
2016-03-28 08:22:38.054	ERROR	SqlReadTableLocal
2016-03-28 08:22:41.070	DEBUG	send_error | 0
2016-03-28 08:22:41.163	ERROR	SqlReadTableLocal
2016-03-28 08:22:44.186	DEBUG	send_error | 0
2016-03-28 08:22:44.236	ERROR	SqlReadTableLocal
2016-03-28 08:22:47.278	DEBUG	send_error | 0
2016-03-28 08:22:47.344	ERROR	SqlReadTableLocal
2016-03-28 08:22:50.379	DEBUG	send_error | 0
2016-03-28 08:22:50.486	ERROR	SqlReadTableLocal
2016-03-28 08:22:52.510	DEBUG	send_error | 0
2016-03-28 08:22:52.538	ERROR	SqlReadTableLocal
2016-03-28 08:22:55.567	DEBUG	send_error | 0
2016-03-28 08:22:55.592	ERROR	SqlReadTableLocal
2016-03-28 08:22:58.610	DEBUG	send_error | 0
2016-03-28 08:22:58.639	ERROR	SqlReadTableLocal
2016-03-28 08:23:01.657	DEBUG	send_error | 0
2016-03-28 08:23:01.677	ERROR	SqlReadTableLocal
2016-03-28 08:23:04.711	DEBUG	send_error | 0
2016-03-28 08:23:04.732	ERROR	SqlReadTableLocal
2016-03-28 08:23:07.928	DEBUG	send_error | 0
2016-03-28 08:23:07.976	ERROR	SqlReadTableLocal
2016-03-28 08:23:10.990	DEBUG	send_error | 0
2016-03-28 08:23:11.010	ERROR	SqlReadTableLocal
2016-03-28 08:23:14.026	DEBUG	send_error | 0
2016-03-28 08:23:14.042	ERROR	SqlReadTableLocal
2016-03-28 08:23:17.070	DEBUG	send_error | 0
2016-03-28 08:23:17.092	ERROR	SqlReadTableLocal
2016-03-28 08:23:20.107	DEBUG	send_error | 0
2016-03-28 08:23:20.131	ERROR	SqlReadTableLocal
2016-03-28 08:23:23.147	DEBUG	send_error | 0
2016-03-28 08:23:23.338	ERROR	SqlReadTableLocal
2016-03-28 08:23:24.560	ERROR	EAccessViolation serial send/read, с сообщением: Access violation at address 007D7950 in module 'ArmWeightBlooming1.exe'. Read of address 000003A0
2016-03-28 08:23:32.488	DEBUG	send_error | 0
2016-03-28 08:23:32.509	ERROR	SqlReadTableLocal
2016-03-28 08:23:35.562	DEBUG	send_error | 0
2016-03-28 08:23:35.592	ERROR	SqlReadTableLocal
2016-03-28 08:23:38.621	DEBUG	send_error | 0
2016-03-28 08:23:38.700	ERROR	SqlReadTableLocal
2016-03-28 08:23:41.748	DEBUG	send_error | 0
2016-03-28 08:23:41.816	ERROR	SqlReadTableLocal
2016-03-28 08:23:43.844	DEBUG	send_error | 0
2016-03-28 08:23:43.889	ERROR	SqlReadTableLocal
2016-03-28 08:23:46.911	DEBUG	send_error | 0
2016-03-28 08:23:46.937	ERROR	SqlReadTableLocal
2016-03-28 08:23:49.964	DEBUG	send_error | 0
2016-03-28 08:23:49.987	ERROR	SqlReadTableLocal
2016-03-28 08:23:53.009	DEBUG	send_error | 0
2016-03-28 08:23:53.178	ERROR	SqlReadTableLocal
2016-03-28 08:23:55.224	DEBUG	send_error | 0
2016-03-28 08:23:55.289	ERROR	SqlReadTableLocal
2016-03-28 08:23:57.318	DEBUG	send_error | 0
2016-03-28 08:23:57.360	ERROR	SqlReadTableLocal
2016-03-28 08:24:00.398	DEBUG	send_error | 0
2016-03-28 08:24:00.424	ERROR	SqlReadTableLocal
2016-03-28 08:24:03.441	DEBUG	send_error | 0
2016-03-28 08:24:03.494	ERROR	SqlReadTableLocal
2016-03-28 08:24:05.518	DEBUG	send_error | 0
2016-03-28 08:24:05.568	ERROR	SqlReadTableLocal
2016-03-28 08:24:08.675	DEBUG	send_error | 0
2016-03-28 08:24:08.712	ERROR	SqlReadTableLocal
2016-03-28 08:24:11.746	DEBUG	send_error | 0
2016-03-28 08:24:11.793	ERROR	SqlReadTableLocal
2016-03-28 08:24:14.821	DEBUG	send_error | 0
2016-03-28 08:24:14.861	ERROR	SqlReadTableLocal
2016-03-28 08:24:16.878	DEBUG	send_error | 0
2016-03-28 08:24:16.918	ERROR	SqlReadTableLocal
2016-03-28 08:24:19.942	DEBUG	send_error | 0
2016-03-28 08:24:20.005	ERROR	SqlReadTableLocal
2016-03-28 08:24:28.079	DEBUG	send_error | 0
2016-03-28 08:24:28.113	ERROR	SqlReadTableLocal
2016-03-28 08:24:31.150	DEBUG	send_error | 0
2016-03-28 08:24:31.213	ERROR	SqlReadTableLocal
2016-03-28 08:24:34.238	DEBUG	send_error | 0
2016-03-28 08:24:34.258	ERROR	SqlReadTableLocal
2016-03-28 08:24:36.286	DEBUG	send_error | 0
2016-03-28 08:24:36.314	ERROR	SqlReadTableLocal
2016-03-28 08:24:39.343	DEBUG	send_error | 0
2016-03-28 08:24:39.379	ERROR	SqlReadTableLocal
2016-03-28 08:24:41.394	DEBUG	send_error | 0
2016-03-28 08:24:41.411	ERROR	SqlReadTableLocal
2016-03-28 08:24:43.425	DEBUG	send_error | 0
2016-03-28 08:24:44.343	ERROR	SqlReadTableLocal
2016-03-28 08:24:46.367	DEBUG	send_error | 0
2016-03-28 08:24:46.825	ERROR	SqlReadTableLocal
2016-03-28 08:24:53.846	DEBUG	send_error | 0
2016-03-28 08:24:53.883	ERROR	SqlReadTableLocal
2016-03-28 08:24:54.899	DEBUG	send_error | 0
2016-03-28 08:24:55.457	ERROR	SqlReadTableLocal
2016-03-28 08:24:58.478	DEBUG	send_error | 0
2016-03-28 08:24:58.522	ERROR	SqlReadTableLocal
2016-03-28 08:25:01.555	DEBUG	send_error | 0
2016-03-28 08:25:01.593	ERROR	SqlReadTableLocal
2016-03-28 08:25:04.626	DEBUG	send_error | 0
2016-03-28 08:25:04.700	ERROR	SqlReadTableLocal
2016-03-28 08:25:07.736	DEBUG	send_error | 0
2016-03-28 08:25:07.815	ERROR	SqlReadTableLocal
2016-03-28 08:25:10.865	DEBUG	send_error | 0
2016-03-28 08:25:10.916	ERROR	SqlReadTableLocal
2016-03-28 08:25:13.931	DEBUG	send_error | 0
2016-03-28 08:25:13.978	ERROR	SqlReadTableLocal
2016-03-28 08:25:17.008	DEBUG	send_error | 0
2016-03-28 08:25:17.106	ERROR	SqlReadTableLocal
2016-03-28 08:25:19.148	DEBUG	send_error | 0
2016-03-28 08:25:19.174	ERROR	SqlReadTableLocal
2016-03-28 08:25:22.187	DEBUG	send_error | 0
2016-03-28 08:25:22.213	ERROR	SqlReadTableLocal
2016-03-28 08:25:25.229	DEBUG	send_error | 0
2016-03-28 08:25:25.248	ERROR	SqlReadTableLocal
2016-03-28 08:25:29.272	DEBUG	send_error | 0
2016-03-28 08:25:29.409	ERROR	SqlReadTableLocal
2016-03-28 08:25:31.427	DEBUG	send_error | 0
2016-03-28 08:25:31.468	ERROR	SqlReadTableLocal
2016-03-28 08:25:34.496	DEBUG	send_error | 0
2016-03-28 08:25:34.552	ERROR	SqlReadTableLocal
2016-03-28 08:25:37.588	DEBUG	send_error | 0
2016-03-28 08:25:37.626	ERROR	SqlReadTableLocal
2016-03-28 08:25:40.650	DEBUG	send_error | 0
2016-03-28 08:25:40.711	ERROR	SqlReadTableLocal
2016-03-28 08:25:42.728	DEBUG	send_error | 0
2016-03-28 08:25:42.759	ERROR	SqlReadTableLocal
2016-03-28 08:25:45.790	DEBUG	send_error | 0
2016-03-28 08:25:45.854	ERROR	SqlReadTableLocal
2016-03-28 08:25:48.867	DEBUG	send_error | 0
2016-03-28 08:25:48.887	ERROR	SqlReadTableLocal
2016-03-28 08:25:51.902	DEBUG	send_error | 0
2016-03-28 08:25:51.920	ERROR	SqlReadTableLocal
2016-03-28 08:25:54.935	DEBUG	send_error | 0
2016-03-28 08:25:54.950	ERROR	SqlReadTableLocal
2016-03-28 08:25:57.969	DEBUG	send_error | 0
2016-03-28 08:25:57.987	ERROR	SqlReadTableLocal
2016-03-28 08:26:02.019	DEBUG	send_error | 0
2016-03-28 08:26:02.166	ERROR	SqlReadTableLocal
2016-03-28 08:26:05.193	DEBUG	send_error | 0
2016-03-28 08:26:05.258	ERROR	SqlReadTableLocal
2016-03-28 08:26:08.301	DEBUG	send_error | 0
2016-03-28 08:26:08.332	ERROR	SqlReadTableLocal
2016-03-28 08:26:11.348	DEBUG	send_error | 0
2016-03-28 08:26:11.417	ERROR	SqlReadTableLocal
2016-03-28 08:26:14.446	DEBUG	send_error | 0
2016-03-28 08:26:14.479	ERROR	SqlReadTableLocal
2016-03-28 08:26:17.501	DEBUG	send_error | 0
2016-03-28 08:26:17.563	ERROR	SqlReadTableLocal
2016-03-28 08:26:20.589	DEBUG	send_error | 0
2016-03-28 08:26:20.670	ERROR	SqlReadTableLocal
2016-03-28 08:26:22.696	DEBUG	send_error | 0
2016-03-28 08:26:22.735	ERROR	SqlReadTableLocal
2016-03-28 08:26:26.749	DEBUG	send_error | 0
2016-03-28 08:26:26.763	ERROR	SqlReadTableLocal
2016-03-28 08:26:29.786	DEBUG	send_error | 0
2016-03-28 08:26:29.805	ERROR	SqlReadTableLocal
2016-03-28 08:26:32.819	DEBUG	send_error | 0
2016-03-28 08:26:32.844	ERROR	SqlReadTableLocal
2016-03-28 08:26:36.871	DEBUG	send_error | 0
2016-03-28 08:26:37.037	ERROR	SqlReadTableLocal
2016-03-28 08:26:40.054	DEBUG	send_error | 0
2016-03-28 08:26:40.086	ERROR	SqlReadTableLocal
2016-03-28 08:26:43.101	DEBUG	send_error | 0
2016-03-28 08:26:43.140	ERROR	SqlReadTableLocal
2016-03-28 08:26:46.157	DEBUG	send_error | 0
2016-03-28 08:26:46.179	ERROR	SqlReadTableLocal
2016-03-28 08:26:50.193	DEBUG	send_error | 0
2016-03-28 08:26:50.374	ERROR	SqlReadTableLocal
2016-03-28 08:26:53.422	DEBUG	send_error | 0
2016-03-28 08:26:53.454	ERROR	SqlReadTableLocal
2016-03-28 08:26:56.500	DEBUG	send_error | 0
2016-03-28 08:26:56.559	ERROR	SqlReadTableLocal
2016-03-28 08:26:59.579	DEBUG	send_error | 0
2016-03-28 08:26:59.598	ERROR	SqlReadTableLocal
2016-03-28 08:27:02.624	DEBUG	send_error | 0
2016-03-28 08:27:02.661	ERROR	SqlReadTableLocal
2016-03-28 08:27:05.678	DEBUG	send_error | 0
2016-03-28 08:27:05.718	ERROR	SqlReadTableLocal
2016-03-28 08:27:08.740	DEBUG	send_error | 0
2016-03-28 08:27:08.780	ERROR	SqlReadTableLocal
2016-03-28 08:27:11.798	DEBUG	send_error | 0
2016-03-28 08:27:11.836	ERROR	SqlReadTableLocal
2016-03-28 08:27:14.857	DEBUG	send_error | 0
2016-03-28 08:27:14.950	ERROR	SqlReadTableLocal
2016-03-28 08:27:17.968	DEBUG	send_error | 0
2016-03-28 08:27:17.990	ERROR	SqlReadTableLocal
2016-03-28 08:27:21.008	DEBUG	send_error | 0
2016-03-28 08:27:21.138	ERROR	SqlReadTableLocal
2016-03-28 08:27:24.157	DEBUG	send_error | 0
2016-03-28 08:27:24.255	ERROR	SqlReadTableLocal
2016-03-28 08:27:27.401	DEBUG	send_error | 0
2016-03-28 08:27:27.443	ERROR	SqlReadTableLocal
2016-03-28 08:27:30.459	DEBUG	send_error | 0
2016-03-28 08:27:30.499	ERROR	SqlReadTableLocal
2016-03-28 08:27:33.540	DEBUG	send_error | 0
2016-03-28 08:27:33.590	ERROR	SqlReadTableLocal
2016-03-28 08:27:36.617	DEBUG	send_error | 0
2016-03-28 08:27:36.658	ERROR	SqlReadTableLocal
2016-03-28 08:27:39.689	DEBUG	send_error | 0
2016-03-28 08:27:39.756	ERROR	SqlReadTableLocal
2016-03-28 08:27:42.793	DEBUG	send_error | 0
2016-03-28 08:27:42.854	ERROR	SqlReadTableLocal
2016-03-28 08:27:45.926	DEBUG	send_error | 0
2016-03-28 08:27:45.993	ERROR	SqlReadTableLocal
2016-03-28 08:27:49.028	DEBUG	send_error | 0
2016-03-28 08:27:49.104	ERROR	SqlReadTableLocal
2016-03-28 08:27:51.128	DEBUG	send_error | 0
2016-03-28 08:27:51.170	ERROR	SqlReadTableLocal
2016-03-28 08:27:54.193	DEBUG	send_error | 0
2016-03-28 08:27:54.255	ERROR	SqlReadTableLocal
2016-03-28 08:27:56.286	DEBUG	send_error | 0
2016-03-28 08:27:56.331	ERROR	SqlReadTableLocal
2016-03-28 08:28:05.369	DEBUG	send_error | 0
2016-03-28 08:28:05.412	ERROR	SqlReadTableLocal
2016-03-28 08:28:07.430	DEBUG	send_error | 0
2016-03-28 08:28:07.471	ERROR	SqlReadTableLocal
2016-03-28 08:28:09.493	DEBUG	send_error | 0
2016-03-28 08:28:09.557	ERROR	SqlReadTableLocal
2016-03-28 08:28:12.577	DEBUG	send_error | 0
2016-03-28 08:28:12.652	ERROR	SqlReadTableLocal
2016-03-28 08:28:15.677	DEBUG	send_error | 0
2016-03-28 08:28:15.718	ERROR	SqlReadTableLocal
2016-03-28 08:28:18.739	DEBUG	send_error | 0
2016-03-28 08:28:18.796	ERROR	SqlReadTableLocal
2016-03-28 08:28:21.827	DEBUG	send_error | 0
2016-03-28 08:28:21.872	ERROR	SqlReadTableLocal
2016-03-28 08:28:23.919	DEBUG	send_error | 0
2016-03-28 08:28:23.942	ERROR	SqlReadTableLocal
2016-03-28 08:28:26.959	DEBUG	send_error | 0
2016-03-28 08:28:26.986	ERROR	SqlReadTableLocal
2016-03-28 08:28:30.035	DEBUG	send_error | 0
2016-03-28 08:28:30.079	ERROR	SqlReadTableLocal
2016-03-28 08:28:33.122	DEBUG	send_error | 0
2016-03-28 08:28:33.189	ERROR	SqlReadTableLocal
2016-03-28 08:28:35.218	DEBUG	send_error | 0
2016-03-28 08:28:35.661	ERROR	SqlReadTableLocal
2016-03-28 08:28:40.683	DEBUG	send_error | 0
2016-03-28 08:28:41.123	ERROR	SqlReadTableLocal
2016-03-28 08:28:44.145	DEBUG	send_error | 0
2016-03-28 08:28:44.187	ERROR	SqlReadTableLocal
2016-03-28 08:28:47.209	DEBUG	send_error | 0
2016-03-28 08:28:47.315	ERROR	SqlReadTableLocal
2016-03-28 08:28:50.341	DEBUG	send_error | 0
2016-03-28 08:28:50.364	ERROR	SqlReadTableLocal
2016-03-28 08:28:54.385	DEBUG	send_error | 0
2016-03-28 08:28:54.524	ERROR	SqlReadTableLocal
2016-03-28 08:28:57.546	DEBUG	send_error | 0
2016-03-28 08:28:57.581	ERROR	SqlReadTableLocal
2016-03-28 08:29:00.627	DEBUG	send_error | 0
2016-03-28 08:29:00.666	ERROR	SqlReadTableLocal
2016-03-28 08:29:03.681	DEBUG	send_error | 0
2016-03-28 08:29:03.700	ERROR	SqlReadTableLocal
2016-03-28 08:29:06.724	DEBUG	send_error | 0
2016-03-28 08:29:07.010	ERROR	SqlReadTableLocal
2016-03-28 08:29:09.032	DEBUG	send_error | 0
2016-03-28 08:29:09.480	ERROR	SqlReadTableLocal
2016-03-28 08:29:14.498	DEBUG	send_error | 0
2016-03-28 08:29:14.958	ERROR	SqlReadTableLocal
2016-03-28 08:29:17.980	DEBUG	send_error | 0
2016-03-28 08:29:18.187	ERROR	SqlReadTableLocal
2016-03-28 08:29:20.200	DEBUG	send_error | 0
2016-03-28 08:29:20.218	ERROR	SqlReadTableLocal
2016-03-28 08:29:23.234	DEBUG	send_error | 0
2016-03-28 08:29:23.254	ERROR	SqlReadTableLocal
2016-03-28 08:29:27.272	DEBUG	send_error | 0
2016-03-28 08:29:27.329	ERROR	SqlReadTableLocal
2016-03-28 08:29:30.397	DEBUG	send_error | 0
2016-03-28 08:29:31.320	ERROR	SqlReadTableLocal
2016-03-28 08:29:34.333	DEBUG	send_error | 0
2016-03-28 08:29:34.392	ERROR	SqlReadTableLocal
2016-03-28 08:29:37.410	DEBUG	send_error | 0
2016-03-28 08:29:37.434	ERROR	SqlReadTableLocal
2016-03-28 08:29:41.450	DEBUG	send_error | 0
2016-03-28 08:29:41.732	ERROR	SqlReadTableLocal
2016-03-28 08:29:44.757	DEBUG	send_error | 0
2016-03-28 08:29:44.796	ERROR	SqlReadTableLocal
2016-03-28 08:29:47.813	DEBUG	send_error | 0
2016-03-28 08:29:47.942	ERROR	SqlReadTableLocal
2016-03-28 08:29:49.956	DEBUG	send_error | 0
2016-03-28 08:29:49.981	ERROR	SqlReadTableLocal
2016-03-28 08:29:54.031	DEBUG	send_error | 0
2016-03-28 08:29:54.085	ERROR	SqlReadTableLocal
2016-03-28 08:29:57.133	DEBUG	send_error | 0
2016-03-28 08:29:57.165	ERROR	SqlReadTableLocal
2016-03-28 08:30:00.194	DEBUG	send_error | 0
2016-03-28 08:30:00.218	ERROR	SqlReadTableLocal
2016-03-28 08:30:03.289	DEBUG	send_error | 0
2016-03-28 08:30:03.711	ERROR	SqlReadTableLocal
2016-03-28 08:30:10.798	DEBUG	send_error | 0
2016-03-28 08:30:10.831	ERROR	SqlReadTableLocal
2016-03-28 08:30:12.986	DEBUG	send_error | 0
2016-03-28 08:30:13.418	ERROR	SqlReadTableLocal
2016-03-28 08:30:16.530	DEBUG	send_error | 0
2016-03-28 08:30:16.549	ERROR	SqlReadTableLocal
2016-03-28 08:30:20.633	DEBUG	send_error | 0
2016-03-28 08:30:20.768	ERROR	SqlReadTableLocal
2016-03-28 08:30:23.877	DEBUG	send_error | 0
2016-03-28 08:30:23.898	ERROR	SqlReadTableLocal
2016-03-28 08:30:26.810	DEBUG	send_error | 0
2016-03-28 08:30:26.830	ERROR	SqlReadTableLocal
2016-03-28 08:30:29.907	DEBUG	send_error | 0
2016-03-28 08:30:29.978	ERROR	SqlReadTableLocal
2016-03-28 08:30:33.105	DEBUG	send_error | 0
2016-03-28 08:30:33.142	ERROR	SqlReadTableLocal
2016-03-28 08:30:36.380	DEBUG	send_error | 0
2016-03-28 08:30:36.403	ERROR	SqlReadTableLocal
2016-03-28 08:30:39.455	DEBUG	send_error | 0
2016-03-28 08:30:39.487	ERROR	SqlReadTableLocal
2016-03-28 08:30:43.517	DEBUG	send_error | 0
2016-03-28 08:30:43.542	ERROR	SqlReadTableLocal
2016-03-28 08:30:46.562	DEBUG	send_error | 0
2016-03-28 08:30:46.702	ERROR	SqlReadTableLocal
2016-03-28 08:30:54.771	DEBUG	send_error | 0
2016-03-28 08:30:54.801	ERROR	SqlReadTableLocal
2016-03-28 08:30:57.817	DEBUG	send_error | 0
2016-03-28 08:30:57.840	ERROR	SqlReadTableLocal
2016-03-28 08:31:00.863	DEBUG	send_error | 0
2016-03-28 08:31:00.896	ERROR	SqlReadTableLocal
2016-03-28 08:31:03.913	DEBUG	send_error | 0
2016-03-28 08:31:03.936	ERROR	SqlReadTableLocal
2016-03-28 08:31:07.961	DEBUG	send_error | 0
2016-03-28 08:31:08.117	ERROR	SqlReadTableLocal
2016-03-28 08:31:10.144	DEBUG	send_error | 0
2016-03-28 08:31:10.161	ERROR	SqlReadTableLocal
2016-03-28 08:31:13.230	DEBUG	send_error | 0
2016-03-28 08:31:13.256	ERROR	SqlReadTableLocal
2016-03-28 08:31:16.302	DEBUG	send_error | 0
2016-03-28 08:31:16.328	ERROR	SqlReadTableLocal
2016-03-28 08:31:19.360	DEBUG	send_error | 0
2016-03-28 08:31:19.437	ERROR	SqlReadTableLocal
2016-03-28 08:31:22.489	DEBUG	send_error | 0
2016-03-28 08:31:22.515	ERROR	SqlReadTableLocal
2016-03-28 08:31:25.547	DEBUG	send_error | 0
2016-03-28 08:31:25.562	ERROR	SqlReadTableLocal
2016-03-28 08:31:27.595	DEBUG	send_error | 0
2016-03-28 08:31:27.619	ERROR	SqlReadTableLocal
2016-03-28 08:31:30.648	DEBUG	send_error | 0
2016-03-28 08:31:30.672	ERROR	SqlReadTableLocal
2016-03-28 08:31:33.691	DEBUG	send_error | 0
2016-03-28 08:31:33.790	ERROR	SqlReadTableLocal
2016-03-28 08:31:35.813	DEBUG	send_error | 0
2016-03-28 08:31:35.833	ERROR	SqlReadTableLocal
2016-03-28 08:31:38.895	DEBUG	send_error | 0
2016-03-28 08:31:38.914	ERROR	SqlReadTableLocal
2016-03-28 08:31:40.949	DEBUG	send_error | 0
2016-03-28 08:31:40.962	ERROR	SqlReadTableLocal
2016-03-28 08:31:43.985	DEBUG	send_error | 0
2016-03-28 08:31:44.010	ERROR	SqlReadTableLocal
2016-03-28 08:31:47.041	DEBUG	send_error | 0
2016-03-28 08:31:47.063	ERROR	SqlReadTableLocal
2016-03-28 08:31:50.114	DEBUG	send_error | 0
2016-03-28 08:31:50.142	ERROR	SqlReadTableLocal
2016-03-28 08:31:52.173	DEBUG	send_error | 0
2016-03-28 08:31:52.204	ERROR	SqlReadTableLocal
2016-03-28 08:31:55.244	DEBUG	send_error | 0
2016-03-28 08:31:55.275	ERROR	SqlReadTableLocal
2016-03-28 08:31:57.304	DEBUG	send_error | 0
2016-03-28 08:31:57.401	ERROR	SqlReadTableLocal
2016-03-28 08:32:00.445	DEBUG	send_error | 0
2016-03-28 08:32:00.472	ERROR	SqlReadTableLocal
2016-03-28 08:32:03.515	DEBUG	send_error | 0
2016-03-28 08:32:03.542	ERROR	SqlReadTableLocal
2016-03-28 08:32:05.557	DEBUG	send_error | 0
2016-03-28 08:32:05.582	ERROR	SqlReadTableLocal
2016-03-28 08:32:08.608	DEBUG	send_error | 0
2016-03-28 08:32:08.629	ERROR	SqlReadTableLocal
2016-03-28 08:32:12.659	DEBUG	send_error | 0
2016-03-28 08:32:12.691	ERROR	SqlReadTableLocal
2016-03-28 08:32:15.723	DEBUG	send_error | 0
2016-03-28 08:32:15.814	ERROR	SqlReadTableLocal
2016-03-28 08:32:18.837	DEBUG	send_error | 0
2016-03-28 08:32:18.883	ERROR	SqlReadTableLocal
2016-03-28 08:32:20.913	DEBUG	send_error | 0
2016-03-28 08:32:20.943	ERROR	SqlReadTableLocal
2016-03-28 08:32:22.964	DEBUG	send_error | 0
2016-03-28 08:32:22.995	ERROR	SqlReadTableLocal
2016-03-28 08:32:26.030	DEBUG	send_error | 0
2016-03-28 08:32:26.071	ERROR	SqlReadTableLocal
2016-03-28 08:32:29.099	DEBUG	send_error | 0
2016-03-28 08:32:29.139	ERROR	SqlReadTableLocal
2016-03-28 08:32:32.164	DEBUG	send_error | 0
2016-03-28 08:32:32.200	ERROR	SqlReadTableLocal
2016-03-28 08:32:35.228	DEBUG	send_error | 0
2016-03-28 08:32:35.251	ERROR	SqlReadTableLocal
2016-03-28 08:32:38.271	DEBUG	send_error | 0
2016-03-28 08:32:38.305	ERROR	SqlReadTableLocal
2016-03-28 08:32:41.343	DEBUG	send_error | 0
2016-03-28 08:32:41.372	ERROR	SqlReadTableLocal
2016-03-28 08:32:44.394	DEBUG	send_error | 0
2016-03-28 08:32:44.420	ERROR	SqlReadTableLocal
2016-03-28 08:32:47.451	DEBUG	send_error | 0
2016-03-28 08:32:47.536	ERROR	SqlReadTableLocal
2016-03-28 08:32:50.568	DEBUG	send_error | 0
2016-03-28 08:32:50.620	ERROR	SqlReadTableLocal
2016-03-28 08:32:53.659	DEBUG	send_error | 0
2016-03-28 08:32:53.691	ERROR	SqlReadTableLocal
2016-03-28 08:32:56.728	DEBUG	send_error | 0
2016-03-28 08:32:56.757	ERROR	SqlReadTableLocal
2016-03-28 08:32:59.795	DEBUG	send_error | 0
2016-03-28 08:32:59.820	ERROR	SqlReadTableLocal
2016-03-28 08:33:02.867	DEBUG	send_error | 0
2016-03-28 08:33:02.905	ERROR	SqlReadTableLocal
2016-03-28 08:33:04.942	DEBUG	send_error | 0
2016-03-28 08:33:04.960	ERROR	SqlReadTableLocal
2016-03-28 08:33:08.979	DEBUG	send_error | 0
2016-03-28 08:33:09.011	ERROR	SqlReadTableLocal
2016-03-28 08:33:12.099	DEBUG	send_error | 0
2016-03-28 08:33:12.146	ERROR	SqlReadTableLocal
2016-03-28 08:33:13.070	INFO	close ArmWeightBlooming1
