2016-03-25 11:51:00.544	INFO	start ArmWeightBlooming1
2016-03-25 11:51:01.396	ERROR	SqlReadTableLocal
2016-03-25 11:51:06.323	WARN	заготовка не выбрана	weight -> 1,322
2016-03-25 11:51:13.523	WARN	заготовка не выбрана	weight -> 6,215
2016-03-25 11:51:21.940	WARN	заготовка не выбрана	weight -> 7,336
2016-03-25 11:51:29.579	DEBUG	send_error | 0
2016-03-25 11:51:29.898	ERROR	SqlReadTableLocal
2016-03-25 11:51:36.115	ERROR	EZSQLException6, с сообщением: SQL Error: OCI_ERROR: ORA-00001: unique constraint (ASUTP.PK_CROP) violated
 | INSERT INTO crop
(id_asutp, weight_bloom, date_weight_bloom)
VALUES (240316200401, 1.102,
TO_DATE('2016-03-25 11:51:31', 'yyyy-mm-dd hh24:mi:ss'))

2016-03-25 11:51:36.145	DEBUG	send_error | 0
2016-03-25 11:51:36.196	ERROR	SqlReadTableLocal
2016-03-25 11:51:44.265	DEBUG	send_error | 0
2016-03-25 11:51:44.333	ERROR	SqlReadTableLocal
2016-03-25 11:51:47.373	DEBUG	send_error | 0
2016-03-25 11:51:47.534	ERROR	SqlReadTableLocal
2016-03-25 11:51:50.582	DEBUG	send_error | 0
2016-03-25 11:51:50.715	ERROR	SqlReadTableLocal
2016-03-25 11:51:53.758	DEBUG	send_error | 0
2016-03-25 11:51:53.887	ERROR	SqlReadTableLocal
2016-03-25 11:51:54.916	DEBUG	send_error | 0
2016-03-25 11:51:55.353	ERROR	SqlReadTableLocal
2016-03-25 11:51:58.390	DEBUG	send_error | 0
2016-03-25 11:51:58.554	ERROR	SqlReadTableLocal
2016-03-25 11:52:01.581	DEBUG	send_error | 0
2016-03-25 11:52:01.644	ERROR	SqlReadTableLocal
2016-03-25 11:52:04.673	DEBUG	send_error | 0
2016-03-25 11:52:04.844	ERROR	SqlReadTableLocal
2016-03-25 11:52:07.888	DEBUG	send_error | 0
2016-03-25 11:52:07.988	ERROR	SqlReadTableLocal
2016-03-25 11:52:11.036	DEBUG	send_error | 0
2016-03-25 11:52:11.238	ERROR	SqlReadTableLocal
2016-03-25 11:52:19.296	DEBUG	send_error | 0
2016-03-25 11:52:19.365	ERROR	SqlReadTableLocal
2016-03-25 11:52:22.397	DEBUG	send_error | 0
2016-03-25 11:52:22.527	ERROR	SqlReadTableLocal
2016-03-25 11:52:30.731	ERROR	EZSQLException sql send select, с сообщением: SQL Error: database is locked: library routine called out of sequence
2016-03-25 11:52:35.319	ERROR	EZSQLException sql max local count, с сообщением: SQL Error: database is locked
2016-03-25 11:52:36.023	ERROR	EDatabaseError sql max local synchronize, с сообщением: Field 'timestamp' not found
2016-03-25 11:52:37.048	DEBUG	send_error | 0
2016-03-25 11:52:37.098	ERROR	SqlReadTableLocal
2016-03-25 11:52:43.141	DEBUG	send_error | 0
2016-03-25 11:52:43.331	ERROR	SqlReadTableLocal
2016-03-25 11:52:46.369	DEBUG	send_error | 0
2016-03-25 11:52:46.440	ERROR	SqlReadTableLocal
2016-03-25 11:52:49.516	DEBUG	send_error | 0
2016-03-25 11:52:49.566	ERROR	SqlReadTableLocal
2016-03-25 11:52:52.600	DEBUG	send_error | 0
2016-03-25 11:52:52.651	ERROR	SqlReadTableLocal
2016-03-25 11:52:55.679	DEBUG	send_error | 0
2016-03-25 11:52:55.800	ERROR	SqlReadTableLocal
2016-03-25 11:52:57.841	DEBUG	send_error | 0
2016-03-25 11:52:57.922	ERROR	SqlReadTableLocal
2016-03-25 11:53:00.956	DEBUG	send_error | 0
2016-03-25 11:53:01.010	ERROR	SqlReadTableLocal
2016-03-25 11:53:03.046	DEBUG	send_error | 0
2016-03-25 11:53:03.110	ERROR	SqlReadTableLocal
2016-03-25 11:53:06.161	DEBUG	send_error | 0
2016-03-25 11:53:06.228	ERROR	SqlReadTableLocal
2016-03-25 11:53:09.258	DEBUG	send_error | 0
2016-03-25 11:53:09.334	ERROR	SqlReadTableLocal
2016-03-25 11:53:12.370	DEBUG	send_error | 0
2016-03-25 11:53:12.419	ERROR	SqlReadTableLocal
2016-03-25 11:53:15.457	DEBUG	send_error | 0
2016-03-25 11:53:15.515	ERROR	SqlReadTableLocal
2016-03-25 11:53:28.712	ERROR	EZSQLException sql send select, с сообщением: SQL Error: database is locked: library routine called out of sequence
2016-03-25 11:53:30.205	ERROR	EZSQLException sql max local count, с сообщением: SQL Error: database is locked
2016-03-25 11:53:31.504	ERROR	EDatabaseError sql max local synchronize, с сообщением: Field 'timestamp' not found
2016-03-25 11:53:32.543	DEBUG	send_error | 0
2016-03-25 11:53:32.595	ERROR	SqlReadTableLocal
2016-03-25 12:12:04.203	INFO	start ArmWeightBlooming1
2016-03-25 12:12:04.785	ERROR	SqlReadTableLocal
2016-03-25 12:12:10.946	WARN	заготовка не выбрана	weight -> 2,434
2016-03-25 12:12:18.165	WARN	заготовка не выбрана	weight -> 8,489
2016-03-25 12:12:25.371	WARN	заготовка не выбрана	weight -> 7,675
