2016-03-22 13:12:39.153	INFO	start ArmWeightBlooming1
2016-03-22 13:12:40.841	WARN	заготовка не выбрана	weight -> 7,779
2016-03-22 13:12:49.243	WARN	заготовка не выбрана	weight -> 6,593
2016-03-22 13:12:56.936	DEBUG	send_error | 0
2016-03-22 13:13:05.583	DEBUG	send_error | 0
2016-03-22 13:13:09.798	DEBUG	send_error | 0
2016-03-22 13:13:11.872	DEBUG	send_error | 0
2016-03-22 13:13:16.333	DEBUG	send_error | 0
2016-03-22 13:13:19.578	DEBUG	send_error | 0
2016-03-22 13:13:24.659	DEBUG	send_error | 0
2016-03-22 13:13:27.872	DEBUG	send_error | 0
2016-03-22 13:13:31.959	DEBUG	send_error | 0
2016-03-22 13:13:35.148	DEBUG	send_error | 0
2016-03-22 13:13:38.236	DEBUG	send_error | 0
2016-03-22 13:13:42.345	DEBUG	send_error | 0
2016-03-22 13:13:45.458	DEBUG	send_error | 0
2016-03-22 13:13:49.596	DEBUG	send_error | 0
2016-03-22 13:13:54.592	DEBUG	send_error | 0
2016-03-22 13:13:57.423	DEBUG	send_error | 0
2016-03-22 13:14:00.541	DEBUG	send_error | 0
2016-03-22 13:14:03.929	DEBUG	send_error | 0
2016-03-22 13:14:07.009	DEBUG	send_error | 0
2016-03-22 13:14:11.188	DEBUG	send_error | 0
2016-03-22 13:14:15.265	DEBUG	send_error | 0
2016-03-22 13:14:19.371	DEBUG	send_error | 0
2016-03-22 13:14:22.462	DEBUG	send_error | 0
2016-03-22 13:14:26.576	DEBUG	send_error | 0
2016-03-22 13:14:29.651	DEBUG	send_error | 0
2016-03-22 13:14:33.832	DEBUG	send_error | 0
2016-03-22 13:14:37.924	DEBUG	send_error | 0
2016-03-22 13:14:41.011	DEBUG	send_error | 0
2016-03-22 13:14:44.080	DEBUG	send_error | 0
2016-03-22 13:14:47.184	DEBUG	send_error | 0
2016-03-22 13:14:50.345	DEBUG	send_error | 0
2016-03-22 13:14:54.425	DEBUG	send_error | 0
2016-03-22 13:14:58.641	DEBUG	send_error | 0
2016-03-22 13:15:02.768	DEBUG	send_error | 0
2016-03-22 13:15:06.872	DEBUG	send_error | 0
2016-03-22 13:15:11.713	DEBUG	send_error | 0
2016-03-22 13:15:13.798	DEBUG	send_error | 0
2016-03-22 13:15:17.911	DEBUG	send_error | 0
2016-03-22 13:15:21.005	DEBUG	send_error | 0
2016-03-22 13:15:25.168	DEBUG	send_error | 0
2016-03-22 13:15:29.268	DEBUG	send_error | 0
2016-03-22 13:15:32.348	DEBUG	send_error | 0
2016-03-22 13:15:34.550	DEBUG	send_error | 0
2016-03-22 13:15:38.638	DEBUG	send_error | 0
2016-03-22 13:15:42.701	DEBUG	send_error | 0
2016-03-22 13:15:51.452	DEBUG	send_error | 0
2016-03-22 13:15:53.530	DEBUG	send_error | 0
2016-03-22 13:15:56.985	DEBUG	send_error | 0
2016-03-22 13:16:01.062	DEBUG	send_error | 0
2016-03-22 13:16:05.165	DEBUG	send_error | 0
2016-03-22 13:16:08.315	DEBUG	send_error | 0
2016-03-22 13:16:12.395	DEBUG	send_error | 0
2016-03-22 13:16:15.582	DEBUG	send_error | 0
2016-03-22 13:16:19.928	DEBUG	send_error | 0
2016-03-22 13:16:22.009	DEBUG	send_error | 0
2016-03-22 13:16:25.209	DEBUG	send_error | 0
2016-03-22 13:16:27.303	DEBUG	send_error | 0
2016-03-22 13:16:31.852	DEBUG	send_error | 0
2016-03-22 13:16:35.085	DEBUG	send_error | 0
2016-03-22 13:16:37.262	DEBUG	send_error | 0
2016-03-22 13:16:41.372	DEBUG	send_error | 0
2016-03-22 13:16:44.448	DEBUG	send_error | 0
2016-03-22 13:16:48.618	DEBUG	send_error | 0
2016-03-22 13:16:51.741	DEBUG	send_error | 0
2016-03-22 13:16:55.852	DEBUG	send_error | 0
2016-03-22 13:16:59.017	DEBUG	send_error | 0
2016-03-22 13:17:03.118	DEBUG	send_error | 0
2016-03-22 13:17:06.362	DEBUG	send_error | 0
2016-03-22 13:17:08.428	DEBUG	send_error | 0
2016-03-22 13:17:12.934	DEBUG	send_error | 0
2016-03-22 13:17:16.201	DEBUG	send_error | 0
2016-03-22 13:17:18.434	DEBUG	send_error | 0
2016-03-22 13:17:22.568	DEBUG	send_error | 0
2016-03-22 13:17:25.668	DEBUG	send_error | 0
2016-03-22 13:17:29.790	DEBUG	send_error | 0
2016-03-22 13:17:32.873	DEBUG	send_error | 0
2016-03-22 13:17:36.980	DEBUG	send_error | 0
2016-03-22 13:17:40.069	DEBUG	send_error | 0
2016-03-22 13:17:43.183	DEBUG	send_error | 0
2016-03-22 13:17:47.278	DEBUG	send_error | 0
2016-03-22 13:17:55.475	DEBUG	send_error | 0
2016-03-22 13:17:59.555	DEBUG	send_error | 0
2016-03-22 13:18:02.687	DEBUG	send_error | 0
2016-03-22 13:18:06.797	DEBUG	send_error | 0
2016-03-22 13:18:09.874	DEBUG	send_error | 0
2016-03-22 13:18:14.026	DEBUG	send_error | 0
2016-03-22 13:18:17.131	DEBUG	send_error | 0
2016-03-22 13:18:21.208	DEBUG	send_error | 0
2016-03-22 13:18:24.377	DEBUG	send_error | 0
2016-03-22 13:18:27.442	DEBUG	send_error | 0
2016-03-22 13:18:31.562	DEBUG	send_error | 0
2016-03-22 13:18:34.642	DEBUG	send_error | 0
2016-03-22 13:18:37.709	DEBUG	send_error | 0
2016-03-22 13:18:41.799	DEBUG	send_error | 0
2016-03-22 13:18:43.894	DEBUG	send_error | 0
2016-03-22 13:18:46.992	DEBUG	send_error | 0
2016-03-22 13:18:49.175	DEBUG	send_error | 0
2016-03-22 13:18:52.791	DEBUG	send_error | 0
2016-03-22 13:18:55.875	DEBUG	send_error | 0
2016-03-22 13:18:58.984	DEBUG	send_error | 0
2016-03-22 13:19:03.182	DEBUG	send_error | 0
2016-03-22 13:19:06.267	DEBUG	send_error | 0
2016-03-22 13:19:10.369	DEBUG	send_error | 0
2016-03-22 13:19:12.576	DEBUG	send_error | 0
2016-03-22 13:19:14.792	DEBUG	send_error | 0
2016-03-22 13:19:19.333	DEBUG	send_error | 0
2016-03-22 13:19:22.545	DEBUG	send_error | 0
2016-03-22 13:19:26.714	DEBUG	send_error | 0
2016-03-22 13:19:29.895	DEBUG	send_error | 0
2016-03-22 13:19:34.041	DEBUG	send_error | 0
2016-03-22 13:19:36.232	DEBUG	send_error | 0
2016-03-22 13:19:39.354	DEBUG	send_error | 0
2016-03-22 13:19:43.474	DEBUG	send_error | 0
2016-03-22 13:19:46.550	DEBUG	send_error | 0
2016-03-22 13:19:49.646	DEBUG	send_error | 0
2016-03-22 13:19:51.771	DEBUG	send_error | 0
2016-03-22 13:19:56.350	DEBUG	send_error | 0
2016-03-22 13:19:59.554	DEBUG	send_error | 0
2016-03-22 13:20:03.694	DEBUG	send_error | 0
2016-03-22 13:20:06.784	DEBUG	send_error | 0
2016-03-22 13:20:10.900	DEBUG	send_error | 0
2016-03-22 13:20:13.084	DEBUG	send_error | 0
2016-03-22 13:20:17.173	DEBUG	send_error | 0
2016-03-22 13:20:20.262	DEBUG	send_error | 0
2016-03-22 13:20:24.377	DEBUG	send_error | 0
2016-03-22 13:20:27.465	DEBUG	send_error | 0
2016-03-22 13:20:30.590	DEBUG	send_error | 0
2016-03-22 13:20:33.670	DEBUG	send_error | 0
2016-03-22 13:20:37.775	DEBUG	send_error | 0
2016-03-22 13:20:41.871	DEBUG	send_error | 0
2016-03-22 13:20:44.957	DEBUG	send_error | 0
2016-03-22 13:20:49.044	DEBUG	send_error | 0
2016-03-22 13:20:52.150	DEBUG	send_error | 0
2016-03-22 13:20:55.241	DEBUG	send_error | 0
2016-03-22 13:20:59.346	DEBUG	send_error | 0
2016-03-22 13:21:02.443	DEBUG	send_error | 0
2016-03-22 13:21:06.527	DEBUG	send_error | 0
2016-03-22 13:21:09.612	DEBUG	send_error | 0
2016-03-22 13:21:13.729	DEBUG	send_error | 0
2016-03-22 13:21:17.805	DEBUG	send_error | 0
2016-03-22 13:21:22.901	DEBUG	send_error | 0
2016-03-22 13:21:26.983	DEBUG	send_error | 0
2016-03-22 13:21:31.064	DEBUG	send_error | 0
2016-03-22 13:21:35.184	DEBUG	send_error | 0
2016-03-22 13:21:39.327	DEBUG	send_error | 0
2016-03-22 13:21:43.426	DEBUG	send_error | 0
2016-03-22 13:21:47.555	DEBUG	send_error | 0
2016-03-22 13:21:51.681	DEBUG	send_error | 0
2016-03-22 13:21:55.745	DEBUG	send_error | 0
2016-03-22 13:21:59.853	DEBUG	send_error | 0
2016-03-22 13:22:04.989	DEBUG	send_error | 0
2016-03-22 13:22:08.665	DEBUG	send_error | 0
2016-03-22 13:22:13.124	DEBUG	send_error | 0
2016-03-22 13:22:16.312	DEBUG	send_error | 0
2016-03-22 13:22:21.477	DEBUG	send_error | 0
2016-03-22 13:22:25.547	DEBUG	send_error | 0
2016-03-22 13:22:29.617	DEBUG	send_error | 0
2016-03-22 13:22:32.797	DEBUG	send_error | 0
2016-03-22 13:22:36.864	DEBUG	send_error | 0
2016-03-22 13:22:41.937	DEBUG	send_error | 0
2016-03-22 13:22:45.125	DEBUG	send_error | 0
2016-03-22 13:22:48.300	DEBUG	send_error | 0
2016-03-22 13:22:56.883	DEBUG	send_error | 0
2016-03-22 13:22:58.974	DEBUG	send_error | 0
2016-03-22 13:23:03.625	DEBUG	send_error | 0
2016-03-22 13:23:07.694	DEBUG	send_error | 0
2016-03-22 13:23:10.832	DEBUG	send_error | 0
2016-03-22 13:23:14.923	DEBUG	send_error | 0
2016-03-22 13:23:17.990	DEBUG	send_error | 0
2016-03-22 13:23:22.107	DEBUG	send_error | 0
2016-03-22 13:23:26.222	DEBUG	send_error | 0
2016-03-22 13:23:30.326	DEBUG	send_error | 0
2016-03-22 13:23:33.395	DEBUG	send_error | 0
2016-03-22 13:23:37.509	DEBUG	send_error | 0
2016-03-22 13:23:40.617	DEBUG	send_error | 0
2016-03-22 13:23:43.697	DEBUG	send_error | 0
2016-03-22 13:23:46.814	DEBUG	send_error | 0
2016-03-22 13:23:49.910	DEBUG	send_error | 0
2016-03-22 13:23:52.075	DEBUG	send_error | 0
2016-03-22 13:23:55.195	DEBUG	send_error | 0
2016-03-22 13:23:58.305	DEBUG	send_error | 0
2016-03-22 13:24:02.472	DEBUG	send_error | 0
2016-03-22 13:24:05.474	DEBUG	send_error | 0
2016-03-22 13:24:13.653	DEBUG	send_error | 0
2016-03-22 13:24:16.756	DEBUG	send_error | 0
2016-03-22 13:24:19.869	DEBUG	send_error | 0
2016-03-22 13:24:22.158	DEBUG	send_error | 0
2016-03-22 13:24:25.778	DEBUG	send_error | 0
2016-03-22 13:24:28.900	DEBUG	send_error | 0
2016-03-22 13:24:31.044	DEBUG	send_error | 0
2016-03-22 13:24:35.193	DEBUG	send_error | 0
2016-03-22 13:24:38.282	DEBUG	send_error | 0
2016-03-22 13:24:41.389	DEBUG	send_error | 0
2016-03-22 13:24:44.475	DEBUG	send_error | 0
2016-03-22 13:24:47.645	DEBUG	send_error | 0
2016-03-22 13:24:50.800	DEBUG	send_error | 0
2016-03-22 13:24:54.946	DEBUG	send_error | 0
2016-03-22 13:24:58.022	DEBUG	send_error | 0
2016-03-22 13:25:00.144	DEBUG	send_error | 0
2016-03-22 13:25:03.236	DEBUG	send_error | 0
2016-03-22 13:25:07.792	DEBUG	send_error | 0
2016-03-22 13:25:11.024	DEBUG	send_error | 0
2016-03-22 13:25:14.112	DEBUG	send_error | 0
2016-03-22 13:25:16.251	DEBUG	send_error | 0
2016-03-22 13:25:20.381	DEBUG	send_error | 0
2016-03-22 13:25:26.001	DEBUG	send_error | 0
2016-03-22 13:25:29.479	DEBUG	send_error | 0
2016-03-22 13:25:32.589	DEBUG	send_error | 0
2016-03-22 13:25:35.725	DEBUG	send_error | 0
2016-03-22 13:25:39.852	DEBUG	send_error | 0
2016-03-22 13:25:43.060	DEBUG	send_error | 0
2016-03-22 13:25:46.151	DEBUG	send_error | 0
2016-03-22 13:25:49.251	DEBUG	send_error | 0
2016-03-22 13:25:53.398	DEBUG	send_error | 0
2016-03-22 13:25:54.653	DEBUG	send_error | 0
2016-03-22 13:25:58.240	DEBUG	send_error | 0
2016-03-22 13:26:01.344	DEBUG	send_error | 0
2016-03-22 13:26:04.507	DEBUG	send_error | 0
2016-03-22 13:26:07.665	DEBUG	send_error | 0
2016-03-22 13:26:14.075	DEBUG	send_error | 0
2016-03-22 13:26:17.694	DEBUG	send_error | 0
2016-03-22 13:26:20.781	DEBUG	send_error | 0
2016-03-22 13:26:24.908	DEBUG	send_error | 0
2016-03-22 13:26:28.082	DEBUG	send_error | 0
2016-03-22 13:26:32.265	DEBUG	send_error | 0
2016-03-22 13:26:34.417	DEBUG	send_error | 0
2016-03-22 13:26:36.488	DEBUG	send_error | 0
2016-03-22 13:26:39.574	DEBUG	send_error | 0
2016-03-22 13:26:42.870	DEBUG	send_error | 0
2016-03-22 13:26:46.438	DEBUG	send_error | 0
2016-03-22 13:26:49.618	DEBUG	send_error | 0
2016-03-22 13:26:52.769	DEBUG	send_error | 0
2016-03-22 13:26:56.837	DEBUG	send_error | 0
2016-03-22 13:26:59.944	DEBUG	send_error | 0
2016-03-22 13:27:04.062	DEBUG	send_error | 0
2016-03-22 13:27:07.131	DEBUG	send_error | 0
2016-03-22 13:27:10.308	DEBUG	send_error | 0
2016-03-22 13:27:13.480	DEBUG	send_error | 0
2016-03-22 13:27:16.548	DEBUG	send_error | 0
2016-03-22 13:27:20.750	DEBUG	send_error | 0
2016-03-22 13:27:23.822	DEBUG	send_error | 0
2016-03-22 13:27:25.995	DEBUG	send_error | 0
2016-03-22 13:27:30.542	DEBUG	send_error | 0
2016-03-22 13:27:33.765	DEBUG	send_error | 0
2016-03-22 13:27:36.932	DEBUG	send_error | 0
2016-03-22 13:27:39.060	DEBUG	send_error | 0
2016-03-22 13:27:43.236	DEBUG	send_error | 0
2016-03-22 13:27:46.335	DEBUG	send_error | 0
2016-03-22 13:27:49.470	DEBUG	send_error | 0
2016-03-22 13:27:52.599	DEBUG	send_error | 0
2016-03-22 13:27:56.701	DEBUG	send_error | 0
2016-03-22 13:27:58.860	DEBUG	send_error | 0
2016-03-22 13:28:03.441	DEBUG	send_error | 0
2016-03-22 13:28:06.623	DEBUG	send_error | 0
2016-03-22 13:28:09.729	DEBUG	send_error | 0
2016-03-22 13:28:12.800	DEBUG	send_error | 0
2016-03-22 13:28:16.123	DEBUG	send_error | 0
2016-03-22 13:28:20.221	DEBUG	send_error | 0
2016-03-22 13:28:23.274	DEBUG	send_error | 0
2016-03-22 13:28:26.401	DEBUG	send_error | 0
2016-03-22 13:28:29.482	DEBUG	send_error | 0
2016-03-22 13:28:35.883	DEBUG	send_error | 0
2016-03-22 13:28:40.470	DEBUG	send_error | 0
2016-03-22 13:28:43.703	DEBUG	send_error | 0
2016-03-22 13:28:46.774	DEBUG	send_error | 0
2016-03-22 13:28:49.881	DEBUG	send_error | 0
2016-03-22 13:28:52.976	DEBUG	send_error | 0
2016-03-22 13:29:01.321	DEBUG	send_error | 0
2016-03-22 13:29:05.475	DEBUG	send_error | 0
2016-03-22 13:29:07.573	DEBUG	send_error | 0
2016-03-22 13:29:10.697	DEBUG	send_error | 0
2016-03-22 13:29:14.811	DEBUG	send_error | 0
2016-03-22 13:29:17.894	DEBUG	send_error | 0
2016-03-22 13:29:22.016	DEBUG	send_error | 0
2016-03-22 13:29:25.100	DEBUG	send_error | 0
2016-03-22 13:29:28.263	DEBUG	send_error | 0
2016-03-22 13:29:29.461	DEBUG	send_error | 0
2016-03-22 13:29:33.034	DEBUG	send_error | 0
2016-03-22 13:29:36.157	DEBUG	send_error | 0
2016-03-22 13:29:39.330	DEBUG	send_error | 0
2016-03-22 13:29:42.417	DEBUG	send_error | 0
2016-03-22 13:29:45.552	DEBUG	send_error | 0
2016-03-22 13:29:48.639	DEBUG	send_error | 0
2016-03-22 13:29:51.728	DEBUG	send_error | 0
2016-03-22 13:29:54.048	DEBUG	send_error | 0
2016-03-22 13:29:57.696	DEBUG	send_error | 0
2016-03-22 13:29:59.929	DEBUG	send_error | 0
2016-03-22 13:30:02.127	DEBUG	send_error | 0
2016-03-22 13:30:07.239	DEBUG	send_error | 0
2016-03-22 13:30:09.406	DEBUG	send_error | 0
2016-03-22 13:30:12.486	DEBUG	send_error | 0
2016-03-22 13:30:16.969	DEBUG	send_error | 0
2016-03-22 13:30:20.166	DEBUG	send_error | 0
2016-03-22 13:30:24.256	DEBUG	send_error | 0
2016-03-22 13:30:27.390	DEBUG	send_error | 0
2016-03-22 13:30:30.481	DEBUG	send_error | 0
2016-03-22 13:30:32.628	DEBUG	send_error | 0
2016-03-22 13:30:36.690	DEBUG	send_error | 0
2016-03-22 13:30:39.830	DEBUG	send_error | 0
2016-03-22 13:30:43.900	DEBUG	send_error | 0
2016-03-22 13:30:47.021	DEBUG	send_error | 0
2016-03-22 13:30:51.162	DEBUG	send_error | 0
2016-03-22 13:30:55.298	DEBUG	send_error | 0
2016-03-22 13:30:59.379	DEBUG	send_error | 0
2016-03-22 13:31:03.446	DEBUG	send_error | 0
2016-03-22 13:31:07.517	DEBUG	send_error | 0
2016-03-22 13:31:11.578	DEBUG	send_error | 0
2016-03-22 13:31:14.647	DEBUG	send_error | 0
2016-03-22 13:31:17.814	DEBUG	send_error | 0
2016-03-22 13:31:21.886	DEBUG	send_error | 0
2016-03-22 13:31:24.983	DEBUG	send_error | 0
2016-03-22 13:31:28.064	DEBUG	send_error | 0
2016-03-22 13:31:31.207	DEBUG	send_error | 0
2016-03-22 13:31:35.353	DEBUG	send_error | 0
2016-03-22 13:31:37.480	DEBUG	send_error | 0
2016-03-22 13:31:41.559	DEBUG	send_error | 0
2016-03-22 13:31:45.685	DEBUG	send_error | 0
2016-03-22 13:31:48.797	DEBUG	send_error | 0
2016-03-22 13:31:50.919	DEBUG	send_error | 0
2016-03-22 13:31:55.015	DEBUG	send_error | 0
2016-03-22 13:31:58.096	DEBUG	send_error | 0
2016-03-22 13:32:00.365	DEBUG	send_error | 0
2016-03-22 13:32:03.454	DEBUG	send_error | 0
2016-03-22 13:32:08.122	DEBUG	send_error | 0
2016-03-22 13:32:11.326	DEBUG	send_error | 0
2016-03-22 13:32:15.448	DEBUG	send_error | 0
2016-03-22 13:32:19.559	DEBUG	send_error | 0
2016-03-22 13:32:22.678	DEBUG	send_error | 0
2016-03-22 13:32:26.800	DEBUG	send_error | 0
2016-03-22 13:32:29.893	DEBUG	send_error | 0
2016-03-22 13:32:34.000	DEBUG	send_error | 0
2016-03-22 13:32:38.102	DEBUG	send_error | 0
2016-03-22 13:32:41.269	DEBUG	send_error | 0
2016-03-22 13:32:45.408	DEBUG	send_error | 0
2016-03-22 13:32:49.516	DEBUG	send_error | 0
2016-03-22 13:32:52.609	DEBUG	send_error | 0
2016-03-22 13:32:56.811	DEBUG	send_error | 0
2016-03-22 13:32:59.000	DEBUG	send_error | 0
2016-03-22 13:33:03.496	DEBUG	send_error | 0
2016-03-22 13:33:07.621	DEBUG	send_error | 0
2016-03-22 13:33:10.862	DEBUG	send_error | 0
2016-03-22 13:33:14.045	DEBUG	send_error | 0
2016-03-22 13:33:18.137	DEBUG	send_error | 0
2016-03-22 13:33:21.225	DEBUG	send_error | 0
2016-03-22 13:33:25.321	DEBUG	send_error | 0
2016-03-22 13:33:28.422	DEBUG	send_error | 0
2016-03-22 13:36:59.755	ERROR	EAccessViolation sql send select, с сообщением: Access violation at address 0065D763 in module 'ArmWeightBlooming1.exe'. Read of address 0000004D
2016-03-22 13:40:54.902	ERROR	EAccessViolation9, с сообщением: Access violation at address 0065CC3C in module 'ArmWeightBlooming1.exe'. Read of address 0000003E
